۲۰۲۵-۰۵-۲۱T۱۱:۱۳:۲۴.۵۱۰+0330 [INFO] [org.gradle.launcher.daemon.server.exec.LogToClient] The client will now receive all logging from the daemon (pid: 11136). The daemon log file: C:\Users\R-s\.gradle\daemon\7.3.3\daemon-11136.out.log
۲۰۲۵-۰۵-۲۱T۱۱:۱۳:۲۴.۵۱۱+0330 [INFO] [org.gradle.launcher.daemon.server.exec.LogAndCheckHealth] Starting 2nd build in daemon [uptime: 40.796 secs, performance: 100%, non-heap usage: 17% of 256 MiB]
۲۰۲۵-۰۵-۲۱T۱۱:۱۳:۲۴.۵۱۲+0330 [DEBUG] [org.gradle.launcher.daemon.server.exec.ExecuteBuild] The daemon has started executing the build.
۲۰۲۵-۰۵-۲۱T۱۱:۱۳:۲۴.۵۱۲+0330 [DEBUG] [org.gradle.launcher.daemon.server.exec.ExecuteBuild] Executing build with daemon context: DefaultDaemonContext[uid=062710ed-9e42-4e10-82fa-641bbc12eeac,javaHome=C:\Program Files\Android\Android Studio\jbr,daemonRegistryDir=C:\Users\R-s\.gradle\daemon,pid=11136,idleTimeout=10800000,priority=NORMAL,daemonOpts=--add-opens,java.base/java.util=ALL-UNNAMED,--add-opens,java.base/java.lang=ALL-UNNAMED,--add-opens,java.base/java.lang.invoke=ALL-UNNAMED,--add-opens,java.base/java.util=ALL-UNNAMED,--add-opens,java.prefs/java.util.prefs=ALL-UNNAMED,--add-opens,java.prefs/java.util.prefs=ALL-UNNAMED,--add-opens,java.base/java.nio.charset=ALL-UNNAMED,--add-opens,java.base/java.net=ALL-UNNAMED,--add-opens,java.base/java.util.concurrent.atomic=ALL-UNNAMED,-XX:MaxMetaspaceSize=256m,-XX:+HeapDumpOnOutOfMemoryError,-Xms256m,-Xmx512m,-Dfile.encoding=UTF-8,-Duser.country=US,-Duser.language=en,-Duser.variant]
۲۰۲۵-۰۵-۲۱T۱۱:۱۳:۲۴.۵۱۶+0330 [INFO] [org.gradle.internal.work.DefaultWorkerLeaseService] Using 4 worker leases.
۲۰۲۵-۰۵-۲۱T۱۱:۱۳:۲۴.۵۱۸+0330 [DEBUG] [org.gradle.internal.work.DefaultWorkerLeaseService] Worker lease root.1 started (1 worker(s) in use).
۲۰۲۵-۰۵-۲۱T۱۱:۱۳:۲۴.۵۱۸+0330 [DEBUG] [org.gradle.internal.resources.AbstractTrackedResourceLock] Daemon worker: acquired lock on root.1
۲۰۲۵-۰۵-۲۱T۱۱:۱۳:۲۴.۵۱۹+0330 [DEBUG] [org.gradle.internal.operations.DefaultBuildOperationRunner] Build operation 'Run build' started
۲۰۲۵-۰۵-۲۱T۱۱:۱۳:۲۴.۵۲۷+0330 [DEBUG] [org.gradle.cache.internal.DefaultCacheAccess] Creating new cache for fileHashes, path C:\Users\R-s\StudioProjects\HiddifyAndroidRefactor\.gradle\7.3.3\fileHashes\fileHashes.bin, access org.gradle.cache.internal.DefaultCacheAccess@7e01ec54
۲۰۲۵-۰۵-۲۱T۱۱:۱۳:۲۴.۵۲۸+0330 [DEBUG] [org.gradle.cache.internal.LockOnDemandCrossProcessCacheAccess] Acquiring file lock for file hash cache (C:\Users\R-s\StudioProjects\HiddifyAndroidRefactor\.gradle\7.3.3\fileHashes)
۲۰۲۵-۰۵-۲۱T۱۱:۱۳:۲۴.۵۳۰+0330 [DEBUG] [org.gradle.cache.internal.DefaultFileLockManager] Waiting to acquire exclusive lock on file hash cache (C:\Users\R-s\StudioProjects\HiddifyAndroidRefactor\.gradle\7.3.3\fileHashes).
۲۰۲۵-۰۵-۲۱T۱۱:۱۳:۲۴.۵۳۱+0330 [DEBUG] [org.gradle.cache.internal.DefaultFileLockManager] Lock acquired on file hash cache (C:\Users\R-s\StudioProjects\HiddifyAndroidRefactor\.gradle\7.3.3\fileHashes).
۲۰۲۵-۰۵-۲۱T۱۱:۱۳:۲۴.۵۳۸+0330 [INFO] [org.gradle.internal.watch.registry.impl.WatchableHierarchies] Now considering [C:\Users\R-s\StudioProjects\HiddifyAndroidRefactor] as hierarchies to watch
۲۰۲۵-۰۵-۲۱T۱۱:۱۳:۲۴.۵۴۳+0330 [INFO] [org.gradle.tooling.internal.provider.FileSystemWatchingBuildActionRunner] Watching the file system is configured to be enabled if available
۲۰۲۵-۰۵-۲۱T۱۱:۱۳:۲۴.۵۴۴+0330 [DEBUG] [org.gradle.internal.operations.DefaultBuildOperationRunner] Build operation 'Build started for file system watching' started
۲۰۲۵-۰۵-۲۱T۱۱:۱۳:۲۴.۵۴۵+0330 [DEBUG] [org.gradle.internal.watch.vfs.impl.DefaultWatchableFileSystemDetector] Detected NTFS: C:\ from \Device\HarddiskVolume4 (remote: false)
۲۰۲۵-۰۵-۲۱T۱۱:۱۳:۲۴.۵۴۶+0330 [DEBUG] [org.gradle.internal.watch.vfs.impl.DefaultWatchableFileSystemDetector] Detected NTFS: D:\ from \Device\HarddiskVolume3 (remote: false)
۲۰۲۵-۰۵-۲۱T۱۱:۱۳:۲۴.۵۴۶+0330 [DEBUG] [org.gradle.internal.operations.DefaultBuildOperationRunner] Completing Build operation 'Build started for file system watching'
۲۰۲۵-۰۵-۲۱T۱۱:۱۳:۲۴.۵۴۷+0330 [DEBUG] [org.gradle.internal.operations.DefaultBuildOperationRunner] Build operation 'Build started for file system watching' completed
۲۰۲۵-۰۵-۲۱T۱۱:۱۳:۲۴.۵۴۷+0330 [INFO] [org.gradle.tooling.internal.provider.FileSystemWatchingBuildActionRunner] File system watching is active
۲۰۲۵-۰۵-۲۱T۱۱:۱۳:۲۴.۵۵۹+0330 [DEBUG] [org.gradle.internal.operations.DefaultBuildOperationRunner] Build operation 'Build model 'org.gradle.tooling.model.gradle.GradleBuild' for build ':'' started
۲۰۲۵-۰۵-۲۱T۱۱:۱۳:۲۴.۵۶۰+0330 [DEBUG] [org.gradle.internal.operations.DefaultBuildOperationRunner] Build operation 'Load build' started
۲۰۲۵-۰۵-۲۱T۱۱:۱۳:۲۴.۵۶۱+0330 [DEBUG] [org.gradle.initialization.DefaultGradlePropertiesLoader] Found env project properties: []
۲۰۲۵-۰۵-۲۱T۱۱:۱۳:۲۴.۵۶۲+0330 [DEBUG] [org.gradle.initialization.DefaultGradlePropertiesLoader] Found system project properties: []
۲۰۲۵-۰۵-۲۱T۱۱:۱۳:۲۴.۵۶۳+0330 [DEBUG] [org.gradle.internal.operations.DefaultBuildOperationRunner] Build operation 'Run init scripts' started
۲۰۲۵-۰۵-۲۱T۱۱:۱۳:۲۴.۵۶۵+0330 [DEBUG] [org.gradle.cache.internal.DefaultCacheAccess] Creating new cache for workingDirs, path C:\Users\R-s\StudioProjects\HiddifyAndroidRefactor\.gradle\7.3.3\vcsMetadata\workingDirs.bin, access org.gradle.cache.internal.DefaultCacheAccess@75a78814
۲۰۲۵-۰۵-۲۱T۱۱:۱۳:۲۴.۵۶۷+0330 [DEBUG] [org.gradle.cache.internal.DefaultCacheAccess] Creating new cache for md5-checksums, path C:\Users\R-s\StudioProjects\HiddifyAndroidRefactor\.gradle\7.3.3\checksums\md5-checksums.bin, access org.gradle.cache.internal.DefaultCacheAccess@68f402df
۲۰۲۵-۰۵-۲۱T۱۱:۱۳:۲۴.۵۶۸+0330 [DEBUG] [org.gradle.cache.internal.LockOnDemandCrossProcessCacheAccess] Acquiring file lock for checksums cache (C:\Users\R-s\StudioProjects\HiddifyAndroidRefactor\.gradle\7.3.3\checksums)
۲۰۲۵-۰۵-۲۱T۱۱:۱۳:۲۴.۵۷۰+0330 [DEBUG] [org.gradle.cache.internal.DefaultFileLockManager] Waiting to acquire exclusive lock on checksums cache (C:\Users\R-s\StudioProjects\HiddifyAndroidRefactor\.gradle\7.3.3\checksums).
۲۰۲۵-۰۵-۲۱T۱۱:۱۳:۲۴.۵۷۱+0330 [DEBUG] [org.gradle.cache.internal.DefaultFileLockManager] Lock acquired on checksums cache (C:\Users\R-s\StudioProjects\HiddifyAndroidRefactor\.gradle\7.3.3\checksums).
۲۰۲۵-۰۵-۲۱T۱۱:۱۳:۲۴.۵۷۱+0330 [DEBUG] [org.gradle.cache.internal.DefaultCacheAccess] Creating new cache for sha1-checksums, path C:\Users\R-s\StudioProjects\HiddifyAndroidRefactor\.gradle\7.3.3\checksums\sha1-checksums.bin, access org.gradle.cache.internal.DefaultCacheAccess@68f402df
۲۰۲۵-۰۵-۲۱T۱۱:۱۳:۲۴.۵۷۲+0330 [DEBUG] [org.gradle.cache.internal.DefaultCacheAccess] Creating new cache for sha256-checksums, path C:\Users\R-s\StudioProjects\HiddifyAndroidRefactor\.gradle\7.3.3\checksums\sha256-checksums.bin, access org.gradle.cache.internal.DefaultCacheAccess@68f402df
۲۰۲۵-۰۵-۲۱T۱۱:۱۳:۲۴.۵۷۲+0330 [DEBUG] [org.gradle.cache.internal.DefaultCacheAccess] Creating new cache for sha512-checksums, path C:\Users\R-s\StudioProjects\HiddifyAndroidRefactor\.gradle\7.3.3\checksums\sha512-checksums.bin, access org.gradle.cache.internal.DefaultCacheAccess@68f402df
۲۰۲۵-۰۵-۲۱T۱۱:۱۳:۲۴.۵۷۵+0330 [DEBUG] [org.gradle.cache.internal.DefaultCacheAccess] Creating new cache for md-supplier, path C:\Users\R-s\.gradle\caches\7.3.3\md-supplier\md-supplier.bin, access org.gradle.cache.internal.DefaultCacheAccess@746091f6
۲۰۲۵-۰۵-۲۱T۱۱:۱۳:۲۴.۵۷۵+0330 [DEBUG] [org.gradle.cache.internal.LockOnDemandCrossProcessCacheAccess] Acquiring file lock for cache directory md-supplier (C:\Users\R-s\.gradle\caches\7.3.3\md-supplier)
۲۰۲۵-۰۵-۲۱T۱۱:۱۳:۲۴.۵۷۸+0330 [DEBUG] [org.gradle.cache.internal.DefaultFileLockManager] Waiting to acquire exclusive lock on cache directory md-supplier (C:\Users\R-s\.gradle\caches\7.3.3\md-supplier).
۲۰۲۵-۰۵-۲۱T۱۱:۱۳:۲۴.۵۸۱+0330 [DEBUG] [org.gradle.cache.internal.DefaultFileLockManager] Lock acquired on cache directory md-supplier (C:\Users\R-s\.gradle\caches\7.3.3\md-supplier).
۲۰۲۵-۰۵-۲۱T۱۱:۱۳:۲۴.۵۸۵+0330 [DEBUG] [org.gradle.api.internal.artifacts.mvnsettings.DefaultLocalMavenRepositoryLocator] No local repository in Settings file defined. Using default path: C:\Users\R-s\.m2\repository
۲۰۲۵-۰۵-۲۱T۱۱:۱۳:۲۴.۵۸۶+0330 [DEBUG] [org.gradle.cache.internal.DefaultCacheAccess] Creating new cache for md-rule, path C:\Users\R-s\.gradle\caches\7.3.3\md-rule\md-rule.bin, access org.gradle.cache.internal.DefaultCacheAccess@f7c5085
۲۰۲۵-۰۵-۲۱T۱۱:۱۳:۲۴.۵۸۷+0330 [DEBUG] [org.gradle.cache.internal.LockOnDemandCrossProcessCacheAccess] Acquiring file lock for cache directory md-rule (C:\Users\R-s\.gradle\caches\7.3.3\md-rule)
۲۰۲۵-۰۵-۲۱T۱۱:۱۳:۲۴.۵۸۸+0330 [DEBUG] [org.gradle.cache.internal.DefaultFileLockManager] Waiting to acquire exclusive lock on cache directory md-rule (C:\Users\R-s\.gradle\caches\7.3.3\md-rule).
۲۰۲۵-۰۵-۲۱T۱۱:۱۳:۲۴.۵۸۹+0330 [DEBUG] [org.gradle.cache.internal.DefaultFileLockManager] Lock acquired on cache directory md-rule (C:\Users\R-s\.gradle\caches\7.3.3\md-rule).
۲۰۲۵-۰۵-۲۱T۱۱:۱۳:۲۴.۵۹۰+0330 [DEBUG] [org.gradle.cache.internal.DefaultCacheAccess] Creating new cache for resourceHashesCache, path C:\Users\R-s\StudioProjects\HiddifyAndroidRefactor\.gradle\7.3.3\fileHashes\resourceHashesCache.bin, access org.gradle.cache.internal.DefaultCacheAccess@7e01ec54
۲۰۲۵-۰۵-۲۱T۱۱:۱۳:۲۴.۵۹۲+0330 [DEBUG] [org.gradle.internal.locking.LockFileReaderWriter] Lockfiles root: C:\Users\R-s\StudioProjects\HiddifyAndroidRefactor\gradle\dependency-locks
۲۰۲۵-۰۵-۲۱T۱۱:۱۳:۲۴.۵۹۷+0330 [DEBUG] [org.gradle.internal.operations.DefaultBuildOperationRunner] Build operation 'Apply initialization script 'C:\Users\R-s\AppData\Local\Temp\ijMapper1.gradle' to build' started
۲۰۲۵-۰۵-۲۱T۱۱:۱۳:۲۴.۶۰۵+0330 [DEBUG] [org.gradle.cache.internal.DefaultFileLockManager] Waiting to acquire shared lock on init generic class cache for initialization script 'C:\Users\R-s\AppData\Local\Temp\ijMapper1.gradle' (C:\Users\R-s\.gradle\caches\7.3.3\scripts\ancn2fe4vuwlhyw1f9m7b1tju).
۲۰۲۵-۰۵-۲۱T۱۱:۱۳:۲۴.۶۰۶+0330 [DEBUG] [org.gradle.cache.internal.DefaultFileLockManager] Lock acquired on init generic class cache for initialization script 'C:\Users\R-s\AppData\Local\Temp\ijMapper1.gradle' (C:\Users\R-s\.gradle\caches\7.3.3\scripts\ancn2fe4vuwlhyw1f9m7b1tju).
۲۰۲۵-۰۵-۲۱T۱۱:۱۳:۲۴.۶۰۶+0330 [DEBUG] [org.gradle.cache.internal.DefaultFileLockManager] Releasing lock on init generic class cache for initialization script 'C:\Users\R-s\AppData\Local\Temp\ijMapper1.gradle' (C:\Users\R-s\.gradle\caches\7.3.3\scripts\ancn2fe4vuwlhyw1f9m7b1tju).
۲۰۲۵-۰۵-۲۱T۱۱:۱۳:۲۴.۶۰۷+0330 [DEBUG] [org.gradle.cache.internal.DefaultFileLockManager] Waiting to acquire exclusive lock on init generic class cache for initialization script 'C:\Users\R-s\AppData\Local\Temp\ijMapper1.gradle' (C:\Users\R-s\.gradle\caches\7.3.3\scripts\ancn2fe4vuwlhyw1f9m7b1tju).
۲۰۲۵-۰۵-۲۱T۱۱:۱۳:۲۴.۶۰۹+0330 [DEBUG] [org.gradle.cache.internal.DefaultFileLockManager] Lock acquired on init generic class cache for initialization script 'C:\Users\R-s\AppData\Local\Temp\ijMapper1.gradle' (C:\Users\R-s\.gradle\caches\7.3.3\scripts\ancn2fe4vuwlhyw1f9m7b1tju).
۲۰۲۵-۰۵-۲۱T۱۱:۱۳:۲۴.۶۱۰+0330 [DEBUG] [org.gradle.internal.operations.DefaultBuildOperationRunner] Build operation 'Compile initialization script 'C:\Users\R-s\AppData\Local\Temp\ijMapper1.gradle' (BODY)' started
۲۰۲۵-۰۵-۲۱T۱۱:۱۳:۲۴.۶۱۱+0330 [INFO] [org.gradle.groovy.scripts.internal.DefaultScriptCompilationHandler] Compiling initialization script 'C:\Users\R-s\AppData\Local\Temp\ijMapper1.gradle' using BuildScriptTransformer.
۲۰۲۵-۰۵-۲۱T۱۱:۱۳:۲۴.۶۳۰+0330 [DEBUG] [org.gradle.internal.file.impl.DefaultDeleter] Deleting C:\Users\R-s\.gradle\caches\7.3.3\scripts\ancn2fe4vuwlhyw1f9m7b1tju\init
۲۰۲۵-۰۵-۲۱T۱۱:۱۳:۲۴.۶۳۱+0330 [DEBUG] [org.gradle.internal.operations.DefaultBuildOperationRunner] Completing Build operation 'Compile initialization script 'C:\Users\R-s\AppData\Local\Temp\ijMapper1.gradle' (BODY)'
۲۰۲۵-۰۵-۲۱T۱۱:۱۳:۲۴.۶۳۱+0330 [DEBUG] [org.gradle.internal.operations.DefaultBuildOperationRunner] Build operation 'Compile initialization script 'C:\Users\R-s\AppData\Local\Temp\ijMapper1.gradle' (BODY)' completed
۲۰۲۵-۰۵-۲۱T۱۱:۱۳:۲۴.۶۳۲+0330 [DEBUG] [org.gradle.cache.internal.DefaultFileLockManager] Releasing lock on init generic class cache for initialization script 'C:\Users\R-s\AppData\Local\Temp\ijMapper1.gradle' (C:\Users\R-s\.gradle\caches\7.3.3\scripts\ancn2fe4vuwlhyw1f9m7b1tju).
۲۰۲۵-۰۵-۲۱T۱۱:۱۳:۲۴.۶۳۴+0330 [DEBUG] [org.gradle.internal.operations.DefaultBuildOperationRunner] Completing Build operation 'Apply initialization script 'C:\Users\R-s\AppData\Local\Temp\ijMapper1.gradle' to build'
۲۰۲۵-۰۵-۲۱T۱۱:۱۳:۲۴.۶۳۴+0330 [DEBUG] [org.gradle.internal.operations.DefaultBuildOperationRunner] Build operation 'Apply initialization script 'C:\Users\R-s\AppData\Local\Temp\ijMapper1.gradle' to build' completed
۲۰۲۵-۰۵-۲۱T۱۱:۱۳:۲۴.۶۳۴+0330 [DEBUG] [org.gradle.internal.operations.DefaultBuildOperationRunner] Completing Build operation 'Run init scripts'
۲۰۲۵-۰۵-۲۱T۱۱:۱۳:۲۴.۶۳۵+0330 [DEBUG] [org.gradle.internal.operations.DefaultBuildOperationRunner] Build operation 'Run init scripts' completed
۲۰۲۵-۰۵-۲۱T۱۱:۱۳:۲۴.۶۳۵+0330 [DEBUG] [org.gradle.internal.operations.DefaultBuildOperationRunner] Completing Build operation 'Load build'
۲۰۲۵-۰۵-۲۱T۱۱:۱۳:۲۴.۶۳۵+0330 [DEBUG] [org.gradle.internal.operations.DefaultBuildOperationRunner] Build operation 'Load build' completed
۲۰۲۵-۰۵-۲۱T۱۱:۱۳:۲۴.۶۳۶+0330 [DEBUG] [org.gradle.internal.operations.DefaultBuildOperationRunner] Completing Build operation 'Build model 'org.gradle.tooling.model.gradle.GradleBuild' for build ':''
۲۰۲۵-۰۵-۲۱T۱۱:۱۳:۲۴.۶۳۶+0330 [DEBUG] [org.gradle.internal.operations.DefaultBuildOperationRunner] Build operation 'Build model 'org.gradle.tooling.model.gradle.GradleBuild' for build ':'' completed
۲۰۲۵-۰۵-۲۱T۱۱:۱۳:۲۴.۶۴۱+0330 [ERROR] [org.gradle.internal.buildevents.BuildExceptionReporter] 
۲۰۲۵-۰۵-۲۱T۱۱:۱۳:۲۴.۶۴۱+0330 [ERROR] [org.gradle.internal.buildevents.BuildExceptionReporter] FAILURE: Build failed with an exception.
۲۰۲۵-۰۵-۲۱T۱۱:۱۳:۲۴.۶۴۲+0330 [ERROR] [org.gradle.internal.buildevents.BuildExceptionReporter] 
۲۰۲۵-۰۵-۲۱T۱۱:۱۳:۲۴.۶۴۲+0330 [ERROR] [org.gradle.internal.buildevents.BuildExceptionReporter] * Where:
۲۰۲۵-۰۵-۲۱T۱۱:۱۳:۲۴.۶۴۲+0330 [ERROR] [org.gradle.internal.buildevents.BuildExceptionReporter] Initialization script 'C:\Users\R-s\AppData\Local\Temp\ijMapper1.gradle'
۲۰۲۵-۰۵-۲۱T۱۱:۱۳:۲۴.۶۴۲+0330 [ERROR] [org.gradle.internal.buildevents.BuildExceptionReporter] 
۲۰۲۵-۰۵-۲۱T۱۱:۱۳:۲۴.۶۴۲+0330 [ERROR] [org.gradle.internal.buildevents.BuildExceptionReporter] * What went wrong:
۲۰۲۵-۰۵-۲۱T۱۱:۱۳:۲۴.۶۴۲+0330 [ERROR] [org.gradle.internal.buildevents.BuildExceptionReporter] Could not compile initialization script 'C:\Users\R-s\AppData\Local\Temp\ijMapper1.gradle'.
۲۰۲۵-۰۵-۲۱T۱۱:۱۳:۲۴.۶۴۲+0330 [ERROR] [org.gradle.internal.buildevents.BuildExceptionReporter] > startup failed:
۲۰۲۵-۰۵-۲۱T۱۱:۱۳:۲۴.۶۴۳+0330 [ERROR] [org.gradle.internal.buildevents.BuildExceptionReporter]   General error during conversion: Unsupported class file major version 65
۲۰۲۵-۰۵-۲۱T۱۱:۱۳:۲۴.۶۴۳+0330 [ERROR] [org.gradle.internal.buildevents.BuildExceptionReporter]   
۲۰۲۵-۰۵-۲۱T۱۱:۱۳:۲۴.۶۴۳+0330 [ERROR] [org.gradle.internal.buildevents.BuildExceptionReporter]   java.lang.IllegalArgumentException: Unsupported class file major version 65
۲۰۲۵-۰۵-۲۱T۱۱:۱۳:۲۴.۶۴۳+0330 [ERROR] [org.gradle.internal.buildevents.BuildExceptionReporter]   	at groovyjarjarasm.asm.ClassReader.<init>(ClassReader.java:199)
۲۰۲۵-۰۵-۲۱T۱۱:۱۳:۲۴.۶۴۵+0330 [ERROR] [org.gradle.internal.buildevents.BuildExceptionReporter]   	at groovyjarjarasm.asm.ClassReader.<init>(ClassReader.java:180)
۲۰۲۵-۰۵-۲۱T۱۱:۱۳:۲۴.۶۴۵+0330 [ERROR] [org.gradle.internal.buildevents.BuildExceptionReporter]   	at groovyjarjarasm.asm.ClassReader.<init>(ClassReader.java:166)
۲۰۲۵-۰۵-۲۱T۱۱:۱۳:۲۴.۶۴۵+0330 [ERROR] [org.gradle.internal.buildevents.BuildExceptionReporter]   	at groovyjarjarasm.asm.ClassReader.<init>(ClassReader.java:287)
۲۰۲۵-۰۵-۲۱T۱۱:۱۳:۲۴.۶۴۵+0330 [ERROR] [org.gradle.internal.buildevents.BuildExceptionReporter]   	at org.codehaus.groovy.ast.decompiled.AsmDecompiler.parseClass(AsmDecompiler.java:81)
۲۰۲۵-۰۵-۲۱T۱۱:۱۳:۲۴.۶۴۵+0330 [ERROR] [org.gradle.internal.buildevents.BuildExceptionReporter]   	at org.codehaus.groovy.control.ClassNodeResolver.findDecompiled(ClassNodeResolver.java:251)
۲۰۲۵-۰۵-۲۱T۱۱:۱۳:۲۴.۶۴۵+0330 [ERROR] [org.gradle.internal.buildevents.BuildExceptionReporter]   	at org.codehaus.groovy.control.ClassNodeResolver.tryAsLoaderClassOrScript(ClassNodeResolver.java:189)
۲۰۲۵-۰۵-۲۱T۱۱:۱۳:۲۴.۶۴۵+0330 [ERROR] [org.gradle.internal.buildevents.BuildExceptionReporter]   	at org.codehaus.groovy.control.ClassNodeResolver.findClassNode(ClassNodeResolver.java:169)
۲۰۲۵-۰۵-۲۱T۱۱:۱۳:۲۴.۶۴۵+0330 [ERROR] [org.gradle.internal.buildevents.BuildExceptionReporter]   	at org.codehaus.groovy.control.ClassNodeResolver.resolveName(ClassNodeResolver.java:125)
۲۰۲۵-۰۵-۲۱T۱۱:۱۳:۲۴.۶۴۵+0330 [ERROR] [org.gradle.internal.buildevents.BuildExceptionReporter]   	at org.codehaus.groovy.ast.decompiled.AsmReferenceResolver.resolveClassNullable(AsmReferenceResolver.java:57)
۲۰۲۵-۰۵-۲۱T۱۱:۱۳:۲۴.۶۴۵+0330 [ERROR] [org.gradle.internal.buildevents.BuildExceptionReporter]   	at org.codehaus.groovy.ast.decompiled.AsmReferenceResolver.resolveClass(AsmReferenceResolver.java:44)
۲۰۲۵-۰۵-۲۱T۱۱:۱۳:۲۴.۶۴۶+0330 [ERROR] [org.gradle.internal.buildevents.BuildExceptionReporter]   	at org.codehaus.groovy.ast.decompiled.AsmReferenceResolver.resolveNonArrayType(AsmReferenceResolver.java:79)
۲۰۲۵-۰۵-۲۱T۱۱:۱۳:۲۴.۶۴۶+0330 [ERROR] [org.gradle.internal.buildevents.BuildExceptionReporter]   	at org.codehaus.groovy.ast.decompiled.AsmReferenceResolver.resolveType(AsmReferenceResolver.java:70)
۲۰۲۵-۰۵-۲۱T۱۱:۱۳:۲۴.۶۴۶+0330 [ERROR] [org.gradle.internal.buildevents.BuildExceptionReporter]   	at org.codehaus.groovy.ast.decompiled.MemberSignatureParser.createMethodNode(MemberSignatureParser.java:58)
۲۰۲۵-۰۵-۲۱T۱۱:۱۳:۲۴.۶۴۶+0330 [ERROR] [org.gradle.internal.buildevents.BuildExceptionReporter]   	at org.codehaus.groovy.ast.decompiled.DecompiledClassNode.lambda$createMethodNode$1(DecompiledClassNode.java:230)
۲۰۲۵-۰۵-۲۱T۱۱:۱۳:۲۴.۶۴۷+0330 [ERROR] [org.gradle.internal.buildevents.BuildExceptionReporter]   	at org.codehaus.groovy.ast.decompiled.DecompiledClassNode.createMethodNode(DecompiledClassNode.java:236)
۲۰۲۵-۰۵-۲۱T۱۱:۱۳:۲۴.۶۴۷+0330 [ERROR] [org.gradle.internal.buildevents.BuildExceptionReporter]   	at org.codehaus.groovy.ast.decompiled.DecompiledClassNode.lazyInitMembers(DecompiledClassNode.java:203)
۲۰۲۵-۰۵-۲۱T۱۱:۱۳:۲۴.۶۴۷+0330 [ERROR] [org.gradle.internal.buildevents.BuildExceptionReporter]   	at org.codehaus.groovy.ast.decompiled.DecompiledClassNode.getDeclaredMethods(DecompiledClassNode.java:122)
۲۰۲۵-۰۵-۲۱T۱۱:۱۳:۲۴.۶۴۷+0330 [ERROR] [org.gradle.internal.buildevents.BuildExceptionReporter]   	at org.codehaus.groovy.ast.ClassNode.tryFindPossibleMethod(ClassNode.java:1283)
۲۰۲۵-۰۵-۲۱T۱۱:۱۳:۲۴.۶۴۷+0330 [ERROR] [org.gradle.internal.buildevents.BuildExceptionReporter]   	at org.codehaus.groovy.control.StaticImportVisitor.transformMethodCallExpression(StaticImportVisitor.java:251)
۲۰۲۵-۰۵-۲۱T۱۱:۱۳:۲۴.۶۴۷+0330 [ERROR] [org.gradle.internal.buildevents.BuildExceptionReporter]   	at org.codehaus.groovy.control.StaticImportVisitor.transform(StaticImportVisitor.java:133)
۲۰۲۵-۰۵-۲۱T۱۱:۱۳:۲۴.۶۴۷+0330 [ERROR] [org.gradle.internal.buildevents.BuildExceptionReporter]   	at org.codehaus.groovy.ast.ClassCodeExpressionTransformer.visitExpressionStatement(ClassCodeExpressionTransformer.java:108)
۲۰۲۵-۰۵-۲۱T۱۱:۱۳:۲۴.۶۴۷+0330 [ERROR] [org.gradle.internal.buildevents.BuildExceptionReporter]   	at org.codehaus.groovy.ast.stmt.ExpressionStatement.visit(ExpressionStatement.java:40)
۲۰۲۵-۰۵-۲۱T۱۱:۱۳:۲۴.۶۴۸+0330 [ERROR] [org.gradle.internal.buildevents.BuildExceptionReporter]   	at org.codehaus.groovy.ast.ClassCodeVisitorSupport.visitClassCodeContainer(ClassCodeVisitorSupport.java:138)
۲۰۲۵-۰۵-۲۱T۱۱:۱۳:۲۴.۶۴۸+0330 [ERROR] [org.gradle.internal.buildevents.BuildExceptionReporter]   	at org.codehaus.groovy.ast.ClassCodeVisitorSupport.visitConstructorOrMethod(ClassCodeVisitorSupport.java:111)
۲۰۲۵-۰۵-۲۱T۱۱:۱۳:۲۴.۶۴۸+0330 [ERROR] [org.gradle.internal.buildevents.BuildExceptionReporter]   	at org.codehaus.groovy.ast.ClassCodeExpressionTransformer.visitConstructorOrMethod(ClassCodeExpressionTransformer.java:66)
۲۰۲۵-۰۵-۲۱T۱۱:۱۳:۲۴.۶۴۸+0330 [ERROR] [org.gradle.internal.buildevents.BuildExceptionReporter]   	at org.codehaus.groovy.control.StaticImportVisitor.visitConstructorOrMethod(StaticImportVisitor.java:108)
۲۰۲۵-۰۵-۲۱T۱۱:۱۳:۲۴.۶۴۸+0330 [ERROR] [org.gradle.internal.buildevents.BuildExceptionReporter]   	at org.codehaus.groovy.ast.ClassCodeVisitorSupport.visitConstructor(ClassCodeVisitorSupport.java:101)
۲۰۲۵-۰۵-۲۱T۱۱:۱۳:۲۴.۶۴۸+0330 [ERROR] [org.gradle.internal.buildevents.BuildExceptionReporter]   	at org.codehaus.groovy.ast.ClassNode.visitContents(ClassNode.java:1089)
۲۰۲۵-۰۵-۲۱T۱۱:۱۳:۲۴.۶۴۸+0330 [ERROR] [org.gradle.internal.buildevents.BuildExceptionReporter]   	at org.codehaus.groovy.ast.ClassCodeVisitorSupport.visitClass(ClassCodeVisitorSupport.java:52)
۲۰۲۵-۰۵-۲۱T۱۱:۱۳:۲۴.۶۴۸+0330 [ERROR] [org.gradle.internal.buildevents.BuildExceptionReporter]   	at org.codehaus.groovy.control.CompilationUnit.lambda$addPhaseOperations$3(CompilationUnit.java:209)
۲۰۲۵-۰۵-۲۱T۱۱:۱۳:۲۴.۶۴۸+0330 [ERROR] [org.gradle.internal.buildevents.BuildExceptionReporter]   	at org.codehaus.groovy.control.CompilationUnit$IPrimaryClassNodeOperation.doPhaseOperation(CompilationUnit.java:942)
۲۰۲۵-۰۵-۲۱T۱۱:۱۳:۲۴.۶۴۹+0330 [ERROR] [org.gradle.internal.buildevents.BuildExceptionReporter]   	at org.codehaus.groovy.control.CompilationUnit.processPhaseOperations(CompilationUnit.java:671)
۲۰۲۵-۰۵-۲۱T۱۱:۱۳:۲۴.۶۴۹+0330 [ERROR] [org.gradle.internal.buildevents.BuildExceptionReporter]   	at org.codehaus.groovy.control.CompilationUnit.compile(CompilationUnit.java:635)
۲۰۲۵-۰۵-۲۱T۱۱:۱۳:۲۴.۶۵۰+0330 [ERROR] [org.gradle.internal.buildevents.BuildExceptionReporter]   	at groovy.lang.GroovyClassLoader.doParseClass(GroovyClassLoader.java:389)
۲۰۲۵-۰۵-۲۱T۱۱:۱۳:۲۴.۶۵۰+0330 [ERROR] [org.gradle.internal.buildevents.BuildExceptionReporter]   	at groovy.lang.GroovyClassLoader.lambda$parseClass$3(GroovyClassLoader.java:332)
۲۰۲۵-۰۵-۲۱T۱۱:۱۳:۲۴.۶۵۰+0330 [ERROR] [org.gradle.internal.buildevents.BuildExceptionReporter]   	at org.codehaus.groovy.runtime.memoize.StampedCommonCache.compute(StampedCommonCache.java:163)
۲۰۲۵-۰۵-۲۱T۱۱:۱۳:۲۴.۶۵۰+0330 [ERROR] [org.gradle.internal.buildevents.BuildExceptionReporter]   	at org.codehaus.groovy.runtime.memoize.StampedCommonCache.getAndPut(StampedCommonCache.java:154)
۲۰۲۵-۰۵-۲۱T۱۱:۱۳:۲۴.۶۵۰+0330 [ERROR] [org.gradle.internal.buildevents.BuildExceptionReporter]   	at groovy.lang.GroovyClassLoader.parseClass(GroovyClassLoader.java:330)
۲۰۲۵-۰۵-۲۱T۱۱:۱۳:۲۴.۶۵۰+0330 [ERROR] [org.gradle.internal.buildevents.BuildExceptionReporter]   	at org.gradle.groovy.scripts.internal.DefaultScriptCompilationHandler.compileScript(DefaultScriptCompilationHandler.java:139)
۲۰۲۵-۰۵-۲۱T۱۱:۱۳:۲۴.۶۵۰+0330 [ERROR] [org.gradle.internal.buildevents.BuildExceptionReporter]   	at org.gradle.groovy.scripts.internal.DefaultScriptCompilationHandler.compileToDir(DefaultScriptCompilationHandler.java:95)
۲۰۲۵-۰۵-۲۱T۱۱:۱۳:۲۴.۶۵۱+0330 [ERROR] [org.gradle.internal.buildevents.BuildExceptionReporter]   	at org.gradle.groovy.scripts.internal.BuildOperationBackedScriptCompilationHandler$2.run(BuildOperationBackedScriptCompilationHandler.java:54)
۲۰۲۵-۰۵-۲۱T۱۱:۱۳:۲۴.۶۵۱+0330 [ERROR] [org.gradle.internal.buildevents.BuildExceptionReporter]   	at org.gradle.internal.operations.DefaultBuildOperationRunner$1.execute(DefaultBuildOperationRunner.java:29)
۲۰۲۵-۰۵-۲۱T۱۱:۱۳:۲۴.۶۵۱+0330 [ERROR] [org.gradle.internal.buildevents.BuildExceptionReporter]   	at org.gradle.internal.operations.DefaultBuildOperationRunner$1.execute(DefaultBuildOperationRunner.java:26)
۲۰۲۵-۰۵-۲۱T۱۱:۱۳:۲۴.۶۵۲+0330 [ERROR] [org.gradle.internal.buildevents.BuildExceptionReporter]   	at org.gradle.internal.operations.DefaultBuildOperationRunner$2.execute(DefaultBuildOperationRunner.java:66)
۲۰۲۵-۰۵-۲۱T۱۱:۱۳:۲۴.۶۵۲+0330 [ERROR] [org.gradle.internal.buildevents.BuildExceptionReporter]   	at org.gradle.internal.operations.DefaultBuildOperationRunner$2.execute(DefaultBuildOperationRunner.java:59)
۲۰۲۵-۰۵-۲۱T۱۱:۱۳:۲۴.۶۵۲+0330 [ERROR] [org.gradle.internal.buildevents.BuildExceptionReporter]   	at org.gradle.internal.operations.DefaultBuildOperationRunner.execute(DefaultBuildOperationRunner.java:157)
۲۰۲۵-۰۵-۲۱T۱۱:۱۳:۲۴.۶۵۳+0330 [ERROR] [org.gradle.internal.buildevents.BuildExceptionReporter]   	at org.gradle.internal.operations.DefaultBuildOperationRunner.execute(DefaultBuildOperationRunner.java:59)
۲۰۲۵-۰۵-۲۱T۱۱:۱۳:۲۴.۶۵۳+0330 [ERROR] [org.gradle.internal.buildevents.BuildExceptionReporter]   	at org.gradle.internal.operations.DefaultBuildOperationRunner.run(DefaultBuildOperationRunner.java:47)
۲۰۲۵-۰۵-۲۱T۱۱:۱۳:۲۴.۶۵۳+0330 [ERROR] [org.gradle.internal.buildevents.BuildExceptionReporter]   	at org.gradle.internal.operations.DefaultBuildOperationExecutor.run(DefaultBuildOperationExecutor.java:68)
۲۰۲۵-۰۵-۲۱T۱۱:۱۳:۲۴.۶۵۳+0330 [ERROR] [org.gradle.internal.buildevents.BuildExceptionReporter]   	at org.gradle.groovy.scripts.internal.BuildOperationBackedScriptCompilationHandler.compileToDir(BuildOperationBackedScriptCompilationHandler.java:51)
۲۰۲۵-۰۵-۲۱T۱۱:۱۳:۲۴.۶۵۴+0330 [ERROR] [org.gradle.internal.buildevents.BuildExceptionReporter]   	at org.gradle.groovy.scripts.internal.FileCacheBackedScriptClassCompiler$CompileToCrossBuildCacheAction.execute(FileCacheBackedScriptClassCompiler.java:190)
۲۰۲۵-۰۵-۲۱T۱۱:۱۳:۲۴.۶۵۴+0330 [ERROR] [org.gradle.internal.buildevents.BuildExceptionReporter]   	at org.gradle.groovy.scripts.internal.FileCacheBackedScriptClassCompiler$CompileToCrossBuildCacheAction.execute(FileCacheBackedScriptClassCompiler.java:170)
۲۰۲۵-۰۵-۲۱T۱۱:۱۳:۲۴.۶۵۵+0330 [ERROR] [org.gradle.internal.buildevents.BuildExceptionReporter]   	at org.gradle.groovy.scripts.internal.FileCacheBackedScriptClassCompiler$ProgressReportingInitializer.execute(FileCacheBackedScriptClassCompiler.java:211)
۲۰۲۵-۰۵-۲۱T۱۱:۱۳:۲۴.۶۵۵+0330 [ERROR] [org.gradle.internal.buildevents.BuildExceptionReporter]   	at org.gradle.groovy.scripts.internal.FileCacheBackedScriptClassCompiler$ProgressReportingInitializer.execute(FileCacheBackedScriptClassCompiler.java:194)
۲۰۲۵-۰۵-۲۱T۱۱:۱۳:۲۴.۶۵۵+0330 [ERROR] [org.gradle.internal.buildevents.BuildExceptionReporter]   	at org.gradle.cache.internal.DefaultPersistentDirectoryCache$Initializer.initialize(DefaultPersistentDirectoryCache.java:100)
۲۰۲۵-۰۵-۲۱T۱۱:۱۳:۲۴.۶۵۵+0330 [ERROR] [org.gradle.internal.buildevents.BuildExceptionReporter]   	at org.gradle.cache.internal.FixedSharedModeCrossProcessCacheAccess$1.run(FixedSharedModeCrossProcessCacheAccess.java:86)
۲۰۲۵-۰۵-۲۱T۱۱:۱۳:۲۴.۶۵۵+0330 [ERROR] [org.gradle.internal.buildevents.BuildExceptionReporter]   	at org.gradle.cache.internal.DefaultFileLockManager$DefaultFileLock.doWriteAction(DefaultFileLockManager.java:216)
۲۰۲۵-۰۵-۲۱T۱۱:۱۳:۲۴.۶۵۶+0330 [ERROR] [org.gradle.internal.buildevents.BuildExceptionReporter]   	at org.gradle.cache.internal.DefaultFileLockManager$DefaultFileLock.writeFile(DefaultFileLockManager.java:206)
۲۰۲۵-۰۵-۲۱T۱۱:۱۳:۲۴.۶۵۶+0330 [ERROR] [org.gradle.internal.buildevents.BuildExceptionReporter]   	at org.gradle.cache.internal.FixedSharedModeCrossProcessCacheAccess.open(FixedSharedModeCrossProcessCacheAccess.java:83)
۲۰۲۵-۰۵-۲۱T۱۱:۱۳:۲۴.۶۵۶+0330 [ERROR] [org.gradle.internal.buildevents.BuildExceptionReporter]   	at org.gradle.cache.internal.DefaultCacheAccess.open(DefaultCacheAccess.java:139)
۲۰۲۵-۰۵-۲۱T۱۱:۱۳:۲۴.۶۵۷+0330 [ERROR] [org.gradle.internal.buildevents.BuildExceptionReporter]   	at org.gradle.cache.internal.DefaultPersistentDirectoryStore.open(DefaultPersistentDirectoryStore.java:89)
۲۰۲۵-۰۵-۲۱T۱۱:۱۳:۲۴.۶۵۷+0330 [ERROR] [org.gradle.internal.buildevents.BuildExceptionReporter]   	at org.gradle.cache.internal.DefaultPersistentDirectoryStore.open(DefaultPersistentDirectoryStore.java:43)
۲۰۲۵-۰۵-۲۱T۱۱:۱۳:۲۴.۶۵۷+0330 [ERROR] [org.gradle.internal.buildevents.BuildExceptionReporter]   	at org.gradle.cache.internal.DefaultCacheFactory.doOpen(DefaultCacheFactory.java:103)
۲۰۲۵-۰۵-۲۱T۱۱:۱۳:۲۴.۶۵۸+0330 [ERROR] [org.gradle.internal.buildevents.BuildExceptionReporter]   	at org.gradle.cache.internal.DefaultCacheFactory.open(DefaultCacheFactory.java:68)
۲۰۲۵-۰۵-۲۱T۱۱:۱۳:۲۴.۶۵۸+0330 [ERROR] [org.gradle.internal.buildevents.BuildExceptionReporter]   	at org.gradle.cache.internal.DefaultCacheRepository$PersistentCacheBuilder.open(DefaultCacheRepository.java:117)
۲۰۲۵-۰۵-۲۱T۱۱:۱۳:۲۴.۶۵۸+0330 [ERROR] [org.gradle.internal.buildevents.BuildExceptionReporter]   	at org.gradle.groovy.scripts.internal.FileCacheBackedScriptClassCompiler.compile(FileCacheBackedScriptClassCompiler.java:116)
۲۰۲۵-۰۵-۲۱T۱۱:۱۳:۲۴.۶۵۸+0330 [ERROR] [org.gradle.internal.buildevents.BuildExceptionReporter]   	at org.gradle.groovy.scripts.internal.CrossBuildInMemoryCachingScriptClassCache.getOrCompile(CrossBuildInMemoryCachingScriptClassCache.java:50)
۲۰۲۵-۰۵-۲۱T۱۱:۱۳:۲۴.۶۵۸+0330 [ERROR] [org.gradle.internal.buildevents.BuildExceptionReporter]   	at org.gradle.groovy.scripts.internal.BuildScopeInMemoryCachingScriptClassCompiler.compile(BuildScopeInMemoryCachingScriptClassCompiler.java:50)
۲۰۲۵-۰۵-۲۱T۱۱:۱۳:۲۴.۶۵۸+0330 [ERROR] [org.gradle.internal.buildevents.BuildExceptionReporter]   	at org.gradle.groovy.scripts.DefaultScriptCompilerFactory$ScriptCompilerImpl.compile(DefaultScriptCompilerFactory.java:49)
۲۰۲۵-۰۵-۲۱T۱۱:۱۳:۲۴.۶۵۹+0330 [ERROR] [org.gradle.internal.buildevents.BuildExceptionReporter]   	at org.gradle.configuration.DefaultScriptPluginFactory$ScriptPluginImpl.apply(DefaultScriptPluginFactory.java:125)
۲۰۲۵-۰۵-۲۱T۱۱:۱۳:۲۴.۶۵۹+0330 [ERROR] [org.gradle.internal.buildevents.BuildExceptionReporter]   	at org.gradle.configuration.BuildOperationScriptPlugin$1.run(BuildOperationScriptPlugin.java:65)
۲۰۲۵-۰۵-۲۱T۱۱:۱۳:۲۴.۶۵۹+0330 [ERROR] [org.gradle.internal.buildevents.BuildExceptionReporter]   	at org.gradle.internal.operations.DefaultBuildOperationRunner$1.execute(DefaultBuildOperationRunner.java:29)
۲۰۲۵-۰۵-۲۱T۱۱:۱۳:۲۴.۶۵۹+0330 [ERROR] [org.gradle.internal.buildevents.BuildExceptionReporter]   	at org.gradle.internal.operations.DefaultBuildOperationRunner$1.execute(DefaultBuildOperationRunner.java:26)
۲۰۲۵-۰۵-۲۱T۱۱:۱۳:۲۴.۶۶۰+0330 [ERROR] [org.gradle.internal.buildevents.BuildExceptionReporter]   	at org.gradle.internal.operations.DefaultBuildOperationRunner$2.execute(DefaultBuildOperationRunner.java:66)
۲۰۲۵-۰۵-۲۱T۱۱:۱۳:۲۴.۶۶۰+0330 [ERROR] [org.gradle.internal.buildevents.BuildExceptionReporter]   	at org.gradle.internal.operations.DefaultBuildOperationRunner$2.execute(DefaultBuildOperationRunner.java:59)
۲۰۲۵-۰۵-۲۱T۱۱:۱۳:۲۴.۶۶۰+0330 [ERROR] [org.gradle.internal.buildevents.BuildExceptionReporter]   	at org.gradle.internal.operations.DefaultBuildOperationRunner.execute(DefaultBuildOperationRunner.java:157)
۲۰۲۵-۰۵-۲۱T۱۱:۱۳:۲۴.۶۶۰+0330 [ERROR] [org.gradle.internal.buildevents.BuildExceptionReporter]   	at org.gradle.internal.operations.DefaultBuildOperationRunner.execute(DefaultBuildOperationRunner.java:59)
۲۰۲۵-۰۵-۲۱T۱۱:۱۳:۲۴.۶۶۰+0330 [ERROR] [org.gradle.internal.buildevents.BuildExceptionReporter]   	at org.gradle.internal.operations.DefaultBuildOperationRunner.run(DefaultBuildOperationRunner.java:47)
۲۰۲۵-۰۵-۲۱T۱۱:۱۳:۲۴.۶۶۰+0330 [ERROR] [org.gradle.internal.buildevents.BuildExceptionReporter]   	at org.gradle.internal.operations.DefaultBuildOperationExecutor.run(DefaultBuildOperationExecutor.java:68)
۲۰۲۵-۰۵-۲۱T۱۱:۱۳:۲۴.۶۶۰+0330 [ERROR] [org.gradle.internal.buildevents.BuildExceptionReporter]   	at org.gradle.configuration.BuildOperationScriptPlugin.lambda$apply$0(BuildOperationScriptPlugin.java:62)
۲۰۲۵-۰۵-۲۱T۱۱:۱۳:۲۴.۶۶۰+0330 [ERROR] [org.gradle.internal.buildevents.BuildExceptionReporter]   	at org.gradle.configuration.internal.DefaultUserCodeApplicationContext.apply(DefaultUserCodeApplicationContext.java:44)
۲۰۲۵-۰۵-۲۱T۱۱:۱۳:۲۴.۶۶۰+0330 [ERROR] [org.gradle.internal.buildevents.BuildExceptionReporter]   	at org.gradle.configuration.BuildOperationScriptPlugin.apply(BuildOperationScriptPlugin.java:62)
۲۰۲۵-۰۵-۲۱T۱۱:۱۳:۲۴.۶۶۱+0330 [ERROR] [org.gradle.internal.buildevents.BuildExceptionReporter]   	at org.gradle.configuration.DefaultInitScriptProcessor.process(DefaultInitScriptProcessor.java:50)
۲۰۲۵-۰۵-۲۱T۱۱:۱۳:۲۴.۶۶۱+0330 [ERROR] [org.gradle.internal.buildevents.BuildExceptionReporter]   	at org.gradle.initialization.InitScriptHandler$1.run(InitScriptHandler.java:56)
۲۰۲۵-۰۵-۲۱T۱۱:۱۳:۲۴.۶۶۱+0330 [ERROR] [org.gradle.internal.buildevents.BuildExceptionReporter]   	at org.gradle.internal.operations.DefaultBuildOperationRunner$1.execute(DefaultBuildOperationRunner.java:29)
۲۰۲۵-۰۵-۲۱T۱۱:۱۳:۲۴.۶۶۱+0330 [ERROR] [org.gradle.internal.buildevents.BuildExceptionReporter]   	at org.gradle.internal.operations.DefaultBuildOperationRunner$1.execute(DefaultBuildOperationRunner.java:26)
۲۰۲۵-۰۵-۲۱T۱۱:۱۳:۲۴.۶۶۱+0330 [ERROR] [org.gradle.internal.buildevents.BuildExceptionReporter]   	at org.gradle.internal.operations.DefaultBuildOperationRunner$2.execute(DefaultBuildOperationRunner.java:66)
۲۰۲۵-۰۵-۲۱T۱۱:۱۳:۲۴.۶۶۱+0330 [ERROR] [org.gradle.internal.buildevents.BuildExceptionReporter]   	at org.gradle.internal.operations.DefaultBuildOperationRunner$2.execute(DefaultBuildOperationRunner.java:59)
۲۰۲۵-۰۵-۲۱T۱۱:۱۳:۲۴.۶۶۱+0330 [ERROR] [org.gradle.internal.buildevents.BuildExceptionReporter]   	at org.gradle.internal.operations.DefaultBuildOperationRunner.execute(DefaultBuildOperationRunner.java:157)
۲۰۲۵-۰۵-۲۱T۱۱:۱۳:۲۴.۶۶۱+0330 [ERROR] [org.gradle.internal.buildevents.BuildExceptionReporter]   	at org.gradle.internal.operations.DefaultBuildOperationRunner.execute(DefaultBuildOperationRunner.java:59)
۲۰۲۵-۰۵-۲۱T۱۱:۱۳:۲۴.۶۶۱+0330 [ERROR] [org.gradle.internal.buildevents.BuildExceptionReporter]   	at org.gradle.internal.operations.DefaultBuildOperationRunner.run(DefaultBuildOperationRunner.java:47)
۲۰۲۵-۰۵-۲۱T۱۱:۱۳:۲۴.۶۶۱+0330 [ERROR] [org.gradle.internal.buildevents.BuildExceptionReporter]   	at org.gradle.internal.operations.DefaultBuildOperationExecutor.run(DefaultBuildOperationExecutor.java:68)
۲۰۲۵-۰۵-۲۱T۱۱:۱۳:۲۴.۶۶۲+0330 [ERROR] [org.gradle.internal.buildevents.BuildExceptionReporter]   	at org.gradle.initialization.InitScriptHandler.executeScripts(InitScriptHandler.java:51)
۲۰۲۵-۰۵-۲۱T۱۱:۱۳:۲۴.۶۶۲+0330 [ERROR] [org.gradle.internal.buildevents.BuildExceptionReporter]   	at org.gradle.initialization.InitScriptHandlingSettingsLoader.findAndLoadSettings(InitScriptHandlingSettingsLoader.java:33)
۲۰۲۵-۰۵-۲۱T۱۱:۱۳:۲۴.۶۶۲+0330 [ERROR] [org.gradle.internal.buildevents.BuildExceptionReporter]   	at org.gradle.initialization.GradlePropertiesHandlingSettingsLoader.findAndLoadSettings(GradlePropertiesHandlingSettingsLoader.java:39)
۲۰۲۵-۰۵-۲۱T۱۱:۱۳:۲۴.۶۶۲+0330 [ERROR] [org.gradle.internal.buildevents.BuildExceptionReporter]   	at org.gradle.initialization.DefaultSettingsPreparer.prepareSettings(DefaultSettingsPreparer.java:31)
۲۰۲۵-۰۵-۲۱T۱۱:۱۳:۲۴.۶۶۳+0330 [ERROR] [org.gradle.internal.buildevents.BuildExceptionReporter]   	at org.gradle.initialization.BuildOperationFiringSettingsPreparer$LoadBuild.doLoadBuild(BuildOperationFiringSettingsPreparer.java:62)
۲۰۲۵-۰۵-۲۱T۱۱:۱۳:۲۴.۶۶۳+0330 [ERROR] [org.gradle.internal.buildevents.BuildExceptionReporter]   	at org.gradle.initialization.BuildOperationFiringSettingsPreparer$LoadBuild.run(BuildOperationFiringSettingsPreparer.java:57)
۲۰۲۵-۰۵-۲۱T۱۱:۱۳:۲۴.۶۶۳+0330 [ERROR] [org.gradle.internal.buildevents.BuildExceptionReporter]   	at org.gradle.internal.operations.DefaultBuildOperationRunner$1.execute(DefaultBuildOperationRunner.java:29)
۲۰۲۵-۰۵-۲۱T۱۱:۱۳:۲۴.۶۶۳+0330 [ERROR] [org.gradle.internal.buildevents.BuildExceptionReporter]   	at org.gradle.internal.operations.DefaultBuildOperationRunner$1.execute(DefaultBuildOperationRunner.java:26)
۲۰۲۵-۰۵-۲۱T۱۱:۱۳:۲۴.۶۶۴+0330 [ERROR] [org.gradle.internal.buildevents.BuildExceptionReporter]   	at org.gradle.internal.operations.DefaultBuildOperationRunner$2.execute(DefaultBuildOperationRunner.java:66)
۲۰۲۵-۰۵-۲۱T۱۱:۱۳:۲۴.۶۶۴+0330 [ERROR] [org.gradle.internal.buildevents.BuildExceptionReporter]   	at org.gradle.internal.operations.DefaultBuildOperationRunner$2.execute(DefaultBuildOperationRunner.java:59)
۲۰۲۵-۰۵-۲۱T۱۱:۱۳:۲۴.۶۶۴+0330 [ERROR] [org.gradle.internal.buildevents.BuildExceptionReporter]   	at org.gradle.internal.operations.DefaultBuildOperationRunner.execute(DefaultBuildOperationRunner.java:157)
۲۰۲۵-۰۵-۲۱T۱۱:۱۳:۲۴.۶۶۴+0330 [ERROR] [org.gradle.internal.buildevents.BuildExceptionReporter]   	at org.gradle.internal.operations.DefaultBuildOperationRunner.execute(DefaultBuildOperationRunner.java:59)
۲۰۲۵-۰۵-۲۱T۱۱:۱۳:۲۴.۶۶۴+0330 [ERROR] [org.gradle.internal.buildevents.BuildExceptionReporter]   	at org.gradle.internal.operations.DefaultBuildOperationRunner.run(DefaultBuildOperationRunner.java:47)
۲۰۲۵-۰۵-۲۱T۱۱:۱۳:۲۴.۶۶۴+0330 [ERROR] [org.gradle.internal.buildevents.BuildExceptionReporter]   	at org.gradle.internal.operations.DefaultBuildOperationExecutor.run(DefaultBuildOperationExecutor.java:68)
۲۰۲۵-۰۵-۲۱T۱۱:۱۳:۲۴.۶۶۵+0330 [ERROR] [org.gradle.internal.buildevents.BuildExceptionReporter]   	at org.gradle.initialization.BuildOperationFiringSettingsPreparer.prepareSettings(BuildOperationFiringSettingsPreparer.java:45)
۲۰۲۵-۰۵-۲۱T۱۱:۱۳:۲۴.۶۶۵+0330 [ERROR] [org.gradle.internal.buildevents.BuildExceptionReporter]   	at org.gradle.initialization.VintageBuildModelController.lambda$prepareSettings$0(VintageBuildModelController.java:89)
۲۰۲۵-۰۵-۲۱T۱۱:۱۳:۲۴.۶۶۶+0330 [ERROR] [org.gradle.internal.buildevents.BuildExceptionReporter]   	at org.gradle.internal.build.StateTransitionController.lambda$doTransition$1(StateTransitionController.java:222)
۲۰۲۵-۰۵-۲۱T۱۱:۱۳:۲۴.۶۶۷+0330 [ERROR] [org.gradle.internal.buildevents.BuildExceptionReporter]   	at org.gradle.internal.build.StateTransitionController.doTransition(StateTransitionController.java:243)
۲۰۲۵-۰۵-۲۱T۱۱:۱۳:۲۴.۶۶۷+0330 [ERROR] [org.gradle.internal.buildevents.BuildExceptionReporter]   	at org.gradle.internal.build.StateTransitionController.doTransition(StateTransitionController.java:221)
۲۰۲۵-۰۵-۲۱T۱۱:۱۳:۲۴.۶۶۷+0330 [ERROR] [org.gradle.internal.buildevents.BuildExceptionReporter]   	at org.gradle.internal.build.StateTransitionController.transitionIfNotPreviously(StateTransitionController.java:190)
۲۰۲۵-۰۵-۲۱T۱۱:۱۳:۲۴.۶۶۷+0330 [ERROR] [org.gradle.internal.buildevents.BuildExceptionReporter]   	at org.gradle.initialization.VintageBuildModelController.prepareSettings(VintageBuildModelController.java:89)
۲۰۲۵-۰۵-۲۱T۱۱:۱۳:۲۴.۶۶۸+0330 [ERROR] [org.gradle.internal.buildevents.BuildExceptionReporter]   	at org.gradle.initialization.VintageBuildModelController.doBuildStages(VintageBuildModelController.java:73)
۲۰۲۵-۰۵-۲۱T۱۱:۱۳:۲۴.۶۶۸+0330 [ERROR] [org.gradle.internal.buildevents.BuildExceptionReporter]   	at org.gradle.initialization.VintageBuildModelController.getLoadedSettings(VintageBuildModelController.java:52)
۲۰۲۵-۰۵-۲۱T۱۱:۱۳:۲۴.۶۶۸+0330 [ERROR] [org.gradle.internal.buildevents.BuildExceptionReporter]   	at org.gradle.internal.build.StateTransitionController.notInStateIgnoreOtherThreads(StateTransitionController.java:89)
۲۰۲۵-۰۵-۲۱T۱۱:۱۳:۲۴.۶۶۸+0330 [ERROR] [org.gradle.internal.buildevents.BuildExceptionReporter]   	at org.gradle.internal.build.DefaultBuildLifecycleController.getLoadedSettings(DefaultBuildLifecycleController.java:92)
۲۰۲۵-۰۵-۲۱T۱۱:۱۳:۲۴.۶۶۸+0330 [ERROR] [org.gradle.internal.buildevents.BuildExceptionReporter]   	at org.gradle.internal.build.AbstractBuildState.ensureProjectsLoaded(AbstractBuildState.java:60)
۲۰۲۵-۰۵-۲۱T۱۱:۱۳:۲۴.۶۶۸+0330 [ERROR] [org.gradle.internal.buildevents.BuildExceptionReporter]   	at org.gradle.plugins.ide.internal.tooling.GradleBuildBuilder.create(GradleBuildBuilder.java:58)
۲۰۲۵-۰۵-۲۱T۱۱:۱۳:۲۴.۶۶۸+0330 [ERROR] [org.gradle.internal.buildevents.BuildExceptionReporter]   	at org.gradle.plugins.ide.internal.tooling.GradleBuildBuilder.create(GradleBuildBuilder.java:38)
۲۰۲۵-۰۵-۲۱T۱۱:۱۳:۲۴.۶۶۸+0330 [ERROR] [org.gradle.internal.buildevents.BuildExceptionReporter]   	at org.gradle.tooling.provider.model.internal.DefaultToolingModelBuilderRegistry$BuildScopedBuilder.build(DefaultToolingModelBuilderRegistry.java:205)
۲۰۲۵-۰۵-۲۱T۱۱:۱۳:۲۴.۶۶۸+0330 [ERROR] [org.gradle.internal.buildevents.BuildExceptionReporter]   	at org.gradle.tooling.provider.model.internal.DefaultToolingModelBuilderRegistry$LockAllProjectsBuilder.lambda$build$0(DefaultToolingModelBuilderRegistry.java:317)
۲۰۲۵-۰۵-۲۱T۱۱:۱۳:۲۴.۶۶۸+0330 [ERROR] [org.gradle.internal.buildevents.BuildExceptionReporter]   	at org.gradle.api.internal.project.DefaultProjectStateRegistry.withMutableStateOfAllProjects(DefaultProjectStateRegistry.java:160)
۲۰۲۵-۰۵-۲۱T۱۱:۱۳:۲۴.۶۶۸+0330 [ERROR] [org.gradle.internal.buildevents.BuildExceptionReporter]   	at org.gradle.tooling.provider.model.internal.DefaultToolingModelBuilderRegistry$LockAllProjectsBuilder.build(DefaultToolingModelBuilderRegistry.java:317)
۲۰۲۵-۰۵-۲۱T۱۱:۱۳:۲۴.۶۶۹+0330 [ERROR] [org.gradle.internal.buildevents.BuildExceptionReporter]   	at org.gradle.tooling.provider.model.internal.DefaultToolingModelBuilderRegistry$BuildOperationWrappingBuilder$1.call(DefaultToolingModelBuilderRegistry.java:338)
۲۰۲۵-۰۵-۲۱T۱۱:۱۳:۲۴.۶۶۹+0330 [ERROR] [org.gradle.internal.buildevents.BuildExceptionReporter]   	at org.gradle.internal.operations.DefaultBuildOperationRunner$CallableBuildOperationWorker.execute(DefaultBuildOperationRunner.java:204)
۲۰۲۵-۰۵-۲۱T۱۱:۱۳:۲۴.۶۶۹+0330 [ERROR] [org.gradle.internal.buildevents.BuildExceptionReporter]   	at org.gradle.internal.operations.DefaultBuildOperationRunner$CallableBuildOperationWorker.execute(DefaultBuildOperationRunner.java:199)
۲۰۲۵-۰۵-۲۱T۱۱:۱۳:۲۴.۶۶۹+0330 [ERROR] [org.gradle.internal.buildevents.BuildExceptionReporter]   	at org.gradle.internal.operations.DefaultBuildOperationRunner$2.execute(DefaultBuildOperationRunner.java:66)
۲۰۲۵-۰۵-۲۱T۱۱:۱۳:۲۴.۶۶۹+0330 [ERROR] [org.gradle.internal.buildevents.BuildExceptionReporter]   	at org.gradle.internal.operations.DefaultBuildOperationRunner$2.execute(DefaultBuildOperationRunner.java:59)
۲۰۲۵-۰۵-۲۱T۱۱:۱۳:۲۴.۶۶۹+0330 [ERROR] [org.gradle.internal.buildevents.BuildExceptionReporter]   	at org.gradle.internal.operations.DefaultBuildOperationRunner.execute(DefaultBuildOperationRunner.java:157)
۲۰۲۵-۰۵-۲۱T۱۱:۱۳:۲۴.۶۶۹+0330 [ERROR] [org.gradle.internal.buildevents.BuildExceptionReporter]   	at org.gradle.internal.operations.DefaultBuildOperationRunner.execute(DefaultBuildOperationRunner.java:59)
۲۰۲۵-۰۵-۲۱T۱۱:۱۳:۲۴.۶۶۹+0330 [ERROR] [org.gradle.internal.buildevents.BuildExceptionReporter]   	at org.gradle.internal.operations.DefaultBuildOperationRunner.call(DefaultBuildOperationRunner.java:53)
۲۰۲۵-۰۵-۲۱T۱۱:۱۳:۲۴.۶۷۰+0330 [ERROR] [org.gradle.internal.buildevents.BuildExceptionReporter]   	at org.gradle.internal.operations.DefaultBuildOperationExecutor.call(DefaultBuildOperationExecutor.java:73)
۲۰۲۵-۰۵-۲۱T۱۱:۱۳:۲۴.۶۷۰+0330 [ERROR] [org.gradle.internal.buildevents.BuildExceptionReporter]   	at org.gradle.tooling.provider.model.internal.DefaultToolingModelBuilderRegistry$BuildOperationWrappingBuilder.build(DefaultToolingModelBuilderRegistry.java:335)
۲۰۲۵-۰۵-۲۱T۱۱:۱۳:۲۴.۶۷۰+0330 [ERROR] [org.gradle.internal.buildevents.BuildExceptionReporter]   	at org.gradle.tooling.internal.provider.runner.DefaultBuildController.getModel(DefaultBuildController.java:102)
۲۰۲۵-۰۵-۲۱T۱۱:۱۳:۲۴.۶۷۰+0330 [ERROR] [org.gradle.internal.buildevents.BuildExceptionReporter]   	at org.gradle.tooling.internal.consumer.connection.ParameterAwareBuildControllerAdapter.getModel(ParameterAwareBuildControllerAdapter.java:40)
۲۰۲۵-۰۵-۲۱T۱۱:۱۳:۲۴.۶۷۰+0330 [ERROR] [org.gradle.internal.buildevents.BuildExceptionReporter]   	at org.gradle.tooling.internal.consumer.connection.UnparameterizedBuildController.getModel(UnparameterizedBuildController.java:116)
۲۰۲۵-۰۵-۲۱T۱۱:۱۳:۲۴.۶۷۲+0330 [ERROR] [org.gradle.internal.buildevents.BuildExceptionReporter]   	at org.gradle.tooling.internal.consumer.connection.NestedActionAwareBuildControllerAdapter.getModel(NestedActionAwareBuildControllerAdapter.java:32)
۲۰۲۵-۰۵-۲۱T۱۱:۱۳:۲۴.۶۷۲+0330 [ERROR] [org.gradle.internal.buildevents.BuildExceptionReporter]   	at org.gradle.tooling.internal.consumer.connection.UnparameterizedBuildController.getModel(UnparameterizedBuildController.java:79)
۲۰۲۵-۰۵-۲۱T۱۱:۱۳:۲۴.۶۷۲+0330 [ERROR] [org.gradle.internal.buildevents.BuildExceptionReporter]   	at org.gradle.tooling.internal.consumer.connection.NestedActionAwareBuildControllerAdapter.getModel(NestedActionAwareBuildControllerAdapter.java:32)
۲۰۲۵-۰۵-۲۱T۱۱:۱۳:۲۴.۶۷۳+0330 [ERROR] [org.gradle.internal.buildevents.BuildExceptionReporter]   	at org.gradle.tooling.internal.consumer.connection.UnparameterizedBuildController.getBuildModel(UnparameterizedBuildController.java:74)
۲۰۲۵-۰۵-۲۱T۱۱:۱۳:۲۴.۶۷۳+0330 [ERROR] [org.gradle.internal.buildevents.BuildExceptionReporter]   	at org.gradle.tooling.internal.consumer.connection.NestedActionAwareBuildControllerAdapter.getBuildModel(NestedActionAwareBuildControllerAdapter.java:32)
۲۰۲۵-۰۵-۲۱T۱۱:۱۳:۲۴.۶۷۳+0330 [ERROR] [org.gradle.internal.buildevents.BuildExceptionReporter]   	at com.intellij.gradle.toolingExtension.impl.modelAction.GradleModelFetchAction.lambda$initAction$5(GradleModelFetchAction.java:182)
۲۰۲۵-۰۵-۲۱T۱۱:۱۳:۲۴.۶۷۳+0330 [ERROR] [org.gradle.internal.buildevents.BuildExceptionReporter]   	at com.intellij.gradle.toolingExtension.impl.telemetry.GradleOpenTelemetry.callWithSpan(GradleOpenTelemetry.java:74)
۲۰۲۵-۰۵-۲۱T۱۱:۱۳:۲۴.۶۷۳+0330 [ERROR] [org.gradle.internal.buildevents.BuildExceptionReporter]   	at com.intellij.gradle.toolingExtension.impl.telemetry.GradleOpenTelemetry.callWithSpan(GradleOpenTelemetry.java:62)
۲۰۲۵-۰۵-۲۱T۱۱:۱۳:۲۴.۶۷۳+0330 [ERROR] [org.gradle.internal.buildevents.BuildExceptionReporter]   	at com.intellij.gradle.toolingExtension.impl.modelAction.GradleModelFetchAction.initAction(GradleModelFetchAction.java:181)
۲۰۲۵-۰۵-۲۱T۱۱:۱۳:۲۴.۶۷۳+0330 [ERROR] [org.gradle.internal.buildevents.BuildExceptionReporter]   	at com.intellij.gradle.toolingExtension.impl.modelAction.GradleModelFetchAction.doExecute(GradleModelFetchAction.java:139)
۲۰۲۵-۰۵-۲۱T۱۱:۱۳:۲۴.۶۷۳+0330 [ERROR] [org.gradle.internal.buildevents.BuildExceptionReporter]   	at com.intellij.gradle.toolingExtension.impl.modelAction.GradleModelFetchAction.lambda$execute$1(GradleModelFetchAction.java:104)
۲۰۲۵-۰۵-۲۱T۱۱:۱۳:۲۴.۶۷۳+0330 [ERROR] [org.gradle.internal.buildevents.BuildExceptionReporter]   	at com.intellij.gradle.toolingExtension.impl.telemetry.GradleOpenTelemetry.callWithSpan(GradleOpenTelemetry.java:74)
۲۰۲۵-۰۵-۲۱T۱۱:۱۳:۲۴.۶۷۳+0330 [ERROR] [org.gradle.internal.buildevents.BuildExceptionReporter]   	at com.intellij.gradle.toolingExtension.impl.telemetry.GradleOpenTelemetry.callWithSpan(GradleOpenTelemetry.java:62)
۲۰۲۵-۰۵-۲۱T۱۱:۱۳:۲۴.۶۷۳+0330 [ERROR] [org.gradle.internal.buildevents.BuildExceptionReporter]   	at com.intellij.gradle.toolingExtension.impl.modelAction.GradleModelFetchAction.lambda$execute$2(GradleModelFetchAction.java:103)
۲۰۲۵-۰۵-۲۱T۱۱:۱۳:۲۴.۶۷۳+0330 [ERROR] [org.gradle.internal.buildevents.BuildExceptionReporter]   	at com.intellij.gradle.toolingExtension.impl.modelAction.GradleModelFetchAction.withOpenTelemetry(GradleModelFetchAction.java:114)
۲۰۲۵-۰۵-۲۱T۱۱:۱۳:۲۴.۶۷۳+0330 [ERROR] [org.gradle.internal.buildevents.BuildExceptionReporter]   	at com.intellij.gradle.toolingExtension.impl.modelAction.GradleModelFetchAction.lambda$execute$3(GradleModelFetchAction.java:102)
۲۰۲۵-۰۵-۲۱T۱۱:۱۳:۲۴.۶۷۴+0330 [ERROR] [org.gradle.internal.buildevents.BuildExceptionReporter]   	at com.intellij.gradle.toolingExtension.impl.util.GradleExecutorServiceUtil.withSingleThreadExecutor(GradleExecutorServiceUtil.java:18)
۲۰۲۵-۰۵-۲۱T۱۱:۱۳:۲۴.۶۷۴+0330 [ERROR] [org.gradle.internal.buildevents.BuildExceptionReporter]   	at com.intellij.gradle.toolingExtension.impl.modelAction.GradleModelFetchAction.execute(GradleModelFetchAction.java:101)
۲۰۲۵-۰۵-۲۱T۱۱:۱۳:۲۴.۶۷۴+0330 [ERROR] [org.gradle.internal.buildevents.BuildExceptionReporter]   	at com.intellij.gradle.toolingExtension.impl.modelAction.GradleModelFetchAction.execute(GradleModelFetchAction.java:37)
۲۰۲۵-۰۵-۲۱T۱۱:۱۳:۲۴.۶۷۴+0330 [ERROR] [org.gradle.internal.buildevents.BuildExceptionReporter]   	at org.gradle.tooling.internal.consumer.connection.InternalBuildActionAdapter.execute(InternalBuildActionAdapter.java:65)
۲۰۲۵-۰۵-۲۱T۱۱:۱۳:۲۴.۶۷۴+0330 [ERROR] [org.gradle.internal.buildevents.BuildExceptionReporter]   	at org.gradle.tooling.internal.provider.runner.AbstractClientProvidedBuildActionRunner$ActionAdapter.runAction(AbstractClientProvidedBuildActionRunner.java:131)
۲۰۲۵-۰۵-۲۱T۱۱:۱۳:۲۴.۶۷۴+0330 [ERROR] [org.gradle.internal.buildevents.BuildExceptionReporter]   	at org.gradle.tooling.internal.provider.runner.AbstractClientProvidedBuildActionRunner$ActionAdapter.beforeTasks(AbstractClientProvidedBuildActionRunner.java:99)
۲۰۲۵-۰۵-۲۱T۱۱:۱۳:۲۴.۶۷۴+0330 [ERROR] [org.gradle.internal.buildevents.BuildExceptionReporter]   	at org.gradle.internal.buildtree.DefaultBuildTreeModelCreator.beforeTasks(DefaultBuildTreeModelCreator.java:57)
۲۰۲۵-۰۵-۲۱T۱۱:۱۳:۲۴.۶۷۴+0330 [ERROR] [org.gradle.internal.buildevents.BuildExceptionReporter]   	at org.gradle.internal.buildtree.DefaultBuildTreeLifecycleController.lambda$fromBuildModel$1(DefaultBuildTreeLifecycleController.java:72)
۲۰۲۵-۰۵-۲۱T۱۱:۱۳:۲۴.۶۷۴+0330 [ERROR] [org.gradle.internal.buildevents.BuildExceptionReporter]   	at org.gradle.internal.buildtree.DefaultBuildTreeLifecycleController.lambda$runBuild$4(DefaultBuildTreeLifecycleController.java:103)
۲۰۲۵-۰۵-۲۱T۱۱:۱۳:۲۴.۶۷۴+0330 [ERROR] [org.gradle.internal.buildevents.BuildExceptionReporter]   	at org.gradle.internal.build.StateTransitionController.lambda$transition$0(StateTransitionController.java:145)
۲۰۲۵-۰۵-۲۱T۱۱:۱۳:۲۴.۶۷۴+0330 [ERROR] [org.gradle.internal.buildevents.BuildExceptionReporter]   	at org.gradle.internal.build.StateTransitionController.doTransition(StateTransitionController.java:243)
۲۰۲۵-۰۵-۲۱T۱۱:۱۳:۲۴.۶۷۴+0330 [ERROR] [org.gradle.internal.buildevents.BuildExceptionReporter]   	at org.gradle.internal.build.StateTransitionController.transition(StateTransitionController.java:145)
۲۰۲۵-۰۵-۲۱T۱۱:۱۳:۲۴.۶۷۴+0330 [ERROR] [org.gradle.internal.buildevents.BuildExceptionReporter]   	at org.gradle.internal.buildtree.DefaultBuildTreeLifecycleController.runBuild(DefaultBuildTreeLifecycleController.java:100)
۲۰۲۵-۰۵-۲۱T۱۱:۱۳:۲۴.۶۷۵+0330 [ERROR] [org.gradle.internal.buildevents.BuildExceptionReporter]   	at org.gradle.internal.buildtree.DefaultBuildTreeLifecycleController.fromBuildModel(DefaultBuildTreeLifecycleController.java:71)
۲۰۲۵-۰۵-۲۱T۱۱:۱۳:۲۴.۶۷۵+0330 [ERROR] [org.gradle.internal.buildevents.BuildExceptionReporter]   	at org.gradle.tooling.internal.provider.runner.AbstractClientProvidedBuildActionRunner.runClientAction(AbstractClientProvidedBuildActionRunner.java:43)
۲۰۲۵-۰۵-۲۱T۱۱:۱۳:۲۴.۶۷۵+0330 [ERROR] [org.gradle.internal.buildevents.BuildExceptionReporter]   	at org.gradle.tooling.internal.provider.runner.ClientProvidedPhasedActionRunner.run(ClientProvidedPhasedActionRunner.java:53)
۲۰۲۵-۰۵-۲۱T۱۱:۱۳:۲۴.۶۷۵+0330 [ERROR] [org.gradle.internal.buildevents.BuildExceptionReporter]   	at org.gradle.launcher.exec.ChainingBuildActionRunner.run(ChainingBuildActionRunner.java:35)
۲۰۲۵-۰۵-۲۱T۱۱:۱۳:۲۴.۶۷۵+0330 [ERROR] [org.gradle.internal.buildevents.BuildExceptionReporter]   	at org.gradle.internal.buildtree.ProblemReportingBuildActionRunner.run(ProblemReportingBuildActionRunner.java:49)
۲۰۲۵-۰۵-۲۱T۱۱:۱۳:۲۴.۶۷۵+0330 [ERROR] [org.gradle.internal.buildevents.BuildExceptionReporter]   	at org.gradle.launcher.exec.BuildOutcomeReportingBuildActionRunner.run(BuildOutcomeReportingBuildActionRunner.java:69)
۲۰۲۵-۰۵-۲۱T۱۱:۱۳:۲۴.۶۷۵+0330 [ERROR] [org.gradle.internal.buildevents.BuildExceptionReporter]   	at org.gradle.tooling.internal.provider.FileSystemWatchingBuildActionRunner.run(FileSystemWatchingBuildActionRunner.java:114)
۲۰۲۵-۰۵-۲۱T۱۱:۱۳:۲۴.۶۷۵+0330 [ERROR] [org.gradle.internal.buildevents.BuildExceptionReporter]   	at org.gradle.launcher.exec.BuildCompletionNotifyingBuildActionRunner.run(BuildCompletionNotifyingBuildActionRunner.java:41)
۲۰۲۵-۰۵-۲۱T۱۱:۱۳:۲۴.۶۷۵+0330 [ERROR] [org.gradle.internal.buildevents.BuildExceptionReporter]   	at org.gradle.launcher.exec.RootBuildLifecycleBuildActionExecutor.lambda$execute$0(RootBuildLifecycleBuildActionExecutor.java:40)
۲۰۲۵-۰۵-۲۱T۱۱:۱۳:۲۴.۶۷۵+0330 [ERROR] [org.gradle.internal.buildevents.BuildExceptionReporter]   	at org.gradle.composite.internal.DefaultRootBuildState.run(DefaultRootBuildState.java:155)
۲۰۲۵-۰۵-۲۱T۱۱:۱۳:۲۴.۶۷۵+0330 [ERROR] [org.gradle.internal.buildevents.BuildExceptionReporter]   	at org.gradle.launcher.exec.RootBuildLifecycleBuildActionExecutor.execute(RootBuildLifecycleBuildActionExecutor.java:40)
۲۰۲۵-۰۵-۲۱T۱۱:۱۳:۲۴.۶۷۵+0330 [ERROR] [org.gradle.internal.buildevents.BuildExceptionReporter]   	at org.gradle.internal.buildtree.DefaultBuildTreeContext.execute(DefaultBuildTreeContext.java:40)
۲۰۲۵-۰۵-۲۱T۱۱:۱۳:۲۴.۶۷۵+0330 [ERROR] [org.gradle.internal.buildevents.BuildExceptionReporter]   	at org.gradle.launcher.exec.BuildTreeLifecycleBuildActionExecutor.lambda$execute$0(BuildTreeLifecycleBuildActionExecutor.java:65)
۲۰۲۵-۰۵-۲۱T۱۱:۱۳:۲۴.۶۷۶+0330 [ERROR] [org.gradle.internal.buildevents.BuildExceptionReporter]   	at org.gradle.internal.buildtree.BuildTreeState.run(BuildTreeState.java:53)
۲۰۲۵-۰۵-۲۱T۱۱:۱۳:۲۴.۶۷۶+0330 [ERROR] [org.gradle.internal.buildevents.BuildExceptionReporter]   	at org.gradle.launcher.exec.BuildTreeLifecycleBuildActionExecutor.execute(BuildTreeLifecycleBuildActionExecutor.java:65)
۲۰۲۵-۰۵-۲۱T۱۱:۱۳:۲۴.۶۷۶+0330 [ERROR] [org.gradle.internal.buildevents.BuildExceptionReporter]   	at org.gradle.launcher.exec.RunAsBuildOperationBuildActionExecutor$3.call(RunAsBuildOperationBuildActionExecutor.java:61)
۲۰۲۵-۰۵-۲۱T۱۱:۱۳:۲۴.۶۷۶+0330 [ERROR] [org.gradle.internal.buildevents.BuildExceptionReporter]   	at org.gradle.launcher.exec.RunAsBuildOperationBuildActionExecutor$3.call(RunAsBuildOperationBuildActionExecutor.java:57)
۲۰۲۵-۰۵-۲۱T۱۱:۱۳:۲۴.۶۷۶+0330 [ERROR] [org.gradle.internal.buildevents.BuildExceptionReporter]   	at org.gradle.internal.operations.DefaultBuildOperationRunner$CallableBuildOperationWorker.execute(DefaultBuildOperationRunner.java:204)
۲۰۲۵-۰۵-۲۱T۱۱:۱۳:۲۴.۶۷۶+0330 [ERROR] [org.gradle.internal.buildevents.BuildExceptionReporter]   	at org.gradle.internal.operations.DefaultBuildOperationRunner$CallableBuildOperationWorker.execute(DefaultBuildOperationRunner.java:199)
۲۰۲۵-۰۵-۲۱T۱۱:۱۳:۲۴.۶۷۶+0330 [ERROR] [org.gradle.internal.buildevents.BuildExceptionReporter]   	at org.gradle.internal.operations.DefaultBuildOperationRunner$2.execute(DefaultBuildOperationRunner.java:66)
۲۰۲۵-۰۵-۲۱T۱۱:۱۳:۲۴.۶۷۶+0330 [ERROR] [org.gradle.internal.buildevents.BuildExceptionReporter]   	at org.gradle.internal.operations.DefaultBuildOperationRunner$2.execute(DefaultBuildOperationRunner.java:59)
۲۰۲۵-۰۵-۲۱T۱۱:۱۳:۲۴.۶۷۶+0330 [ERROR] [org.gradle.internal.buildevents.BuildExceptionReporter]   	at org.gradle.internal.operations.DefaultBuildOperationRunner.execute(DefaultBuildOperationRunner.java:157)
۲۰۲۵-۰۵-۲۱T۱۱:۱۳:۲۴.۶۷۶+0330 [ERROR] [org.gradle.internal.buildevents.BuildExceptionReporter]   	at org.gradle.internal.operations.DefaultBuildOperationRunner.execute(DefaultBuildOperationRunner.java:59)
۲۰۲۵-۰۵-۲۱T۱۱:۱۳:۲۴.۶۷۶+0330 [ERROR] [org.gradle.internal.buildevents.BuildExceptionReporter]   	at org.gradle.internal.operations.DefaultBuildOperationRunner.call(DefaultBuildOperationRunner.java:53)
۲۰۲۵-۰۵-۲۱T۱۱:۱۳:۲۴.۶۷۷+0330 [ERROR] [org.gradle.internal.buildevents.BuildExceptionReporter]   	at org.gradle.internal.operations.DefaultBuildOperationExecutor.call(DefaultBuildOperationExecutor.java:73)
۲۰۲۵-۰۵-۲۱T۱۱:۱۳:۲۴.۶۷۷+0330 [ERROR] [org.gradle.internal.buildevents.BuildExceptionReporter]   	at org.gradle.launcher.exec.RunAsBuildOperationBuildActionExecutor.execute(RunAsBuildOperationBuildActionExecutor.java:57)
۲۰۲۵-۰۵-۲۱T۱۱:۱۳:۲۴.۶۷۷+0330 [ERROR] [org.gradle.internal.buildevents.BuildExceptionReporter]   	at org.gradle.launcher.exec.RunAsWorkerThreadBuildActionExecutor.lambda$execute$0(RunAsWorkerThreadBuildActionExecutor.java:38)
۲۰۲۵-۰۵-۲۱T۱۱:۱۳:۲۴.۶۷۷+0330 [ERROR] [org.gradle.internal.buildevents.BuildExceptionReporter]   	at org.gradle.internal.work.DefaultWorkerLeaseService.withLocks(DefaultWorkerLeaseService.java:211)
۲۰۲۵-۰۵-۲۱T۱۱:۱۳:۲۴.۶۷۷+0330 [ERROR] [org.gradle.internal.buildevents.BuildExceptionReporter]   	at org.gradle.launcher.exec.RunAsWorkerThreadBuildActionExecutor.execute(RunAsWorkerThreadBuildActionExecutor.java:38)
۲۰۲۵-۰۵-۲۱T۱۱:۱۳:۲۴.۶۷۷+0330 [ERROR] [org.gradle.internal.buildevents.BuildExceptionReporter]   	at org.gradle.tooling.internal.provider.ContinuousBuildActionExecutor.execute(ContinuousBuildActionExecutor.java:103)
۲۰۲۵-۰۵-۲۱T۱۱:۱۳:۲۴.۶۷۷+0330 [ERROR] [org.gradle.internal.buildevents.BuildExceptionReporter]   	at org.gradle.tooling.internal.provider.SubscribableBuildActionExecutor.execute(SubscribableBuildActionExecutor.java:64)
۲۰۲۵-۰۵-۲۱T۱۱:۱۳:۲۴.۶۷۷+0330 [ERROR] [org.gradle.internal.buildevents.BuildExceptionReporter]   	at org.gradle.internal.session.DefaultBuildSessionContext.execute(DefaultBuildSessionContext.java:46)
۲۰۲۵-۰۵-۲۱T۱۱:۱۳:۲۴.۶۷۷+0330 [ERROR] [org.gradle.internal.buildevents.BuildExceptionReporter]   	at org.gradle.tooling.internal.provider.BuildSessionLifecycleBuildActionExecuter$ActionImpl.apply(BuildSessionLifecycleBuildActionExecuter.java:100)
۲۰۲۵-۰۵-۲۱T۱۱:۱۳:۲۴.۶۷۷+0330 [ERROR] [org.gradle.internal.buildevents.BuildExceptionReporter]   	at org.gradle.tooling.internal.provider.BuildSessionLifecycleBuildActionExecuter$ActionImpl.apply(BuildSessionLifecycleBuildActionExecuter.java:88)
۲۰۲۵-۰۵-۲۱T۱۱:۱۳:۲۴.۶۷۷+0330 [ERROR] [org.gradle.internal.buildevents.BuildExceptionReporter]   	at org.gradle.internal.session.BuildSessionState.run(BuildSessionState.java:69)
۲۰۲۵-۰۵-۲۱T۱۱:۱۳:۲۴.۶۷۷+0330 [ERROR] [org.gradle.internal.buildevents.BuildExceptionReporter]   	at org.gradle.tooling.internal.provider.BuildSessionLifecycleBuildActionExecuter.execute(BuildSessionLifecycleBuildActionExecuter.java:62)
۲۰۲۵-۰۵-۲۱T۱۱:۱۳:۲۴.۶۷۷+0330 [ERROR] [org.gradle.internal.buildevents.BuildExceptionReporter]   	at org.gradle.tooling.internal.provider.BuildSessionLifecycleBuildActionExecuter.execute(BuildSessionLifecycleBuildActionExecuter.java:41)
۲۰۲۵-۰۵-۲۱T۱۱:۱۳:۲۴.۶۷۸+0330 [ERROR] [org.gradle.internal.buildevents.BuildExceptionReporter]   	at org.gradle.tooling.internal.provider.GradleThreadBuildActionExecuter.execute(GradleThreadBuildActionExecuter.java:36)
۲۰۲۵-۰۵-۲۱T۱۱:۱۳:۲۴.۶۷۸+0330 [ERROR] [org.gradle.internal.buildevents.BuildExceptionReporter]   	at org.gradle.tooling.internal.provider.GradleThreadBuildActionExecuter.execute(GradleThreadBuildActionExecuter.java:25)
۲۰۲۵-۰۵-۲۱T۱۱:۱۳:۲۴.۶۷۸+0330 [ERROR] [org.gradle.internal.buildevents.BuildExceptionReporter]   	at org.gradle.tooling.internal.provider.StartParamsValidatingActionExecuter.execute(StartParamsValidatingActionExecuter.java:63)
۲۰۲۵-۰۵-۲۱T۱۱:۱۳:۲۴.۶۷۸+0330 [ERROR] [org.gradle.internal.buildevents.BuildExceptionReporter]   	at org.gradle.tooling.internal.provider.StartParamsValidatingActionExecuter.execute(StartParamsValidatingActionExecuter.java:31)
۲۰۲۵-۰۵-۲۱T۱۱:۱۳:۲۴.۶۷۸+0330 [ERROR] [org.gradle.internal.buildevents.BuildExceptionReporter]   	at org.gradle.tooling.internal.provider.SessionFailureReportingActionExecuter.execute(SessionFailureReportingActionExecuter.java:58)
۲۰۲۵-۰۵-۲۱T۱۱:۱۳:۲۴.۶۷۸+0330 [ERROR] [org.gradle.internal.buildevents.BuildExceptionReporter]   	at org.gradle.tooling.internal.provider.SessionFailureReportingActionExecuter.execute(SessionFailureReportingActionExecuter.java:42)
۲۰۲۵-۰۵-۲۱T۱۱:۱۳:۲۴.۶۷۸+0330 [ERROR] [org.gradle.internal.buildevents.BuildExceptionReporter]   	at org.gradle.tooling.internal.provider.SetupLoggingActionExecuter.execute(SetupLoggingActionExecuter.java:47)
۲۰۲۵-۰۵-۲۱T۱۱:۱۳:۲۴.۶۷۸+0330 [ERROR] [org.gradle.internal.buildevents.BuildExceptionReporter]   	at org.gradle.tooling.internal.provider.SetupLoggingActionExecuter.execute(SetupLoggingActionExecuter.java:31)
۲۰۲۵-۰۵-۲۱T۱۱:۱۳:۲۴.۶۷۸+0330 [ERROR] [org.gradle.internal.buildevents.BuildExceptionReporter]   	at org.gradle.launcher.daemon.server.exec.ExecuteBuild.doBuild(ExecuteBuild.java:65)
۲۰۲۵-۰۵-۲۱T۱۱:۱۳:۲۴.۶۷۸+0330 [ERROR] [org.gradle.internal.buildevents.BuildExceptionReporter]   	at org.gradle.launcher.daemon.server.exec.BuildCommandOnly.execute(BuildCommandOnly.java:37)
۲۰۲۵-۰۵-۲۱T۱۱:۱۳:۲۴.۶۷۸+0330 [ERROR] [org.gradle.internal.buildevents.BuildExceptionReporter]   	at org.gradle.launcher.daemon.server.api.DaemonCommandExecution.proceed(DaemonCommandExecution.java:104)
۲۰۲۵-۰۵-۲۱T۱۱:۱۳:۲۴.۶۷۸+0330 [ERROR] [org.gradle.internal.buildevents.BuildExceptionReporter]   	at org.gradle.launcher.daemon.server.exec.WatchForDisconnection.execute(WatchForDisconnection.java:39)
۲۰۲۵-۰۵-۲۱T۱۱:۱۳:۲۴.۶۷۸+0330 [ERROR] [org.gradle.internal.buildevents.BuildExceptionReporter]   	at org.gradle.launcher.daemon.server.api.DaemonCommandExecution.proceed(DaemonCommandExecution.java:104)
۲۰۲۵-۰۵-۲۱T۱۱:۱۳:۲۴.۶۷۹+0330 [ERROR] [org.gradle.internal.buildevents.BuildExceptionReporter]   	at org.gradle.launcher.daemon.server.exec.ResetDeprecationLogger.execute(ResetDeprecationLogger.java:29)
۲۰۲۵-۰۵-۲۱T۱۱:۱۳:۲۴.۶۷۹+0330 [ERROR] [org.gradle.internal.buildevents.BuildExceptionReporter]   	at org.gradle.launcher.daemon.server.api.DaemonCommandExecution.proceed(DaemonCommandExecution.java:104)
۲۰۲۵-۰۵-۲۱T۱۱:۱۳:۲۴.۶۷۹+0330 [ERROR] [org.gradle.internal.buildevents.BuildExceptionReporter]   	at org.gradle.launcher.daemon.server.exec.RequestStopIfSingleUsedDaemon.execute(RequestStopIfSingleUsedDaemon.java:35)
۲۰۲۵-۰۵-۲۱T۱۱:۱۳:۲۴.۶۷۹+0330 [ERROR] [org.gradle.internal.buildevents.BuildExceptionReporter]   	at org.gradle.launcher.daemon.server.api.DaemonCommandExecution.proceed(DaemonCommandExecution.java:104)
۲۰۲۵-۰۵-۲۱T۱۱:۱۳:۲۴.۶۸۰+0330 [ERROR] [org.gradle.internal.buildevents.BuildExceptionReporter]   	at org.gradle.launcher.daemon.server.exec.ForwardClientInput$2.create(ForwardClientInput.java:78)
۲۰۲۵-۰۵-۲۱T۱۱:۱۳:۲۴.۶۸۰+0330 [ERROR] [org.gradle.internal.buildevents.BuildExceptionReporter]   	at org.gradle.launcher.daemon.server.exec.ForwardClientInput$2.create(ForwardClientInput.java:75)
۲۰۲۵-۰۵-۲۱T۱۱:۱۳:۲۴.۶۸۰+0330 [ERROR] [org.gradle.internal.buildevents.BuildExceptionReporter]   	at org.gradle.util.internal.Swapper.swap(Swapper.java:38)
۲۰۲۵-۰۵-۲۱T۱۱:۱۳:۲۴.۶۸۰+0330 [ERROR] [org.gradle.internal.buildevents.BuildExceptionReporter]   	at org.gradle.launcher.daemon.server.exec.ForwardClientInput.execute(ForwardClientInput.java:75)
۲۰۲۵-۰۵-۲۱T۱۱:۱۳:۲۴.۶۸۰+0330 [ERROR] [org.gradle.internal.buildevents.BuildExceptionReporter]   	at org.gradle.launcher.daemon.server.api.DaemonCommandExecution.proceed(DaemonCommandExecution.java:104)
۲۰۲۵-۰۵-۲۱T۱۱:۱۳:۲۴.۶۸۱+0330 [ERROR] [org.gradle.internal.buildevents.BuildExceptionReporter]   	at org.gradle.launcher.daemon.server.exec.LogAndCheckHealth.execute(LogAndCheckHealth.java:55)
۲۰۲۵-۰۵-۲۱T۱۱:۱۳:۲۴.۶۸۱+0330 [ERROR] [org.gradle.internal.buildevents.BuildExceptionReporter]   	at org.gradle.launcher.daemon.server.api.DaemonCommandExecution.proceed(DaemonCommandExecution.java:104)
۲۰۲۵-۰۵-۲۱T۱۱:۱۳:۲۴.۶۸۱+0330 [ERROR] [org.gradle.internal.buildevents.BuildExceptionReporter]   	at org.gradle.launcher.daemon.server.exec.LogToClient.doBuild(LogToClient.java:63)
۲۰۲۵-۰۵-۲۱T۱۱:۱۳:۲۴.۶۸۱+0330 [ERROR] [org.gradle.internal.buildevents.BuildExceptionReporter]   	at org.gradle.launcher.daemon.server.exec.BuildCommandOnly.execute(BuildCommandOnly.java:37)
۲۰۲۵-۰۵-۲۱T۱۱:۱۳:۲۴.۶۸۱+0330 [ERROR] [org.gradle.internal.buildevents.BuildExceptionReporter]   	at org.gradle.launcher.daemon.server.api.DaemonCommandExecution.proceed(DaemonCommandExecution.java:104)
۲۰۲۵-۰۵-۲۱T۱۱:۱۳:۲۴.۶۸۱+0330 [ERROR] [org.gradle.internal.buildevents.BuildExceptionReporter]   	at org.gradle.launcher.daemon.server.exec.EstablishBuildEnvironment.doBuild(EstablishBuildEnvironment.java:84)
۲۰۲۵-۰۵-۲۱T۱۱:۱۳:۲۴.۶۸۱+0330 [ERROR] [org.gradle.internal.buildevents.BuildExceptionReporter]   	at org.gradle.launcher.daemon.server.exec.BuildCommandOnly.execute(BuildCommandOnly.java:37)
۲۰۲۵-۰۵-۲۱T۱۱:۱۳:۲۴.۶۸۲+0330 [ERROR] [org.gradle.internal.buildevents.BuildExceptionReporter]   	at org.gradle.launcher.daemon.server.api.DaemonCommandExecution.proceed(DaemonCommandExecution.java:104)
۲۰۲۵-۰۵-۲۱T۱۱:۱۳:۲۴.۶۸۲+0330 [ERROR] [org.gradle.internal.buildevents.BuildExceptionReporter]   	at org.gradle.launcher.daemon.server.exec.StartBuildOrRespondWithBusy$1.run(StartBuildOrRespondWithBusy.java:52)
۲۰۲۵-۰۵-۲۱T۱۱:۱۳:۲۴.۶۸۲+0330 [ERROR] [org.gradle.internal.buildevents.BuildExceptionReporter]   	at org.gradle.launcher.daemon.server.DaemonStateCoordinator$1.run(DaemonStateCoordinator.java:297)
۲۰۲۵-۰۵-۲۱T۱۱:۱۳:۲۴.۶۸۲+0330 [ERROR] [org.gradle.internal.buildevents.BuildExceptionReporter]   	at org.gradle.internal.concurrent.ExecutorPolicy$CatchAndRecordFailures.onExecute(ExecutorPolicy.java:64)
۲۰۲۵-۰۵-۲۱T۱۱:۱۳:۲۴.۶۸۳+0330 [ERROR] [org.gradle.internal.buildevents.BuildExceptionReporter]   	at org.gradle.internal.concurrent.ManagedExecutorImpl$1.run(ManagedExecutorImpl.java:48)
۲۰۲۵-۰۵-۲۱T۱۱:۱۳:۲۴.۶۸۳+0330 [ERROR] [org.gradle.internal.buildevents.BuildExceptionReporter]   	at java.base/java.util.concurrent.ThreadPoolExecutor.runWorker(Unknown Source)
۲۰۲۵-۰۵-۲۱T۱۱:۱۳:۲۴.۶۸۳+0330 [ERROR] [org.gradle.internal.buildevents.BuildExceptionReporter]   	at java.base/java.util.concurrent.ThreadPoolExecutor$Worker.run(Unknown Source)
۲۰۲۵-۰۵-۲۱T۱۱:۱۳:۲۴.۶۸۳+0330 [ERROR] [org.gradle.internal.buildevents.BuildExceptionReporter]   	at org.gradle.internal.concurrent.ThreadFactoryImpl$ManagedThreadRunnable.run(ThreadFactoryImpl.java:61)
۲۰۲۵-۰۵-۲۱T۱۱:۱۳:۲۴.۶۸۳+0330 [ERROR] [org.gradle.internal.buildevents.BuildExceptionReporter]   	at java.base/java.lang.Thread.run(Unknown Source)
۲۰۲۵-۰۵-۲۱T۱۱:۱۳:۲۴.۶۸۳+0330 [ERROR] [org.gradle.internal.buildevents.BuildExceptionReporter]   
۲۰۲۵-۰۵-۲۱T۱۱:۱۳:۲۴.۶۸۳+0330 [ERROR] [org.gradle.internal.buildevents.BuildExceptionReporter]   1 error
۲۰۲۵-۰۵-۲۱T۱۱:۱۳:۲۴.۶۸۳+0330 [ERROR] [org.gradle.internal.buildevents.BuildExceptionReporter] 
۲۰۲۵-۰۵-۲۱T۱۱:۱۳:۲۴.۶۸۳+0330 [ERROR] [org.gradle.internal.buildevents.BuildExceptionReporter] 
۲۰۲۵-۰۵-۲۱T۱۱:۱۳:۲۴.۶۸۳+0330 [ERROR] [org.gradle.internal.buildevents.BuildExceptionReporter] * Try:
۲۰۲۵-۰۵-۲۱T۱۱:۱۳:۲۴.۶۸۳+0330 [ERROR] [org.gradle.internal.buildevents.BuildExceptionReporter] > Run with --scan to get full insights.
۲۰۲۵-۰۵-۲۱T۱۱:۱۳:۲۴.۶۸۳+0330 [ERROR] [org.gradle.internal.buildevents.BuildExceptionReporter] 
۲۰۲۵-۰۵-۲۱T۱۱:۱۳:۲۴.۶۸۳+0330 [ERROR] [org.gradle.internal.buildevents.BuildExceptionReporter] * Exception is:
۲۰۲۵-۰۵-۲۱T۱۱:۱۳:۲۴.۶۸۴+0330 [ERROR] [org.gradle.internal.buildevents.BuildExceptionReporter] org.gradle.groovy.scripts.ScriptCompilationException: Could not compile initialization script 'C:\Users\R-s\AppData\Local\Temp\ijMapper1.gradle'.
۲۰۲۵-۰۵-۲۱T۱۱:۱۳:۲۴.۶۸۴+0330 [ERROR] [org.gradle.internal.buildevents.BuildExceptionReporter] 	at org.gradle.groovy.scripts.internal.DefaultScriptCompilationHandler.wrapCompilationFailure(DefaultScriptCompilationHandler.java:192)
۲۰۲۵-۰۵-۲۱T۱۱:۱۳:۲۴.۶۸۴+0330 [ERROR] [org.gradle.internal.buildevents.BuildExceptionReporter] 	at org.gradle.groovy.scripts.internal.DefaultScriptCompilationHandler.compileScript(DefaultScriptCompilationHandler.java:141)
۲۰۲۵-۰۵-۲۱T۱۱:۱۳:۲۴.۶۸۴+0330 [ERROR] [org.gradle.internal.buildevents.BuildExceptionReporter] 	at org.gradle.groovy.scripts.internal.DefaultScriptCompilationHandler.compileToDir(DefaultScriptCompilationHandler.java:95)
۲۰۲۵-۰۵-۲۱T۱۱:۱۳:۲۴.۶۸۴+0330 [ERROR] [org.gradle.internal.buildevents.BuildExceptionReporter] 	at org.gradle.groovy.scripts.internal.BuildOperationBackedScriptCompilationHandler$2.run(BuildOperationBackedScriptCompilationHandler.java:54)
۲۰۲۵-۰۵-۲۱T۱۱:۱۳:۲۴.۶۸۴+0330 [ERROR] [org.gradle.internal.buildevents.BuildExceptionReporter] 	at org.gradle.internal.operations.DefaultBuildOperationRunner$1.execute(DefaultBuildOperationRunner.java:29)
۲۰۲۵-۰۵-۲۱T۱۱:۱۳:۲۴.۶۸۴+0330 [ERROR] [org.gradle.internal.buildevents.BuildExceptionReporter] 	at org.gradle.internal.operations.DefaultBuildOperationRunner$1.execute(DefaultBuildOperationRunner.java:26)
۲۰۲۵-۰۵-۲۱T۱۱:۱۳:۲۴.۶۸۴+0330 [ERROR] [org.gradle.internal.buildevents.BuildExceptionReporter] 	at org.gradle.internal.operations.DefaultBuildOperationRunner$2.execute(DefaultBuildOperationRunner.java:66)
۲۰۲۵-۰۵-۲۱T۱۱:۱۳:۲۴.۶۸۴+0330 [ERROR] [org.gradle.internal.buildevents.BuildExceptionReporter] 	at org.gradle.internal.operations.DefaultBuildOperationRunner$2.execute(DefaultBuildOperationRunner.java:59)
۲۰۲۵-۰۵-۲۱T۱۱:۱۳:۲۴.۶۸۵+0330 [ERROR] [org.gradle.internal.buildevents.BuildExceptionReporter] 	at org.gradle.internal.operations.DefaultBuildOperationRunner.execute(DefaultBuildOperationRunner.java:157)
۲۰۲۵-۰۵-۲۱T۱۱:۱۳:۲۴.۶۸۵+0330 [ERROR] [org.gradle.internal.buildevents.BuildExceptionReporter] 	at org.gradle.internal.operations.DefaultBuildOperationRunner.execute(DefaultBuildOperationRunner.java:59)
۲۰۲۵-۰۵-۲۱T۱۱:۱۳:۲۴.۶۸۵+0330 [ERROR] [org.gradle.internal.buildevents.BuildExceptionReporter] 	at org.gradle.internal.operations.DefaultBuildOperationRunner.run(DefaultBuildOperationRunner.java:47)
۲۰۲۵-۰۵-۲۱T۱۱:۱۳:۲۴.۶۸۵+0330 [ERROR] [org.gradle.internal.buildevents.BuildExceptionReporter] 	at org.gradle.internal.operations.DefaultBuildOperationExecutor.run(DefaultBuildOperationExecutor.java:68)
۲۰۲۵-۰۵-۲۱T۱۱:۱۳:۲۴.۶۸۵+0330 [ERROR] [org.gradle.internal.buildevents.BuildExceptionReporter] 	at org.gradle.groovy.scripts.internal.BuildOperationBackedScriptCompilationHandler.compileToDir(BuildOperationBackedScriptCompilationHandler.java:51)
۲۰۲۵-۰۵-۲۱T۱۱:۱۳:۲۴.۶۸۵+0330 [ERROR] [org.gradle.internal.buildevents.BuildExceptionReporter] 	at org.gradle.groovy.scripts.internal.FileCacheBackedScriptClassCompiler$CompileToCrossBuildCacheAction.execute(FileCacheBackedScriptClassCompiler.java:190)
۲۰۲۵-۰۵-۲۱T۱۱:۱۳:۲۴.۶۸۵+0330 [ERROR] [org.gradle.internal.buildevents.BuildExceptionReporter] 	at org.gradle.groovy.scripts.internal.FileCacheBackedScriptClassCompiler$CompileToCrossBuildCacheAction.execute(FileCacheBackedScriptClassCompiler.java:170)
۲۰۲۵-۰۵-۲۱T۱۱:۱۳:۲۴.۶۸۶+0330 [ERROR] [org.gradle.internal.buildevents.BuildExceptionReporter] 	at org.gradle.groovy.scripts.internal.FileCacheBackedScriptClassCompiler$ProgressReportingInitializer.execute(FileCacheBackedScriptClassCompiler.java:211)
۲۰۲۵-۰۵-۲۱T۱۱:۱۳:۲۴.۶۸۶+0330 [ERROR] [org.gradle.internal.buildevents.BuildExceptionReporter] 	at org.gradle.groovy.scripts.internal.FileCacheBackedScriptClassCompiler$ProgressReportingInitializer.execute(FileCacheBackedScriptClassCompiler.java:194)
۲۰۲۵-۰۵-۲۱T۱۱:۱۳:۲۴.۶۸۶+0330 [ERROR] [org.gradle.internal.buildevents.BuildExceptionReporter] 	at org.gradle.cache.internal.DefaultPersistentDirectoryCache$Initializer.initialize(DefaultPersistentDirectoryCache.java:100)
۲۰۲۵-۰۵-۲۱T۱۱:۱۳:۲۴.۶۹۱+0330 [ERROR] [org.gradle.internal.buildevents.BuildExceptionReporter] 	at org.gradle.cache.internal.FixedSharedModeCrossProcessCacheAccess$1.run(FixedSharedModeCrossProcessCacheAccess.java:86)
۲۰۲۵-۰۵-۲۱T۱۱:۱۳:۲۴.۶۹۱+0330 [ERROR] [org.gradle.internal.buildevents.BuildExceptionReporter] 	at org.gradle.cache.internal.DefaultFileLockManager$DefaultFileLock.doWriteAction(DefaultFileLockManager.java:216)
۲۰۲۵-۰۵-۲۱T۱۱:۱۳:۲۴.۶۹۲+0330 [ERROR] [org.gradle.internal.buildevents.BuildExceptionReporter] 	at org.gradle.cache.internal.DefaultFileLockManager$DefaultFileLock.writeFile(DefaultFileLockManager.java:206)
۲۰۲۵-۰۵-۲۱T۱۱:۱۳:۲۴.۶۹۲+0330 [ERROR] [org.gradle.internal.buildevents.BuildExceptionReporter] 	at org.gradle.cache.internal.FixedSharedModeCrossProcessCacheAccess.open(FixedSharedModeCrossProcessCacheAccess.java:83)
۲۰۲۵-۰۵-۲۱T۱۱:۱۳:۲۴.۶۹۳+0330 [ERROR] [org.gradle.internal.buildevents.BuildExceptionReporter] 	at org.gradle.cache.internal.DefaultCacheAccess.open(DefaultCacheAccess.java:139)
۲۰۲۵-۰۵-۲۱T۱۱:۱۳:۲۴.۶۹۳+0330 [ERROR] [org.gradle.internal.buildevents.BuildExceptionReporter] 	at org.gradle.cache.internal.DefaultPersistentDirectoryStore.open(DefaultPersistentDirectoryStore.java:89)
۲۰۲۵-۰۵-۲۱T۱۱:۱۳:۲۴.۶۹۳+0330 [ERROR] [org.gradle.internal.buildevents.BuildExceptionReporter] 	at org.gradle.cache.internal.DefaultPersistentDirectoryStore.open(DefaultPersistentDirectoryStore.java:43)
۲۰۲۵-۰۵-۲۱T۱۱:۱۳:۲۴.۶۹۴+0330 [ERROR] [org.gradle.internal.buildevents.BuildExceptionReporter] 	at org.gradle.cache.internal.DefaultCacheFactory.doOpen(DefaultCacheFactory.java:103)
۲۰۲۵-۰۵-۲۱T۱۱:۱۳:۲۴.۶۹۴+0330 [ERROR] [org.gradle.internal.buildevents.BuildExceptionReporter] 	at org.gradle.cache.internal.DefaultCacheFactory.open(DefaultCacheFactory.java:68)
۲۰۲۵-۰۵-۲۱T۱۱:۱۳:۲۴.۶۹۴+0330 [ERROR] [org.gradle.internal.buildevents.BuildExceptionReporter] 	at org.gradle.cache.internal.DefaultCacheRepository$PersistentCacheBuilder.open(DefaultCacheRepository.java:117)
۲۰۲۵-۰۵-۲۱T۱۱:۱۳:۲۴.۶۹۵+0330 [ERROR] [org.gradle.internal.buildevents.BuildExceptionReporter] 	at org.gradle.groovy.scripts.internal.FileCacheBackedScriptClassCompiler.compile(FileCacheBackedScriptClassCompiler.java:116)
۲۰۲۵-۰۵-۲۱T۱۱:۱۳:۲۴.۶۹۵+0330 [ERROR] [org.gradle.internal.buildevents.BuildExceptionReporter] 	at org.gradle.groovy.scripts.internal.CrossBuildInMemoryCachingScriptClassCache.getOrCompile(CrossBuildInMemoryCachingScriptClassCache.java:50)
۲۰۲۵-۰۵-۲۱T۱۱:۱۳:۲۴.۶۹۵+0330 [ERROR] [org.gradle.internal.buildevents.BuildExceptionReporter] 	at org.gradle.groovy.scripts.internal.BuildScopeInMemoryCachingScriptClassCompiler.compile(BuildScopeInMemoryCachingScriptClassCompiler.java:50)
۲۰۲۵-۰۵-۲۱T۱۱:۱۳:۲۴.۶۹۶+0330 [ERROR] [org.gradle.internal.buildevents.BuildExceptionReporter] 	at org.gradle.groovy.scripts.DefaultScriptCompilerFactory$ScriptCompilerImpl.compile(DefaultScriptCompilerFactory.java:49)
۲۰۲۵-۰۵-۲۱T۱۱:۱۳:۲۴.۶۹۶+0330 [ERROR] [org.gradle.internal.buildevents.BuildExceptionReporter] 	at org.gradle.configuration.DefaultScriptPluginFactory$ScriptPluginImpl.apply(DefaultScriptPluginFactory.java:125)
۲۰۲۵-۰۵-۲۱T۱۱:۱۳:۲۴.۶۹۷+0330 [ERROR] [org.gradle.internal.buildevents.BuildExceptionReporter] 	at org.gradle.configuration.BuildOperationScriptPlugin$1.run(BuildOperationScriptPlugin.java:65)
۲۰۲۵-۰۵-۲۱T۱۱:۱۳:۲۴.۶۹۷+0330 [ERROR] [org.gradle.internal.buildevents.BuildExceptionReporter] 	at org.gradle.internal.operations.DefaultBuildOperationRunner$1.execute(DefaultBuildOperationRunner.java:29)
۲۰۲۵-۰۵-۲۱T۱۱:۱۳:۲۴.۶۹۷+0330 [ERROR] [org.gradle.internal.buildevents.BuildExceptionReporter] 	at org.gradle.internal.operations.DefaultBuildOperationRunner$1.execute(DefaultBuildOperationRunner.java:26)
۲۰۲۵-۰۵-۲۱T۱۱:۱۳:۲۴.۶۹۸+0330 [ERROR] [org.gradle.internal.buildevents.BuildExceptionReporter] 	at org.gradle.internal.operations.DefaultBuildOperationRunner$2.execute(DefaultBuildOperationRunner.java:66)
۲۰۲۵-۰۵-۲۱T۱۱:۱۳:۲۴.۷۰۲+0330 [ERROR] [org.gradle.internal.buildevents.BuildExceptionReporter] 	at org.gradle.internal.operations.DefaultBuildOperationRunner$2.execute(DefaultBuildOperationRunner.java:59)
۲۰۲۵-۰۵-۲۱T۱۱:۱۳:۲۴.۷۰۳+0330 [ERROR] [org.gradle.internal.buildevents.BuildExceptionReporter] 	at org.gradle.internal.operations.DefaultBuildOperationRunner.execute(DefaultBuildOperationRunner.java:157)
۲۰۲۵-۰۵-۲۱T۱۱:۱۳:۲۴.۷۰۳+0330 [ERROR] [org.gradle.internal.buildevents.BuildExceptionReporter] 	at org.gradle.internal.operations.DefaultBuildOperationRunner.execute(DefaultBuildOperationRunner.java:59)
۲۰۲۵-۰۵-۲۱T۱۱:۱۳:۲۴.۷۰۳+0330 [ERROR] [org.gradle.internal.buildevents.BuildExceptionReporter] 	at org.gradle.internal.operations.DefaultBuildOperationRunner.run(DefaultBuildOperationRunner.java:47)
۲۰۲۵-۰۵-۲۱T۱۱:۱۳:۲۴.۷۰۳+0330 [ERROR] [org.gradle.internal.buildevents.BuildExceptionReporter] 	at org.gradle.internal.operations.DefaultBuildOperationExecutor.run(DefaultBuildOperationExecutor.java:68)
۲۰۲۵-۰۵-۲۱T۱۱:۱۳:۲۴.۷۰۳+0330 [ERROR] [org.gradle.internal.buildevents.BuildExceptionReporter] 	at org.gradle.configuration.BuildOperationScriptPlugin.lambda$apply$0(BuildOperationScriptPlugin.java:62)
۲۰۲۵-۰۵-۲۱T۱۱:۱۳:۲۴.۷۰۳+0330 [ERROR] [org.gradle.internal.buildevents.BuildExceptionReporter] 	at org.gradle.configuration.internal.DefaultUserCodeApplicationContext.apply(DefaultUserCodeApplicationContext.java:44)
۲۰۲۵-۰۵-۲۱T۱۱:۱۳:۲۴.۷۰۴+0330 [ERROR] [org.gradle.internal.buildevents.BuildExceptionReporter] 	at org.gradle.configuration.BuildOperationScriptPlugin.apply(BuildOperationScriptPlugin.java:62)
۲۰۲۵-۰۵-۲۱T۱۱:۱۳:۲۴.۷۰۴+0330 [ERROR] [org.gradle.internal.buildevents.BuildExceptionReporter] 	at org.gradle.configuration.DefaultInitScriptProcessor.process(DefaultInitScriptProcessor.java:50)
۲۰۲۵-۰۵-۲۱T۱۱:۱۳:۲۴.۷۰۴+0330 [ERROR] [org.gradle.internal.buildevents.BuildExceptionReporter] 	at org.gradle.initialization.InitScriptHandler$1.run(InitScriptHandler.java:56)
۲۰۲۵-۰۵-۲۱T۱۱:۱۳:۲۴.۷۰۴+0330 [ERROR] [org.gradle.internal.buildevents.BuildExceptionReporter] 	at org.gradle.internal.operations.DefaultBuildOperationRunner$1.execute(DefaultBuildOperationRunner.java:29)
۲۰۲۵-۰۵-۲۱T۱۱:۱۳:۲۴.۷۰۴+0330 [ERROR] [org.gradle.internal.buildevents.BuildExceptionReporter] 	at org.gradle.internal.operations.DefaultBuildOperationRunner$1.execute(DefaultBuildOperationRunner.java:26)
۲۰۲۵-۰۵-۲۱T۱۱:۱۳:۲۴.۷۰۴+0330 [ERROR] [org.gradle.internal.buildevents.BuildExceptionReporter] 	at org.gradle.internal.operations.DefaultBuildOperationRunner$2.execute(DefaultBuildOperationRunner.java:66)
۲۰۲۵-۰۵-۲۱T۱۱:۱۳:۲۴.۷۰۴+0330 [ERROR] [org.gradle.internal.buildevents.BuildExceptionReporter] 	at org.gradle.internal.operations.DefaultBuildOperationRunner$2.execute(DefaultBuildOperationRunner.java:59)
۲۰۲۵-۰۵-۲۱T۱۱:۱۳:۲۴.۷۰۴+0330 [ERROR] [org.gradle.internal.buildevents.BuildExceptionReporter] 	at org.gradle.internal.operations.DefaultBuildOperationRunner.execute(DefaultBuildOperationRunner.java:157)
۲۰۲۵-۰۵-۲۱T۱۱:۱۳:۲۴.۷۰۵+0330 [ERROR] [org.gradle.internal.buildevents.BuildExceptionReporter] 	at org.gradle.internal.operations.DefaultBuildOperationRunner.execute(DefaultBuildOperationRunner.java:59)
۲۰۲۵-۰۵-۲۱T۱۱:۱۳:۲۴.۷۰۵+0330 [ERROR] [org.gradle.internal.buildevents.BuildExceptionReporter] 	at org.gradle.internal.operations.DefaultBuildOperationRunner.run(DefaultBuildOperationRunner.java:47)
۲۰۲۵-۰۵-۲۱T۱۱:۱۳:۲۴.۷۰۷+0330 [ERROR] [org.gradle.internal.buildevents.BuildExceptionReporter] 	at org.gradle.internal.operations.DefaultBuildOperationExecutor.run(DefaultBuildOperationExecutor.java:68)
۲۰۲۵-۰۵-۲۱T۱۱:۱۳:۲۴.۷۰۸+0330 [ERROR] [org.gradle.internal.buildevents.BuildExceptionReporter] 	at org.gradle.initialization.InitScriptHandler.executeScripts(InitScriptHandler.java:51)
۲۰۲۵-۰۵-۲۱T۱۱:۱۳:۲۴.۷۰۹+0330 [ERROR] [org.gradle.internal.buildevents.BuildExceptionReporter] 	at org.gradle.initialization.InitScriptHandlingSettingsLoader.findAndLoadSettings(InitScriptHandlingSettingsLoader.java:33)
۲۰۲۵-۰۵-۲۱T۱۱:۱۳:۲۴.۷۱۰+0330 [ERROR] [org.gradle.internal.buildevents.BuildExceptionReporter] 	at org.gradle.initialization.GradlePropertiesHandlingSettingsLoader.findAndLoadSettings(GradlePropertiesHandlingSettingsLoader.java:39)
۲۰۲۵-۰۵-۲۱T۱۱:۱۳:۲۴.۷۱۰+0330 [ERROR] [org.gradle.internal.buildevents.BuildExceptionReporter] 	at org.gradle.initialization.DefaultSettingsPreparer.prepareSettings(DefaultSettingsPreparer.java:31)
۲۰۲۵-۰۵-۲۱T۱۱:۱۳:۲۴.۷۱۰+0330 [ERROR] [org.gradle.internal.buildevents.BuildExceptionReporter] 	at org.gradle.initialization.BuildOperationFiringSettingsPreparer$LoadBuild.doLoadBuild(BuildOperationFiringSettingsPreparer.java:62)
۲۰۲۵-۰۵-۲۱T۱۱:۱۳:۲۴.۷۱۰+0330 [ERROR] [org.gradle.internal.buildevents.BuildExceptionReporter] 	at org.gradle.initialization.BuildOperationFiringSettingsPreparer$LoadBuild.run(BuildOperationFiringSettingsPreparer.java:57)
۲۰۲۵-۰۵-۲۱T۱۱:۱۳:۲۴.۷۱۰+0330 [ERROR] [org.gradle.internal.buildevents.BuildExceptionReporter] 	at org.gradle.internal.operations.DefaultBuildOperationRunner$1.execute(DefaultBuildOperationRunner.java:29)
۲۰۲۵-۰۵-۲۱T۱۱:۱۳:۲۴.۷۱۰+0330 [ERROR] [org.gradle.internal.buildevents.BuildExceptionReporter] 	at org.gradle.internal.operations.DefaultBuildOperationRunner$1.execute(DefaultBuildOperationRunner.java:26)
۲۰۲۵-۰۵-۲۱T۱۱:۱۳:۲۴.۷۱۰+0330 [ERROR] [org.gradle.internal.buildevents.BuildExceptionReporter] 	at org.gradle.internal.operations.DefaultBuildOperationRunner$2.execute(DefaultBuildOperationRunner.java:66)
۲۰۲۵-۰۵-۲۱T۱۱:۱۳:۲۴.۷۱۱+0330 [ERROR] [org.gradle.internal.buildevents.BuildExceptionReporter] 	at org.gradle.internal.operations.DefaultBuildOperationRunner$2.execute(DefaultBuildOperationRunner.java:59)
۲۰۲۵-۰۵-۲۱T۱۱:۱۳:۲۴.۷۱۱+0330 [ERROR] [org.gradle.internal.buildevents.BuildExceptionReporter] 	at org.gradle.internal.operations.DefaultBuildOperationRunner.execute(DefaultBuildOperationRunner.java:157)
۲۰۲۵-۰۵-۲۱T۱۱:۱۳:۲۴.۷۱۱+0330 [ERROR] [org.gradle.internal.buildevents.BuildExceptionReporter] 	at org.gradle.internal.operations.DefaultBuildOperationRunner.execute(DefaultBuildOperationRunner.java:59)
۲۰۲۵-۰۵-۲۱T۱۱:۱۳:۲۴.۷۱۱+0330 [ERROR] [org.gradle.internal.buildevents.BuildExceptionReporter] 	at org.gradle.internal.operations.DefaultBuildOperationRunner.run(DefaultBuildOperationRunner.java:47)
۲۰۲۵-۰۵-۲۱T۱۱:۱۳:۲۴.۷۱۱+0330 [ERROR] [org.gradle.internal.buildevents.BuildExceptionReporter] 	at org.gradle.internal.operations.DefaultBuildOperationExecutor.run(DefaultBuildOperationExecutor.java:68)
۲۰۲۵-۰۵-۲۱T۱۱:۱۳:۲۴.۷۱۱+0330 [ERROR] [org.gradle.internal.buildevents.BuildExceptionReporter] 	at org.gradle.initialization.BuildOperationFiringSettingsPreparer.prepareSettings(BuildOperationFiringSettingsPreparer.java:45)
۲۰۲۵-۰۵-۲۱T۱۱:۱۳:۲۴.۷۱۱+0330 [ERROR] [org.gradle.internal.buildevents.BuildExceptionReporter] 	at org.gradle.initialization.VintageBuildModelController.lambda$prepareSettings$0(VintageBuildModelController.java:89)
۲۰۲۵-۰۵-۲۱T۱۱:۱۳:۲۴.۷۱۱+0330 [ERROR] [org.gradle.internal.buildevents.BuildExceptionReporter] 	at org.gradle.internal.build.StateTransitionController.lambda$doTransition$1(StateTransitionController.java:222)
۲۰۲۵-۰۵-۲۱T۱۱:۱۳:۲۴.۷۱۱+0330 [ERROR] [org.gradle.internal.buildevents.BuildExceptionReporter] 	at org.gradle.internal.build.StateTransitionController.doTransition(StateTransitionController.java:243)
۲۰۲۵-۰۵-۲۱T۱۱:۱۳:۲۴.۷۱۲+0330 [ERROR] [org.gradle.internal.buildevents.BuildExceptionReporter] 	at org.gradle.internal.build.StateTransitionController.doTransition(StateTransitionController.java:221)
۲۰۲۵-۰۵-۲۱T۱۱:۱۳:۲۴.۷۱۲+0330 [ERROR] [org.gradle.internal.buildevents.BuildExceptionReporter] 	at org.gradle.internal.build.StateTransitionController.transitionIfNotPreviously(StateTransitionController.java:190)
۲۰۲۵-۰۵-۲۱T۱۱:۱۳:۲۴.۷۱۲+0330 [ERROR] [org.gradle.internal.buildevents.BuildExceptionReporter] 	at org.gradle.initialization.VintageBuildModelController.prepareSettings(VintageBuildModelController.java:89)
۲۰۲۵-۰۵-۲۱T۱۱:۱۳:۲۴.۷۱۲+0330 [ERROR] [org.gradle.internal.buildevents.BuildExceptionReporter] 	at org.gradle.initialization.VintageBuildModelController.doBuildStages(VintageBuildModelController.java:73)
۲۰۲۵-۰۵-۲۱T۱۱:۱۳:۲۴.۷۱۲+0330 [ERROR] [org.gradle.internal.buildevents.BuildExceptionReporter] 	at org.gradle.initialization.VintageBuildModelController.getLoadedSettings(VintageBuildModelController.java:52)
۲۰۲۵-۰۵-۲۱T۱۱:۱۳:۲۴.۷۱۲+0330 [ERROR] [org.gradle.internal.buildevents.BuildExceptionReporter] 	at org.gradle.internal.build.StateTransitionController.notInStateIgnoreOtherThreads(StateTransitionController.java:89)
۲۰۲۵-۰۵-۲۱T۱۱:۱۳:۲۴.۷۱۳+0330 [ERROR] [org.gradle.internal.buildevents.BuildExceptionReporter] 	at org.gradle.internal.build.DefaultBuildLifecycleController.getLoadedSettings(DefaultBuildLifecycleController.java:92)
۲۰۲۵-۰۵-۲۱T۱۱:۱۳:۲۴.۷۱۹+0330 [ERROR] [org.gradle.internal.buildevents.BuildExceptionReporter] 	at org.gradle.internal.build.AbstractBuildState.ensureProjectsLoaded(AbstractBuildState.java:60)
۲۰۲۵-۰۵-۲۱T۱۱:۱۳:۲۴.۷۲۶+0330 [ERROR] [org.gradle.internal.buildevents.BuildExceptionReporter] 	at org.gradle.plugins.ide.internal.tooling.GradleBuildBuilder.create(GradleBuildBuilder.java:58)
۲۰۲۵-۰۵-۲۱T۱۱:۱۳:۲۴.۷۲۷+0330 [ERROR] [org.gradle.internal.buildevents.BuildExceptionReporter] 	at org.gradle.plugins.ide.internal.tooling.GradleBuildBuilder.create(GradleBuildBuilder.java:38)
۲۰۲۵-۰۵-۲۱T۱۱:۱۳:۲۴.۷۲۷+0330 [ERROR] [org.gradle.internal.buildevents.BuildExceptionReporter] 	at org.gradle.tooling.provider.model.internal.DefaultToolingModelBuilderRegistry$BuildScopedBuilder.build(DefaultToolingModelBuilderRegistry.java:205)
۲۰۲۵-۰۵-۲۱T۱۱:۱۳:۲۴.۷۲۷+0330 [ERROR] [org.gradle.internal.buildevents.BuildExceptionReporter] 	at org.gradle.tooling.provider.model.internal.DefaultToolingModelBuilderRegistry$LockAllProjectsBuilder.lambda$build$0(DefaultToolingModelBuilderRegistry.java:317)
۲۰۲۵-۰۵-۲۱T۱۱:۱۳:۲۴.۷۲۷+0330 [ERROR] [org.gradle.internal.buildevents.BuildExceptionReporter] 	at org.gradle.api.internal.project.DefaultProjectStateRegistry.withMutableStateOfAllProjects(DefaultProjectStateRegistry.java:160)
۲۰۲۵-۰۵-۲۱T۱۱:۱۳:۲۴.۷۲۷+0330 [ERROR] [org.gradle.internal.buildevents.BuildExceptionReporter] 	at org.gradle.tooling.provider.model.internal.DefaultToolingModelBuilderRegistry$LockAllProjectsBuilder.build(DefaultToolingModelBuilderRegistry.java:317)
۲۰۲۵-۰۵-۲۱T۱۱:۱۳:۲۴.۷۲۷+0330 [ERROR] [org.gradle.internal.buildevents.BuildExceptionReporter] 	at org.gradle.tooling.provider.model.internal.DefaultToolingModelBuilderRegistry$BuildOperationWrappingBuilder$1.call(DefaultToolingModelBuilderRegistry.java:338)
۲۰۲۵-۰۵-۲۱T۱۱:۱۳:۲۴.۷۲۷+0330 [ERROR] [org.gradle.internal.buildevents.BuildExceptionReporter] 	at org.gradle.internal.operations.DefaultBuildOperationRunner$CallableBuildOperationWorker.execute(DefaultBuildOperationRunner.java:204)
۲۰۲۵-۰۵-۲۱T۱۱:۱۳:۲۴.۷۲۸+0330 [ERROR] [org.gradle.internal.buildevents.BuildExceptionReporter] 	at org.gradle.internal.operations.DefaultBuildOperationRunner$CallableBuildOperationWorker.execute(DefaultBuildOperationRunner.java:199)
۲۰۲۵-۰۵-۲۱T۱۱:۱۳:۲۴.۷۲۸+0330 [ERROR] [org.gradle.internal.buildevents.BuildExceptionReporter] 	at org.gradle.internal.operations.DefaultBuildOperationRunner$2.execute(DefaultBuildOperationRunner.java:66)
۲۰۲۵-۰۵-۲۱T۱۱:۱۳:۲۴.۷۲۸+0330 [ERROR] [org.gradle.internal.buildevents.BuildExceptionReporter] 	at org.gradle.internal.operations.DefaultBuildOperationRunner$2.execute(DefaultBuildOperationRunner.java:59)
۲۰۲۵-۰۵-۲۱T۱۱:۱۳:۲۴.۷۲۸+0330 [ERROR] [org.gradle.internal.buildevents.BuildExceptionReporter] 	at org.gradle.internal.operations.DefaultBuildOperationRunner.execute(DefaultBuildOperationRunner.java:157)
۲۰۲۵-۰۵-۲۱T۱۱:۱۳:۲۴.۷۲۸+0330 [ERROR] [org.gradle.internal.buildevents.BuildExceptionReporter] 	at org.gradle.internal.operations.DefaultBuildOperationRunner.execute(DefaultBuildOperationRunner.java:59)
۲۰۲۵-۰۵-۲۱T۱۱:۱۳:۲۴.۷۲۸+0330 [ERROR] [org.gradle.internal.buildevents.BuildExceptionReporter] 	at org.gradle.internal.operations.DefaultBuildOperationRunner.call(DefaultBuildOperationRunner.java:53)
۲۰۲۵-۰۵-۲۱T۱۱:۱۳:۲۴.۷۲۸+0330 [ERROR] [org.gradle.internal.buildevents.BuildExceptionReporter] 	at org.gradle.internal.operations.DefaultBuildOperationExecutor.call(DefaultBuildOperationExecutor.java:73)
۲۰۲۵-۰۵-۲۱T۱۱:۱۳:۲۴.۷۲۸+0330 [ERROR] [org.gradle.internal.buildevents.BuildExceptionReporter] 	at org.gradle.tooling.provider.model.internal.DefaultToolingModelBuilderRegistry$BuildOperationWrappingBuilder.build(DefaultToolingModelBuilderRegistry.java:335)
۲۰۲۵-۰۵-۲۱T۱۱:۱۳:۲۴.۷۲۸+0330 [ERROR] [org.gradle.internal.buildevents.BuildExceptionReporter] 	at org.gradle.tooling.internal.provider.runner.DefaultBuildController.getModel(DefaultBuildController.java:102)
۲۰۲۵-۰۵-۲۱T۱۱:۱۳:۲۴.۷۲۸+0330 [ERROR] [org.gradle.internal.buildevents.BuildExceptionReporter] 	at org.gradle.tooling.internal.consumer.connection.ParameterAwareBuildControllerAdapter.getModel(ParameterAwareBuildControllerAdapter.java:40)
۲۰۲۵-۰۵-۲۱T۱۱:۱۳:۲۴.۷۲۸+0330 [ERROR] [org.gradle.internal.buildevents.BuildExceptionReporter] 	at org.gradle.tooling.internal.consumer.connection.UnparameterizedBuildController.getModel(UnparameterizedBuildController.java:116)
۲۰۲۵-۰۵-۲۱T۱۱:۱۳:۲۴.۷۲۹+0330 [ERROR] [org.gradle.internal.buildevents.BuildExceptionReporter] 	at org.gradle.tooling.internal.consumer.connection.NestedActionAwareBuildControllerAdapter.getModel(NestedActionAwareBuildControllerAdapter.java:32)
۲۰۲۵-۰۵-۲۱T۱۱:۱۳:۲۴.۷۳۰+0330 [ERROR] [org.gradle.internal.buildevents.BuildExceptionReporter] 	at org.gradle.tooling.internal.consumer.connection.UnparameterizedBuildController.getModel(UnparameterizedBuildController.java:79)
۲۰۲۵-۰۵-۲۱T۱۱:۱۳:۲۴.۷۳۰+0330 [ERROR] [org.gradle.internal.buildevents.BuildExceptionReporter] 	at org.gradle.tooling.internal.consumer.connection.NestedActionAwareBuildControllerAdapter.getModel(NestedActionAwareBuildControllerAdapter.java:32)
۲۰۲۵-۰۵-۲۱T۱۱:۱۳:۲۴.۷۳۰+0330 [ERROR] [org.gradle.internal.buildevents.BuildExceptionReporter] 	at org.gradle.tooling.internal.consumer.connection.UnparameterizedBuildController.getBuildModel(UnparameterizedBuildController.java:74)
۲۰۲۵-۰۵-۲۱T۱۱:۱۳:۲۴.۷۳۰+0330 [ERROR] [org.gradle.internal.buildevents.BuildExceptionReporter] 	at org.gradle.tooling.internal.consumer.connection.NestedActionAwareBuildControllerAdapter.getBuildModel(NestedActionAwareBuildControllerAdapter.java:32)
۲۰۲۵-۰۵-۲۱T۱۱:۱۳:۲۴.۷۳۰+0330 [ERROR] [org.gradle.internal.buildevents.BuildExceptionReporter] 	at com.intellij.gradle.toolingExtension.impl.modelAction.GradleModelFetchAction.lambda$initAction$5(GradleModelFetchAction.java:182)
۲۰۲۵-۰۵-۲۱T۱۱:۱۳:۲۴.۷۳۰+0330 [ERROR] [org.gradle.internal.buildevents.BuildExceptionReporter] 	at com.intellij.gradle.toolingExtension.impl.telemetry.GradleOpenTelemetry.callWithSpan(GradleOpenTelemetry.java:74)
۲۰۲۵-۰۵-۲۱T۱۱:۱۳:۲۴.۷۳۰+0330 [ERROR] [org.gradle.internal.buildevents.BuildExceptionReporter] 	at com.intellij.gradle.toolingExtension.impl.telemetry.GradleOpenTelemetry.callWithSpan(GradleOpenTelemetry.java:62)
۲۰۲۵-۰۵-۲۱T۱۱:۱۳:۲۴.۷۳۱+0330 [ERROR] [org.gradle.internal.buildevents.BuildExceptionReporter] 	at com.intellij.gradle.toolingExtension.impl.modelAction.GradleModelFetchAction.initAction(GradleModelFetchAction.java:181)
۲۰۲۵-۰۵-۲۱T۱۱:۱۳:۲۴.۷۳۱+0330 [ERROR] [org.gradle.internal.buildevents.BuildExceptionReporter] 	at com.intellij.gradle.toolingExtension.impl.modelAction.GradleModelFetchAction.doExecute(GradleModelFetchAction.java:139)
۲۰۲۵-۰۵-۲۱T۱۱:۱۳:۲۴.۷۳۱+0330 [ERROR] [org.gradle.internal.buildevents.BuildExceptionReporter] 	at com.intellij.gradle.toolingExtension.impl.modelAction.GradleModelFetchAction.lambda$execute$1(GradleModelFetchAction.java:104)
۲۰۲۵-۰۵-۲۱T۱۱:۱۳:۲۴.۷۳۱+0330 [ERROR] [org.gradle.internal.buildevents.BuildExceptionReporter] 	at com.intellij.gradle.toolingExtension.impl.telemetry.GradleOpenTelemetry.callWithSpan(GradleOpenTelemetry.java:74)
۲۰۲۵-۰۵-۲۱T۱۱:۱۳:۲۴.۷۳۱+0330 [ERROR] [org.gradle.internal.buildevents.BuildExceptionReporter] 	at com.intellij.gradle.toolingExtension.impl.telemetry.GradleOpenTelemetry.callWithSpan(GradleOpenTelemetry.java:62)
۲۰۲۵-۰۵-۲۱T۱۱:۱۳:۲۴.۷۳۱+0330 [ERROR] [org.gradle.internal.buildevents.BuildExceptionReporter] 	at com.intellij.gradle.toolingExtension.impl.modelAction.GradleModelFetchAction.lambda$execute$2(GradleModelFetchAction.java:103)
۲۰۲۵-۰۵-۲۱T۱۱:۱۳:۲۴.۷۳۱+0330 [ERROR] [org.gradle.internal.buildevents.BuildExceptionReporter] 	at com.intellij.gradle.toolingExtension.impl.modelAction.GradleModelFetchAction.withOpenTelemetry(GradleModelFetchAction.java:114)
۲۰۲۵-۰۵-۲۱T۱۱:۱۳:۲۴.۷۳۲+0330 [ERROR] [org.gradle.internal.buildevents.BuildExceptionReporter] 	at com.intellij.gradle.toolingExtension.impl.modelAction.GradleModelFetchAction.lambda$execute$3(GradleModelFetchAction.java:102)
۲۰۲۵-۰۵-۲۱T۱۱:۱۳:۲۴.۷۳۲+0330 [ERROR] [org.gradle.internal.buildevents.BuildExceptionReporter] 	at com.intellij.gradle.toolingExtension.impl.util.GradleExecutorServiceUtil.withSingleThreadExecutor(GradleExecutorServiceUtil.java:18)
۲۰۲۵-۰۵-۲۱T۱۱:۱۳:۲۴.۷۳۲+0330 [ERROR] [org.gradle.internal.buildevents.BuildExceptionReporter] 	at com.intellij.gradle.toolingExtension.impl.modelAction.GradleModelFetchAction.execute(GradleModelFetchAction.java:101)
۲۰۲۵-۰۵-۲۱T۱۱:۱۳:۲۴.۷۳۵+0330 [ERROR] [org.gradle.internal.buildevents.BuildExceptionReporter] 	at com.intellij.gradle.toolingExtension.impl.modelAction.GradleModelFetchAction.execute(GradleModelFetchAction.java:37)
۲۰۲۵-۰۵-۲۱T۱۱:۱۳:۲۴.۷۳۵+0330 [ERROR] [org.gradle.internal.buildevents.BuildExceptionReporter] 	at org.gradle.tooling.internal.consumer.connection.InternalBuildActionAdapter.execute(InternalBuildActionAdapter.java:65)
۲۰۲۵-۰۵-۲۱T۱۱:۱۳:۲۴.۷۳۵+0330 [ERROR] [org.gradle.internal.buildevents.BuildExceptionReporter] 	at org.gradle.tooling.internal.provider.runner.AbstractClientProvidedBuildActionRunner$ActionAdapter.runAction(AbstractClientProvidedBuildActionRunner.java:131)
۲۰۲۵-۰۵-۲۱T۱۱:۱۳:۲۴.۷۳۵+0330 [ERROR] [org.gradle.internal.buildevents.BuildExceptionReporter] 	at org.gradle.tooling.internal.provider.runner.AbstractClientProvidedBuildActionRunner$ActionAdapter.beforeTasks(AbstractClientProvidedBuildActionRunner.java:99)
۲۰۲۵-۰۵-۲۱T۱۱:۱۳:۲۴.۷۳۵+0330 [ERROR] [org.gradle.internal.buildevents.BuildExceptionReporter] 	at org.gradle.internal.buildtree.DefaultBuildTreeModelCreator.beforeTasks(DefaultBuildTreeModelCreator.java:57)
۲۰۲۵-۰۵-۲۱T۱۱:۱۳:۲۴.۷۳۶+0330 [ERROR] [org.gradle.internal.buildevents.BuildExceptionReporter] 	at org.gradle.internal.buildtree.DefaultBuildTreeLifecycleController.lambda$fromBuildModel$1(DefaultBuildTreeLifecycleController.java:72)
۲۰۲۵-۰۵-۲۱T۱۱:۱۳:۲۴.۷۳۶+0330 [ERROR] [org.gradle.internal.buildevents.BuildExceptionReporter] 	at org.gradle.internal.buildtree.DefaultBuildTreeLifecycleController.lambda$runBuild$4(DefaultBuildTreeLifecycleController.java:103)
۲۰۲۵-۰۵-۲۱T۱۱:۱۳:۲۴.۷۳۶+0330 [ERROR] [org.gradle.internal.buildevents.BuildExceptionReporter] 	at org.gradle.internal.build.StateTransitionController.lambda$transition$0(StateTransitionController.java:145)
۲۰۲۵-۰۵-۲۱T۱۱:۱۳:۲۴.۷۳۶+0330 [ERROR] [org.gradle.internal.buildevents.BuildExceptionReporter] 	at org.gradle.internal.build.StateTransitionController.doTransition(StateTransitionController.java:243)
۲۰۲۵-۰۵-۲۱T۱۱:۱۳:۲۴.۷۳۶+0330 [ERROR] [org.gradle.internal.buildevents.BuildExceptionReporter] 	at org.gradle.internal.build.StateTransitionController.transition(StateTransitionController.java:145)
۲۰۲۵-۰۵-۲۱T۱۱:۱۳:۲۴.۷۳۶+0330 [ERROR] [org.gradle.internal.buildevents.BuildExceptionReporter] 	at org.gradle.internal.buildtree.DefaultBuildTreeLifecycleController.runBuild(DefaultBuildTreeLifecycleController.java:100)
۲۰۲۵-۰۵-۲۱T۱۱:۱۳:۲۴.۷۳۶+0330 [ERROR] [org.gradle.internal.buildevents.BuildExceptionReporter] 	at org.gradle.internal.buildtree.DefaultBuildTreeLifecycleController.fromBuildModel(DefaultBuildTreeLifecycleController.java:71)
۲۰۲۵-۰۵-۲۱T۱۱:۱۳:۲۴.۷۳۶+0330 [ERROR] [org.gradle.internal.buildevents.BuildExceptionReporter] 	at org.gradle.tooling.internal.provider.runner.AbstractClientProvidedBuildActionRunner.runClientAction(AbstractClientProvidedBuildActionRunner.java:43)
۲۰۲۵-۰۵-۲۱T۱۱:۱۳:۲۴.۷۳۷+0330 [ERROR] [org.gradle.internal.buildevents.BuildExceptionReporter] 	at org.gradle.tooling.internal.provider.runner.ClientProvidedPhasedActionRunner.run(ClientProvidedPhasedActionRunner.java:53)
۲۰۲۵-۰۵-۲۱T۱۱:۱۳:۲۴.۷۳۷+0330 [ERROR] [org.gradle.internal.buildevents.BuildExceptionReporter] 	at org.gradle.launcher.exec.ChainingBuildActionRunner.run(ChainingBuildActionRunner.java:35)
۲۰۲۵-۰۵-۲۱T۱۱:۱۳:۲۴.۷۳۷+0330 [ERROR] [org.gradle.internal.buildevents.BuildExceptionReporter] 	at org.gradle.internal.buildtree.ProblemReportingBuildActionRunner.run(ProblemReportingBuildActionRunner.java:49)
۲۰۲۵-۰۵-۲۱T۱۱:۱۳:۲۴.۷۳۷+0330 [ERROR] [org.gradle.internal.buildevents.BuildExceptionReporter] 	at org.gradle.launcher.exec.BuildOutcomeReportingBuildActionRunner.run(BuildOutcomeReportingBuildActionRunner.java:69)
۲۰۲۵-۰۵-۲۱T۱۱:۱۳:۲۴.۷۳۷+0330 [ERROR] [org.gradle.internal.buildevents.BuildExceptionReporter] 	at org.gradle.tooling.internal.provider.FileSystemWatchingBuildActionRunner.run(FileSystemWatchingBuildActionRunner.java:114)
۲۰۲۵-۰۵-۲۱T۱۱:۱۳:۲۴.۷۳۷+0330 [ERROR] [org.gradle.internal.buildevents.BuildExceptionReporter] 	at org.gradle.launcher.exec.BuildCompletionNotifyingBuildActionRunner.run(BuildCompletionNotifyingBuildActionRunner.java:41)
۲۰۲۵-۰۵-۲۱T۱۱:۱۳:۲۴.۷۳۷+0330 [ERROR] [org.gradle.internal.buildevents.BuildExceptionReporter] 	at org.gradle.launcher.exec.RootBuildLifecycleBuildActionExecutor.lambda$execute$0(RootBuildLifecycleBuildActionExecutor.java:40)
۲۰۲۵-۰۵-۲۱T۱۱:۱۳:۲۴.۷۳۸+0330 [ERROR] [org.gradle.internal.buildevents.BuildExceptionReporter] 	at org.gradle.composite.internal.DefaultRootBuildState.run(DefaultRootBuildState.java:155)
۲۰۲۵-۰۵-۲۱T۱۱:۱۳:۲۴.۷۴۰+0330 [ERROR] [org.gradle.internal.buildevents.BuildExceptionReporter] 	at org.gradle.launcher.exec.RootBuildLifecycleBuildActionExecutor.execute(RootBuildLifecycleBuildActionExecutor.java:40)
۲۰۲۵-۰۵-۲۱T۱۱:۱۳:۲۴.۷۴۰+0330 [ERROR] [org.gradle.internal.buildevents.BuildExceptionReporter] 	at org.gradle.internal.buildtree.DefaultBuildTreeContext.execute(DefaultBuildTreeContext.java:40)
۲۰۲۵-۰۵-۲۱T۱۱:۱۳:۲۴.۷۴۰+0330 [ERROR] [org.gradle.internal.buildevents.BuildExceptionReporter] 	at org.gradle.launcher.exec.BuildTreeLifecycleBuildActionExecutor.lambda$execute$0(BuildTreeLifecycleBuildActionExecutor.java:65)
۲۰۲۵-۰۵-۲۱T۱۱:۱۳:۲۴.۷۴۱+0330 [ERROR] [org.gradle.internal.buildevents.BuildExceptionReporter] 	at org.gradle.internal.buildtree.BuildTreeState.run(BuildTreeState.java:53)
۲۰۲۵-۰۵-۲۱T۱۱:۱۳:۲۴.۷۴۱+0330 [ERROR] [org.gradle.internal.buildevents.BuildExceptionReporter] 	at org.gradle.launcher.exec.BuildTreeLifecycleBuildActionExecutor.execute(BuildTreeLifecycleBuildActionExecutor.java:65)
۲۰۲۵-۰۵-۲۱T۱۱:۱۳:۲۴.۷۴۱+0330 [ERROR] [org.gradle.internal.buildevents.BuildExceptionReporter] 	at org.gradle.launcher.exec.RunAsBuildOperationBuildActionExecutor$3.call(RunAsBuildOperationBuildActionExecutor.java:61)
۲۰۲۵-۰۵-۲۱T۱۱:۱۳:۲۴.۷۴۱+0330 [ERROR] [org.gradle.internal.buildevents.BuildExceptionReporter] 	at org.gradle.launcher.exec.RunAsBuildOperationBuildActionExecutor$3.call(RunAsBuildOperationBuildActionExecutor.java:57)
۲۰۲۵-۰۵-۲۱T۱۱:۱۳:۲۴.۷۴۱+0330 [ERROR] [org.gradle.internal.buildevents.BuildExceptionReporter] 	at org.gradle.internal.operations.DefaultBuildOperationRunner$CallableBuildOperationWorker.execute(DefaultBuildOperationRunner.java:204)
۲۰۲۵-۰۵-۲۱T۱۱:۱۳:۲۴.۷۴۱+0330 [ERROR] [org.gradle.internal.buildevents.BuildExceptionReporter] 	at org.gradle.internal.operations.DefaultBuildOperationRunner$CallableBuildOperationWorker.execute(DefaultBuildOperationRunner.java:199)
۲۰۲۵-۰۵-۲۱T۱۱:۱۳:۲۴.۷۴۱+0330 [ERROR] [org.gradle.internal.buildevents.BuildExceptionReporter] 	at org.gradle.internal.operations.DefaultBuildOperationRunner$2.execute(DefaultBuildOperationRunner.java:66)
۲۰۲۵-۰۵-۲۱T۱۱:۱۳:۲۴.۷۴۱+0330 [ERROR] [org.gradle.internal.buildevents.BuildExceptionReporter] 	at org.gradle.internal.operations.DefaultBuildOperationRunner$2.execute(DefaultBuildOperationRunner.java:59)
۲۰۲۵-۰۵-۲۱T۱۱:۱۳:۲۴.۷۴۲+0330 [ERROR] [org.gradle.internal.buildevents.BuildExceptionReporter] 	at org.gradle.internal.operations.DefaultBuildOperationRunner.execute(DefaultBuildOperationRunner.java:157)
۲۰۲۵-۰۵-۲۱T۱۱:۱۳:۲۴.۷۴۲+0330 [ERROR] [org.gradle.internal.buildevents.BuildExceptionReporter] 	at org.gradle.internal.operations.DefaultBuildOperationRunner.execute(DefaultBuildOperationRunner.java:59)
۲۰۲۵-۰۵-۲۱T۱۱:۱۳:۲۴.۷۴۲+0330 [ERROR] [org.gradle.internal.buildevents.BuildExceptionReporter] 	at org.gradle.internal.operations.DefaultBuildOperationRunner.call(DefaultBuildOperationRunner.java:53)
۲۰۲۵-۰۵-۲۱T۱۱:۱۳:۲۴.۷۴۲+0330 [ERROR] [org.gradle.internal.buildevents.BuildExceptionReporter] 	at org.gradle.internal.operations.DefaultBuildOperationExecutor.call(DefaultBuildOperationExecutor.java:73)
۲۰۲۵-۰۵-۲۱T۱۱:۱۳:۲۴.۷۴۲+0330 [ERROR] [org.gradle.internal.buildevents.BuildExceptionReporter] 	at org.gradle.launcher.exec.RunAsBuildOperationBuildActionExecutor.execute(RunAsBuildOperationBuildActionExecutor.java:57)
۲۰۲۵-۰۵-۲۱T۱۱:۱۳:۲۴.۷۴۲+0330 [ERROR] [org.gradle.internal.buildevents.BuildExceptionReporter] 	at org.gradle.launcher.exec.RunAsWorkerThreadBuildActionExecutor.lambda$execute$0(RunAsWorkerThreadBuildActionExecutor.java:38)
۲۰۲۵-۰۵-۲۱T۱۱:۱۳:۲۴.۷۴۲+0330 [ERROR] [org.gradle.internal.buildevents.BuildExceptionReporter] 	at org.gradle.internal.work.DefaultWorkerLeaseService.withLocks(DefaultWorkerLeaseService.java:211)
۲۰۲۵-۰۵-۲۱T۱۱:۱۳:۲۴.۷۴۲+0330 [ERROR] [org.gradle.internal.buildevents.BuildExceptionReporter] 	at org.gradle.launcher.exec.RunAsWorkerThreadBuildActionExecutor.execute(RunAsWorkerThreadBuildActionExecutor.java:38)
۲۰۲۵-۰۵-۲۱T۱۱:۱۳:۲۴.۷۴۳+0330 [ERROR] [org.gradle.internal.buildevents.BuildExceptionReporter] 	at org.gradle.tooling.internal.provider.ContinuousBuildActionExecutor.execute(ContinuousBuildActionExecutor.java:103)
۲۰۲۵-۰۵-۲۱T۱۱:۱۳:۲۴.۷۴۳+0330 [ERROR] [org.gradle.internal.buildevents.BuildExceptionReporter] 	at org.gradle.tooling.internal.provider.SubscribableBuildActionExecutor.execute(SubscribableBuildActionExecutor.java:64)
۲۰۲۵-۰۵-۲۱T۱۱:۱۳:۲۴.۷۴۳+0330 [ERROR] [org.gradle.internal.buildevents.BuildExceptionReporter] 	at org.gradle.internal.session.DefaultBuildSessionContext.execute(DefaultBuildSessionContext.java:46)
۲۰۲۵-۰۵-۲۱T۱۱:۱۳:۲۴.۷۴۳+0330 [ERROR] [org.gradle.internal.buildevents.BuildExceptionReporter] 	at org.gradle.tooling.internal.provider.BuildSessionLifecycleBuildActionExecuter$ActionImpl.apply(BuildSessionLifecycleBuildActionExecuter.java:100)
۲۰۲۵-۰۵-۲۱T۱۱:۱۳:۲۴.۷۴۳+0330 [ERROR] [org.gradle.internal.buildevents.BuildExceptionReporter] 	at org.gradle.tooling.internal.provider.BuildSessionLifecycleBuildActionExecuter$ActionImpl.apply(BuildSessionLifecycleBuildActionExecuter.java:88)
۲۰۲۵-۰۵-۲۱T۱۱:۱۳:۲۴.۷۴۴+0330 [ERROR] [org.gradle.internal.buildevents.BuildExceptionReporter] 	at org.gradle.internal.session.BuildSessionState.run(BuildSessionState.java:69)
۲۰۲۵-۰۵-۲۱T۱۱:۱۳:۲۴.۷۴۴+0330 [ERROR] [org.gradle.internal.buildevents.BuildExceptionReporter] 	at org.gradle.tooling.internal.provider.BuildSessionLifecycleBuildActionExecuter.execute(BuildSessionLifecycleBuildActionExecuter.java:62)
۲۰۲۵-۰۵-۲۱T۱۱:۱۳:۲۴.۷۴۵+0330 [ERROR] [org.gradle.internal.buildevents.BuildExceptionReporter] 	at org.gradle.tooling.internal.provider.BuildSessionLifecycleBuildActionExecuter.execute(BuildSessionLifecycleBuildActionExecuter.java:41)
۲۰۲۵-۰۵-۲۱T۱۱:۱۳:۲۴.۷۴۵+0330 [ERROR] [org.gradle.internal.buildevents.BuildExceptionReporter] 	at org.gradle.tooling.internal.provider.GradleThreadBuildActionExecuter.execute(GradleThreadBuildActionExecuter.java:36)
۲۰۲۵-۰۵-۲۱T۱۱:۱۳:۲۴.۷۴۵+0330 [ERROR] [org.gradle.internal.buildevents.BuildExceptionReporter] 	at org.gradle.tooling.internal.provider.GradleThreadBuildActionExecuter.execute(GradleThreadBuildActionExecuter.java:25)
۲۰۲۵-۰۵-۲۱T۱۱:۱۳:۲۴.۷۴۵+0330 [ERROR] [org.gradle.internal.buildevents.BuildExceptionReporter] 	at org.gradle.tooling.internal.provider.StartParamsValidatingActionExecuter.execute(StartParamsValidatingActionExecuter.java:63)
۲۰۲۵-۰۵-۲۱T۱۱:۱۳:۲۴.۷۴۵+0330 [ERROR] [org.gradle.internal.buildevents.BuildExceptionReporter] 	at org.gradle.tooling.internal.provider.StartParamsValidatingActionExecuter.execute(StartParamsValidatingActionExecuter.java:31)
۲۰۲۵-۰۵-۲۱T۱۱:۱۳:۲۴.۷۴۶+0330 [ERROR] [org.gradle.internal.buildevents.BuildExceptionReporter] 	at org.gradle.tooling.internal.provider.SessionFailureReportingActionExecuter.execute(SessionFailureReportingActionExecuter.java:58)
۲۰۲۵-۰۵-۲۱T۱۱:۱۳:۲۴.۷۵۵+0330 [ERROR] [org.gradle.internal.buildevents.BuildExceptionReporter] 	at org.gradle.tooling.internal.provider.SessionFailureReportingActionExecuter.execute(SessionFailureReportingActionExecuter.java:42)
۲۰۲۵-۰۵-۲۱T۱۱:۱۳:۲۴.۷۵۶+0330 [ERROR] [org.gradle.internal.buildevents.BuildExceptionReporter] 	at org.gradle.tooling.internal.provider.SetupLoggingActionExecuter.execute(SetupLoggingActionExecuter.java:47)
۲۰۲۵-۰۵-۲۱T۱۱:۱۳:۲۴.۷۵۶+0330 [ERROR] [org.gradle.internal.buildevents.BuildExceptionReporter] 	at org.gradle.tooling.internal.provider.SetupLoggingActionExecuter.execute(SetupLoggingActionExecuter.java:31)
۲۰۲۵-۰۵-۲۱T۱۱:۱۳:۲۴.۷۵۶+0330 [ERROR] [org.gradle.internal.buildevents.BuildExceptionReporter] 	at org.gradle.launcher.daemon.server.exec.ExecuteBuild.doBuild(ExecuteBuild.java:65)
۲۰۲۵-۰۵-۲۱T۱۱:۱۳:۲۴.۷۵۶+0330 [ERROR] [org.gradle.internal.buildevents.BuildExceptionReporter] 	at org.gradle.launcher.daemon.server.exec.BuildCommandOnly.execute(BuildCommandOnly.java:37)
۲۰۲۵-۰۵-۲۱T۱۱:۱۳:۲۴.۷۵۶+0330 [ERROR] [org.gradle.internal.buildevents.BuildExceptionReporter] 	at org.gradle.launcher.daemon.server.api.DaemonCommandExecution.proceed(DaemonCommandExecution.java:104)
۲۰۲۵-۰۵-۲۱T۱۱:۱۳:۲۴.۷۵۶+0330 [ERROR] [org.gradle.internal.buildevents.BuildExceptionReporter] 	at org.gradle.launcher.daemon.server.exec.WatchForDisconnection.execute(WatchForDisconnection.java:39)
۲۰۲۵-۰۵-۲۱T۱۱:۱۳:۲۴.۷۵۶+0330 [ERROR] [org.gradle.internal.buildevents.BuildExceptionReporter] 	at org.gradle.launcher.daemon.server.api.DaemonCommandExecution.proceed(DaemonCommandExecution.java:104)
۲۰۲۵-۰۵-۲۱T۱۱:۱۳:۲۴.۷۵۶+0330 [ERROR] [org.gradle.internal.buildevents.BuildExceptionReporter] 	at org.gradle.launcher.daemon.server.exec.ResetDeprecationLogger.execute(ResetDeprecationLogger.java:29)
۲۰۲۵-۰۵-۲۱T۱۱:۱۳:۲۴.۷۵۷+0330 [ERROR] [org.gradle.internal.buildevents.BuildExceptionReporter] 	at org.gradle.launcher.daemon.server.api.DaemonCommandExecution.proceed(DaemonCommandExecution.java:104)
۲۰۲۵-۰۵-۲۱T۱۱:۱۳:۲۴.۷۵۷+0330 [ERROR] [org.gradle.internal.buildevents.BuildExceptionReporter] 	at org.gradle.launcher.daemon.server.exec.RequestStopIfSingleUsedDaemon.execute(RequestStopIfSingleUsedDaemon.java:35)
۲۰۲۵-۰۵-۲۱T۱۱:۱۳:۲۴.۷۵۷+0330 [ERROR] [org.gradle.internal.buildevents.BuildExceptionReporter] 	at org.gradle.launcher.daemon.server.api.DaemonCommandExecution.proceed(DaemonCommandExecution.java:104)
۲۰۲۵-۰۵-۲۱T۱۱:۱۳:۲۴.۷۵۷+0330 [ERROR] [org.gradle.internal.buildevents.BuildExceptionReporter] 	at org.gradle.launcher.daemon.server.exec.ForwardClientInput$2.create(ForwardClientInput.java:78)
۲۰۲۵-۰۵-۲۱T۱۱:۱۳:۲۴.۷۵۷+0330 [ERROR] [org.gradle.internal.buildevents.BuildExceptionReporter] 	at org.gradle.launcher.daemon.server.exec.ForwardClientInput$2.create(ForwardClientInput.java:75)
۲۰۲۵-۰۵-۲۱T۱۱:۱۳:۲۴.۷۵۷+0330 [ERROR] [org.gradle.internal.buildevents.BuildExceptionReporter] 	at org.gradle.util.internal.Swapper.swap(Swapper.java:38)
۲۰۲۵-۰۵-۲۱T۱۱:۱۳:۲۴.۷۵۷+0330 [ERROR] [org.gradle.internal.buildevents.BuildExceptionReporter] 	at org.gradle.launcher.daemon.server.exec.ForwardClientInput.execute(ForwardClientInput.java:75)
۲۰۲۵-۰۵-۲۱T۱۱:۱۳:۲۴.۷۵۷+0330 [ERROR] [org.gradle.internal.buildevents.BuildExceptionReporter] 	at org.gradle.launcher.daemon.server.api.DaemonCommandExecution.proceed(DaemonCommandExecution.java:104)
۲۰۲۵-۰۵-۲۱T۱۱:۱۳:۲۴.۷۵۷+0330 [ERROR] [org.gradle.internal.buildevents.BuildExceptionReporter] 	at org.gradle.launcher.daemon.server.exec.LogAndCheckHealth.execute(LogAndCheckHealth.java:55)
۲۰۲۵-۰۵-۲۱T۱۱:۱۳:۲۴.۷۵۷+0330 [ERROR] [org.gradle.internal.buildevents.BuildExceptionReporter] 	at org.gradle.launcher.daemon.server.api.DaemonCommandExecution.proceed(DaemonCommandExecution.java:104)
۲۰۲۵-۰۵-۲۱T۱۱:۱۳:۲۴.۷۵۸+0330 [ERROR] [org.gradle.internal.buildevents.BuildExceptionReporter] 	at org.gradle.launcher.daemon.server.exec.LogToClient.doBuild(LogToClient.java:63)
۲۰۲۵-۰۵-۲۱T۱۱:۱۳:۲۴.۷۵۸+0330 [ERROR] [org.gradle.internal.buildevents.BuildExceptionReporter] 	at org.gradle.launcher.daemon.server.exec.BuildCommandOnly.execute(BuildCommandOnly.java:37)
۲۰۲۵-۰۵-۲۱T۱۱:۱۳:۲۴.۷۵۸+0330 [ERROR] [org.gradle.internal.buildevents.BuildExceptionReporter] 	at org.gradle.launcher.daemon.server.api.DaemonCommandExecution.proceed(DaemonCommandExecution.java:104)
۲۰۲۵-۰۵-۲۱T۱۱:۱۳:۲۴.۷۵۸+0330 [ERROR] [org.gradle.internal.buildevents.BuildExceptionReporter] 	at org.gradle.launcher.daemon.server.exec.EstablishBuildEnvironment.doBuild(EstablishBuildEnvironment.java:84)
۲۰۲۵-۰۵-۲۱T۱۱:۱۳:۲۴.۷۵۸+0330 [ERROR] [org.gradle.internal.buildevents.BuildExceptionReporter] 	at org.gradle.launcher.daemon.server.exec.BuildCommandOnly.execute(BuildCommandOnly.java:37)
۲۰۲۵-۰۵-۲۱T۱۱:۱۳:۲۴.۷۵۸+0330 [ERROR] [org.gradle.internal.buildevents.BuildExceptionReporter] 	at org.gradle.launcher.daemon.server.api.DaemonCommandExecution.proceed(DaemonCommandExecution.java:104)
۲۰۲۵-۰۵-۲۱T۱۱:۱۳:۲۴.۷۵۸+0330 [ERROR] [org.gradle.internal.buildevents.BuildExceptionReporter] 	at org.gradle.launcher.daemon.server.exec.StartBuildOrRespondWithBusy$1.run(StartBuildOrRespondWithBusy.java:52)
۲۰۲۵-۰۵-۲۱T۱۱:۱۳:۲۴.۷۵۸+0330 [ERROR] [org.gradle.internal.buildevents.BuildExceptionReporter] 	at org.gradle.launcher.daemon.server.DaemonStateCoordinator$1.run(DaemonStateCoordinator.java:297)
۲۰۲۵-۰۵-۲۱T۱۱:۱۳:۲۴.۷۵۸+0330 [ERROR] [org.gradle.internal.buildevents.BuildExceptionReporter] 	at org.gradle.internal.concurrent.ExecutorPolicy$CatchAndRecordFailures.onExecute(ExecutorPolicy.java:64)
۲۰۲۵-۰۵-۲۱T۱۱:۱۳:۲۴.۷۵۹+0330 [ERROR] [org.gradle.internal.buildevents.BuildExceptionReporter] 	at org.gradle.internal.concurrent.ManagedExecutorImpl$1.run(ManagedExecutorImpl.java:48)
۲۰۲۵-۰۵-۲۱T۱۱:۱۳:۲۴.۷۶۰+0330 [ERROR] [org.gradle.internal.buildevents.BuildExceptionReporter] 	at org.gradle.internal.concurrent.ThreadFactoryImpl$ManagedThreadRunnable.run(ThreadFactoryImpl.java:61)
۲۰۲۵-۰۵-۲۱T۱۱:۱۳:۲۴.۷۶۰+0330 [ERROR] [org.gradle.internal.buildevents.BuildExceptionReporter] Caused by: org.codehaus.groovy.control.MultipleCompilationErrorsException: startup failed:
۲۰۲۵-۰۵-۲۱T۱۱:۱۳:۲۴.۷۶۰+0330 [ERROR] [org.gradle.internal.buildevents.BuildExceptionReporter] General error during conversion: Unsupported class file major version 65
۲۰۲۵-۰۵-۲۱T۱۱:۱۳:۲۴.۷۶۰+0330 [ERROR] [org.gradle.internal.buildevents.BuildExceptionReporter] 
۲۰۲۵-۰۵-۲۱T۱۱:۱۳:۲۴.۷۶۱+0330 [ERROR] [org.gradle.internal.buildevents.BuildExceptionReporter] java.lang.IllegalArgumentException: Unsupported class file major version 65
۲۰۲۵-۰۵-۲۱T۱۱:۱۳:۲۴.۷۶۱+0330 [ERROR] [org.gradle.internal.buildevents.BuildExceptionReporter] 	at groovyjarjarasm.asm.ClassReader.<init>(ClassReader.java:199)
۲۰۲۵-۰۵-۲۱T۱۱:۱۳:۲۴.۷۶۱+0330 [ERROR] [org.gradle.internal.buildevents.BuildExceptionReporter] 	at groovyjarjarasm.asm.ClassReader.<init>(ClassReader.java:180)
۲۰۲۵-۰۵-۲۱T۱۱:۱۳:۲۴.۷۶۱+0330 [ERROR] [org.gradle.internal.buildevents.BuildExceptionReporter] 	at groovyjarjarasm.asm.ClassReader.<init>(ClassReader.java:166)
۲۰۲۵-۰۵-۲۱T۱۱:۱۳:۲۴.۷۶۱+0330 [ERROR] [org.gradle.internal.buildevents.BuildExceptionReporter] 	at groovyjarjarasm.asm.ClassReader.<init>(ClassReader.java:287)
۲۰۲۵-۰۵-۲۱T۱۱:۱۳:۲۴.۷۶۱+0330 [ERROR] [org.gradle.internal.buildevents.BuildExceptionReporter] 	at org.codehaus.groovy.ast.decompiled.AsmDecompiler.parseClass(AsmDecompiler.java:81)
۲۰۲۵-۰۵-۲۱T۱۱:۱۳:۲۴.۷۶۱+0330 [ERROR] [org.gradle.internal.buildevents.BuildExceptionReporter] 	at org.codehaus.groovy.control.ClassNodeResolver.findDecompiled(ClassNodeResolver.java:251)
۲۰۲۵-۰۵-۲۱T۱۱:۱۳:۲۴.۷۶۱+0330 [ERROR] [org.gradle.internal.buildevents.BuildExceptionReporter] 	at org.codehaus.groovy.control.ClassNodeResolver.tryAsLoaderClassOrScript(ClassNodeResolver.java:189)
۲۰۲۵-۰۵-۲۱T۱۱:۱۳:۲۴.۷۶۱+0330 [ERROR] [org.gradle.internal.buildevents.BuildExceptionReporter] 	at org.codehaus.groovy.control.ClassNodeResolver.findClassNode(ClassNodeResolver.java:169)
۲۰۲۵-۰۵-۲۱T۱۱:۱۳:۲۴.۷۶۱+0330 [ERROR] [org.gradle.internal.buildevents.BuildExceptionReporter] 	at org.codehaus.groovy.control.ClassNodeResolver.resolveName(ClassNodeResolver.java:125)
۲۰۲۵-۰۵-۲۱T۱۱:۱۳:۲۴.۷۶۲+0330 [ERROR] [org.gradle.internal.buildevents.BuildExceptionReporter] 	at org.codehaus.groovy.ast.decompiled.AsmReferenceResolver.resolveClassNullable(AsmReferenceResolver.java:57)
۲۰۲۵-۰۵-۲۱T۱۱:۱۳:۲۴.۷۶۲+0330 [ERROR] [org.gradle.internal.buildevents.BuildExceptionReporter] 	at org.codehaus.groovy.ast.decompiled.AsmReferenceResolver.resolveClass(AsmReferenceResolver.java:44)
۲۰۲۵-۰۵-۲۱T۱۱:۱۳:۲۴.۷۶۲+0330 [ERROR] [org.gradle.internal.buildevents.BuildExceptionReporter] 	at org.codehaus.groovy.ast.decompiled.AsmReferenceResolver.resolveNonArrayType(AsmReferenceResolver.java:79)
۲۰۲۵-۰۵-۲۱T۱۱:۱۳:۲۴.۷۶۲+0330 [ERROR] [org.gradle.internal.buildevents.BuildExceptionReporter] 	at org.codehaus.groovy.ast.decompiled.AsmReferenceResolver.resolveType(AsmReferenceResolver.java:70)
۲۰۲۵-۰۵-۲۱T۱۱:۱۳:۲۴.۷۶۲+0330 [ERROR] [org.gradle.internal.buildevents.BuildExceptionReporter] 	at org.codehaus.groovy.ast.decompiled.MemberSignatureParser.createMethodNode(MemberSignatureParser.java:58)
۲۰۲۵-۰۵-۲۱T۱۱:۱۳:۲۴.۷۶۲+0330 [ERROR] [org.gradle.internal.buildevents.BuildExceptionReporter] 	at org.codehaus.groovy.ast.decompiled.DecompiledClassNode.lambda$createMethodNode$1(DecompiledClassNode.java:230)
۲۰۲۵-۰۵-۲۱T۱۱:۱۳:۲۴.۷۶۲+0330 [ERROR] [org.gradle.internal.buildevents.BuildExceptionReporter] 	at org.codehaus.groovy.ast.decompiled.DecompiledClassNode.createMethodNode(DecompiledClassNode.java:236)
۲۰۲۵-۰۵-۲۱T۱۱:۱۳:۲۴.۷۶۲+0330 [ERROR] [org.gradle.internal.buildevents.BuildExceptionReporter] 	at org.codehaus.groovy.ast.decompiled.DecompiledClassNode.lazyInitMembers(DecompiledClassNode.java:203)
۲۰۲۵-۰۵-۲۱T۱۱:۱۳:۲۴.۷۶۲+0330 [ERROR] [org.gradle.internal.buildevents.BuildExceptionReporter] 	at org.codehaus.groovy.ast.decompiled.DecompiledClassNode.getDeclaredMethods(DecompiledClassNode.java:122)
۲۰۲۵-۰۵-۲۱T۱۱:۱۳:۲۴.۷۶۳+0330 [ERROR] [org.gradle.internal.buildevents.BuildExceptionReporter] 	at org.codehaus.groovy.ast.ClassNode.tryFindPossibleMethod(ClassNode.java:1283)
۲۰۲۵-۰۵-۲۱T۱۱:۱۳:۲۴.۷۶۳+0330 [ERROR] [org.gradle.internal.buildevents.BuildExceptionReporter] 	at org.codehaus.groovy.control.StaticImportVisitor.transformMethodCallExpression(StaticImportVisitor.java:251)
۲۰۲۵-۰۵-۲۱T۱۱:۱۳:۲۴.۷۶۳+0330 [ERROR] [org.gradle.internal.buildevents.BuildExceptionReporter] 	at org.codehaus.groovy.control.StaticImportVisitor.transform(StaticImportVisitor.java:133)
۲۰۲۵-۰۵-۲۱T۱۱:۱۳:۲۴.۷۶۳+0330 [ERROR] [org.gradle.internal.buildevents.BuildExceptionReporter] 	at org.codehaus.groovy.ast.ClassCodeExpressionTransformer.visitExpressionStatement(ClassCodeExpressionTransformer.java:108)
۲۰۲۵-۰۵-۲۱T۱۱:۱۳:۲۴.۷۶۳+0330 [ERROR] [org.gradle.internal.buildevents.BuildExceptionReporter] 	at org.codehaus.groovy.ast.stmt.ExpressionStatement.visit(ExpressionStatement.java:40)
۲۰۲۵-۰۵-۲۱T۱۱:۱۳:۲۴.۷۶۳+0330 [ERROR] [org.gradle.internal.buildevents.BuildExceptionReporter] 	at org.codehaus.groovy.ast.ClassCodeVisitorSupport.visitClassCodeContainer(ClassCodeVisitorSupport.java:138)
۲۰۲۵-۰۵-۲۱T۱۱:۱۳:۲۴.۷۶۴+0330 [ERROR] [org.gradle.internal.buildevents.BuildExceptionReporter] 	at org.codehaus.groovy.ast.ClassCodeVisitorSupport.visitConstructorOrMethod(ClassCodeVisitorSupport.java:111)
۲۰۲۵-۰۵-۲۱T۱۱:۱۳:۲۴.۷۶۴+0330 [ERROR] [org.gradle.internal.buildevents.BuildExceptionReporter] 	at org.codehaus.groovy.ast.ClassCodeExpressionTransformer.visitConstructorOrMethod(ClassCodeExpressionTransformer.java:66)
۲۰۲۵-۰۵-۲۱T۱۱:۱۳:۲۴.۷۶۴+0330 [ERROR] [org.gradle.internal.buildevents.BuildExceptionReporter] 	at org.codehaus.groovy.control.StaticImportVisitor.visitConstructorOrMethod(StaticImportVisitor.java:108)
۲۰۲۵-۰۵-۲۱T۱۱:۱۳:۲۴.۷۶۴+0330 [ERROR] [org.gradle.internal.buildevents.BuildExceptionReporter] 	at org.codehaus.groovy.ast.ClassCodeVisitorSupport.visitConstructor(ClassCodeVisitorSupport.java:101)
۲۰۲۵-۰۵-۲۱T۱۱:۱۳:۲۴.۷۶۴+0330 [ERROR] [org.gradle.internal.buildevents.BuildExceptionReporter] 	at org.codehaus.groovy.ast.ClassNode.visitContents(ClassNode.java:1089)
۲۰۲۵-۰۵-۲۱T۱۱:۱۳:۲۴.۷۶۴+0330 [ERROR] [org.gradle.internal.buildevents.BuildExceptionReporter] 	at org.codehaus.groovy.ast.ClassCodeVisitorSupport.visitClass(ClassCodeVisitorSupport.java:52)
۲۰۲۵-۰۵-۲۱T۱۱:۱۳:۲۴.۷۶۴+0330 [ERROR] [org.gradle.internal.buildevents.BuildExceptionReporter] 	at org.codehaus.groovy.control.CompilationUnit.lambda$addPhaseOperations$3(CompilationUnit.java:209)
۲۰۲۵-۰۵-۲۱T۱۱:۱۳:۲۴.۷۶۴+0330 [ERROR] [org.gradle.internal.buildevents.BuildExceptionReporter] 	at org.codehaus.groovy.control.CompilationUnit$IPrimaryClassNodeOperation.doPhaseOperation(CompilationUnit.java:942)
۲۰۲۵-۰۵-۲۱T۱۱:۱۳:۲۴.۷۶۴+0330 [ERROR] [org.gradle.internal.buildevents.BuildExceptionReporter] 	at org.codehaus.groovy.control.CompilationUnit.processPhaseOperations(CompilationUnit.java:671)
۲۰۲۵-۰۵-۲۱T۱۱:۱۳:۲۴.۷۶۴+0330 [ERROR] [org.gradle.internal.buildevents.BuildExceptionReporter] 	at org.codehaus.groovy.control.CompilationUnit.compile(CompilationUnit.java:635)
۲۰۲۵-۰۵-۲۱T۱۱:۱۳:۲۴.۷۶۵+0330 [ERROR] [org.gradle.internal.buildevents.BuildExceptionReporter] 	at groovy.lang.GroovyClassLoader.doParseClass(GroovyClassLoader.java:389)
۲۰۲۵-۰۵-۲۱T۱۱:۱۳:۲۴.۷۶۵+0330 [ERROR] [org.gradle.internal.buildevents.BuildExceptionReporter] 	at groovy.lang.GroovyClassLoader.lambda$parseClass$3(GroovyClassLoader.java:332)
۲۰۲۵-۰۵-۲۱T۱۱:۱۳:۲۴.۷۶۵+0330 [ERROR] [org.gradle.internal.buildevents.BuildExceptionReporter] 	at org.codehaus.groovy.runtime.memoize.StampedCommonCache.compute(StampedCommonCache.java:163)
۲۰۲۵-۰۵-۲۱T۱۱:۱۳:۲۴.۷۶۵+0330 [ERROR] [org.gradle.internal.buildevents.BuildExceptionReporter] 	at org.codehaus.groovy.runtime.memoize.StampedCommonCache.getAndPut(StampedCommonCache.java:154)
۲۰۲۵-۰۵-۲۱T۱۱:۱۳:۲۴.۷۶۵+0330 [ERROR] [org.gradle.internal.buildevents.BuildExceptionReporter] 	at groovy.lang.GroovyClassLoader.parseClass(GroovyClassLoader.java:330)
۲۰۲۵-۰۵-۲۱T۱۱:۱۳:۲۴.۷۶۵+0330 [ERROR] [org.gradle.internal.buildevents.BuildExceptionReporter] 	at org.gradle.groovy.scripts.internal.DefaultScriptCompilationHandler.compileScript(DefaultScriptCompilationHandler.java:139)
۲۰۲۵-۰۵-۲۱T۱۱:۱۳:۲۴.۷۶۸+0330 [ERROR] [org.gradle.internal.buildevents.BuildExceptionReporter] 	at org.gradle.groovy.scripts.internal.DefaultScriptCompilationHandler.compileToDir(DefaultScriptCompilationHandler.java:95)
۲۰۲۵-۰۵-۲۱T۱۱:۱۳:۲۴.۷۶۸+0330 [ERROR] [org.gradle.internal.buildevents.BuildExceptionReporter] 	at org.gradle.groovy.scripts.internal.BuildOperationBackedScriptCompilationHandler$2.run(BuildOperationBackedScriptCompilationHandler.java:54)
۲۰۲۵-۰۵-۲۱T۱۱:۱۳:۲۴.۷۶۸+0330 [ERROR] [org.gradle.internal.buildevents.BuildExceptionReporter] 	at org.gradle.internal.operations.DefaultBuildOperationRunner$1.execute(DefaultBuildOperationRunner.java:29)
۲۰۲۵-۰۵-۲۱T۱۱:۱۳:۲۴.۷۶۸+0330 [ERROR] [org.gradle.internal.buildevents.BuildExceptionReporter] 	at org.gradle.internal.operations.DefaultBuildOperationRunner$1.execute(DefaultBuildOperationRunner.java:26)
۲۰۲۵-۰۵-۲۱T۱۱:۱۳:۲۴.۷۶۹+0330 [ERROR] [org.gradle.internal.buildevents.BuildExceptionReporter] 	at org.gradle.internal.operations.DefaultBuildOperationRunner$2.execute(DefaultBuildOperationRunner.java:66)
۲۰۲۵-۰۵-۲۱T۱۱:۱۳:۲۴.۷۶۹+0330 [ERROR] [org.gradle.internal.buildevents.BuildExceptionReporter] 	at org.gradle.internal.operations.DefaultBuildOperationRunner$2.execute(DefaultBuildOperationRunner.java:59)
۲۰۲۵-۰۵-۲۱T۱۱:۱۳:۲۴.۷۶۹+0330 [ERROR] [org.gradle.internal.buildevents.BuildExceptionReporter] 	at org.gradle.internal.operations.DefaultBuildOperationRunner.execute(DefaultBuildOperationRunner.java:157)
۲۰۲۵-۰۵-۲۱T۱۱:۱۳:۲۴.۷۶۹+0330 [ERROR] [org.gradle.internal.buildevents.BuildExceptionReporter] 	at org.gradle.internal.operations.DefaultBuildOperationRunner.execute(DefaultBuildOperationRunner.java:59)
۲۰۲۵-۰۵-۲۱T۱۱:۱۳:۲۴.۷۷۰+0330 [ERROR] [org.gradle.internal.buildevents.BuildExceptionReporter] 	at org.gradle.internal.operations.DefaultBuildOperationRunner.run(DefaultBuildOperationRunner.java:47)
۲۰۲۵-۰۵-۲۱T۱۱:۱۳:۲۴.۷۷۰+0330 [ERROR] [org.gradle.internal.buildevents.BuildExceptionReporter] 	at org.gradle.internal.operations.DefaultBuildOperationExecutor.run(DefaultBuildOperationExecutor.java:68)
۲۰۲۵-۰۵-۲۱T۱۱:۱۳:۲۴.۷۷۰+0330 [ERROR] [org.gradle.internal.buildevents.BuildExceptionReporter] 	at org.gradle.groovy.scripts.internal.BuildOperationBackedScriptCompilationHandler.compileToDir(BuildOperationBackedScriptCompilationHandler.java:51)
۲۰۲۵-۰۵-۲۱T۱۱:۱۳:۲۴.۷۷۰+0330 [ERROR] [org.gradle.internal.buildevents.BuildExceptionReporter] 	at org.gradle.groovy.scripts.internal.FileCacheBackedScriptClassCompiler$CompileToCrossBuildCacheAction.execute(FileCacheBackedScriptClassCompiler.java:190)
۲۰۲۵-۰۵-۲۱T۱۱:۱۳:۲۴.۷۷۰+0330 [ERROR] [org.gradle.internal.buildevents.BuildExceptionReporter] 	at org.gradle.groovy.scripts.internal.FileCacheBackedScriptClassCompiler$CompileToCrossBuildCacheAction.execute(FileCacheBackedScriptClassCompiler.java:170)
۲۰۲۵-۰۵-۲۱T۱۱:۱۳:۲۴.۷۷۰+0330 [ERROR] [org.gradle.internal.buildevents.BuildExceptionReporter] 	at org.gradle.groovy.scripts.internal.FileCacheBackedScriptClassCompiler$ProgressReportingInitializer.execute(FileCacheBackedScriptClassCompiler.java:211)
۲۰۲۵-۰۵-۲۱T۱۱:۱۳:۲۴.۷۷۰+0330 [ERROR] [org.gradle.internal.buildevents.BuildExceptionReporter] 	at org.gradle.groovy.scripts.internal.FileCacheBackedScriptClassCompiler$ProgressReportingInitializer.execute(FileCacheBackedScriptClassCompiler.java:194)
۲۰۲۵-۰۵-۲۱T۱۱:۱۳:۲۴.۷۷۰+0330 [ERROR] [org.gradle.internal.buildevents.BuildExceptionReporter] 	at org.gradle.cache.internal.DefaultPersistentDirectoryCache$Initializer.initialize(DefaultPersistentDirectoryCache.java:100)
۲۰۲۵-۰۵-۲۱T۱۱:۱۳:۲۴.۷۷۱+0330 [ERROR] [org.gradle.internal.buildevents.BuildExceptionReporter] 	at org.gradle.cache.internal.FixedSharedModeCrossProcessCacheAccess$1.run(FixedSharedModeCrossProcessCacheAccess.java:86)
۲۰۲۵-۰۵-۲۱T۱۱:۱۳:۲۴.۷۷۱+0330 [ERROR] [org.gradle.internal.buildevents.BuildExceptionReporter] 	at org.gradle.cache.internal.DefaultFileLockManager$DefaultFileLock.doWriteAction(DefaultFileLockManager.java:216)
۲۰۲۵-۰۵-۲۱T۱۱:۱۳:۲۴.۷۷۱+0330 [ERROR] [org.gradle.internal.buildevents.BuildExceptionReporter] 	at org.gradle.cache.internal.DefaultFileLockManager$DefaultFileLock.writeFile(DefaultFileLockManager.java:206)
۲۰۲۵-۰۵-۲۱T۱۱:۱۳:۲۴.۷۷۱+0330 [ERROR] [org.gradle.internal.buildevents.BuildExceptionReporter] 	at org.gradle.cache.internal.FixedSharedModeCrossProcessCacheAccess.open(FixedSharedModeCrossProcessCacheAccess.java:83)
۲۰۲۵-۰۵-۲۱T۱۱:۱۳:۲۴.۷۷۱+0330 [ERROR] [org.gradle.internal.buildevents.BuildExceptionReporter] 	at org.gradle.cache.internal.DefaultCacheAccess.open(DefaultCacheAccess.java:139)
۲۰۲۵-۰۵-۲۱T۱۱:۱۳:۲۴.۷۷۱+0330 [ERROR] [org.gradle.internal.buildevents.BuildExceptionReporter] 	at org.gradle.cache.internal.DefaultPersistentDirectoryStore.open(DefaultPersistentDirectoryStore.java:89)
۲۰۲۵-۰۵-۲۱T۱۱:۱۳:۲۴.۷۷۱+0330 [ERROR] [org.gradle.internal.buildevents.BuildExceptionReporter] 	at org.gradle.cache.internal.DefaultPersistentDirectoryStore.open(DefaultPersistentDirectoryStore.java:43)
۲۰۲۵-۰۵-۲۱T۱۱:۱۳:۲۴.۷۷۱+0330 [ERROR] [org.gradle.internal.buildevents.BuildExceptionReporter] 	at org.gradle.cache.internal.DefaultCacheFactory.doOpen(DefaultCacheFactory.java:103)
۲۰۲۵-۰۵-۲۱T۱۱:۱۳:۲۴.۷۷۱+0330 [ERROR] [org.gradle.internal.buildevents.BuildExceptionReporter] 	at org.gradle.cache.internal.DefaultCacheFactory.open(DefaultCacheFactory.java:68)
۲۰۲۵-۰۵-۲۱T۱۱:۱۳:۲۴.۷۷۱+0330 [ERROR] [org.gradle.internal.buildevents.BuildExceptionReporter] 	at org.gradle.cache.internal.DefaultCacheRepository$PersistentCacheBuilder.open(DefaultCacheRepository.java:117)
۲۰۲۵-۰۵-۲۱T۱۱:۱۳:۲۴.۷۷۲+0330 [ERROR] [org.gradle.internal.buildevents.BuildExceptionReporter] 	at org.gradle.groovy.scripts.internal.FileCacheBackedScriptClassCompiler.compile(FileCacheBackedScriptClassCompiler.java:116)
۲۰۲۵-۰۵-۲۱T۱۱:۱۳:۲۴.۷۷۲+0330 [ERROR] [org.gradle.internal.buildevents.BuildExceptionReporter] 	at org.gradle.groovy.scripts.internal.CrossBuildInMemoryCachingScriptClassCache.getOrCompile(CrossBuildInMemoryCachingScriptClassCache.java:50)
۲۰۲۵-۰۵-۲۱T۱۱:۱۳:۲۴.۷۷۲+0330 [ERROR] [org.gradle.internal.buildevents.BuildExceptionReporter] 	at org.gradle.groovy.scripts.internal.BuildScopeInMemoryCachingScriptClassCompiler.compile(BuildScopeInMemoryCachingScriptClassCompiler.java:50)
۲۰۲۵-۰۵-۲۱T۱۱:۱۳:۲۴.۷۷۲+0330 [ERROR] [org.gradle.internal.buildevents.BuildExceptionReporter] 	at org.gradle.groovy.scripts.DefaultScriptCompilerFactory$ScriptCompilerImpl.compile(DefaultScriptCompilerFactory.java:49)
۲۰۲۵-۰۵-۲۱T۱۱:۱۳:۲۴.۷۷۲+0330 [ERROR] [org.gradle.internal.buildevents.BuildExceptionReporter] 	at org.gradle.configuration.DefaultScriptPluginFactory$ScriptPluginImpl.apply(DefaultScriptPluginFactory.java:125)
۲۰۲۵-۰۵-۲۱T۱۱:۱۳:۲۴.۷۷۲+0330 [ERROR] [org.gradle.internal.buildevents.BuildExceptionReporter] 	at org.gradle.configuration.BuildOperationScriptPlugin$1.run(BuildOperationScriptPlugin.java:65)
۲۰۲۵-۰۵-۲۱T۱۱:۱۳:۲۴.۷۷۲+0330 [ERROR] [org.gradle.internal.buildevents.BuildExceptionReporter] 	at org.gradle.internal.operations.DefaultBuildOperationRunner$1.execute(DefaultBuildOperationRunner.java:29)
۲۰۲۵-۰۵-۲۱T۱۱:۱۳:۲۴.۷۷۲+0330 [ERROR] [org.gradle.internal.buildevents.BuildExceptionReporter] 	at org.gradle.internal.operations.DefaultBuildOperationRunner$1.execute(DefaultBuildOperationRunner.java:26)
۲۰۲۵-۰۵-۲۱T۱۱:۱۳:۲۴.۷۷۲+0330 [ERROR] [org.gradle.internal.buildevents.BuildExceptionReporter] 	at org.gradle.internal.operations.DefaultBuildOperationRunner$2.execute(DefaultBuildOperationRunner.java:66)
۲۰۲۵-۰۵-۲۱T۱۱:۱۳:۲۴.۷۷۳+0330 [ERROR] [org.gradle.internal.buildevents.BuildExceptionReporter] 	at org.gradle.internal.operations.DefaultBuildOperationRunner$2.execute(DefaultBuildOperationRunner.java:59)
۲۰۲۵-۰۵-۲۱T۱۱:۱۳:۲۴.۷۷۳+0330 [ERROR] [org.gradle.internal.buildevents.BuildExceptionReporter] 	at org.gradle.internal.operations.DefaultBuildOperationRunner.execute(DefaultBuildOperationRunner.java:157)
۲۰۲۵-۰۵-۲۱T۱۱:۱۳:۲۴.۷۷۳+0330 [ERROR] [org.gradle.internal.buildevents.BuildExceptionReporter] 	at org.gradle.internal.operations.DefaultBuildOperationRunner.execute(DefaultBuildOperationRunner.java:59)
۲۰۲۵-۰۵-۲۱T۱۱:۱۳:۲۴.۷۷۳+0330 [ERROR] [org.gradle.internal.buildevents.BuildExceptionReporter] 	at org.gradle.internal.operations.DefaultBuildOperationRunner.run(DefaultBuildOperationRunner.java:47)
۲۰۲۵-۰۵-۲۱T۱۱:۱۳:۲۴.۷۷۳+0330 [ERROR] [org.gradle.internal.buildevents.BuildExceptionReporter] 	at org.gradle.internal.operations.DefaultBuildOperationExecutor.run(DefaultBuildOperationExecutor.java:68)
۲۰۲۵-۰۵-۲۱T۱۱:۱۳:۲۴.۷۷۳+0330 [ERROR] [org.gradle.internal.buildevents.BuildExceptionReporter] 	at org.gradle.configuration.BuildOperationScriptPlugin.lambda$apply$0(BuildOperationScriptPlugin.java:62)
۲۰۲۵-۰۵-۲۱T۱۱:۱۳:۲۴.۷۷۳+0330 [ERROR] [org.gradle.internal.buildevents.BuildExceptionReporter] 	at org.gradle.configuration.internal.DefaultUserCodeApplicationContext.apply(DefaultUserCodeApplicationContext.java:44)
۲۰۲۵-۰۵-۲۱T۱۱:۱۳:۲۴.۷۷۳+0330 [ERROR] [org.gradle.internal.buildevents.BuildExceptionReporter] 	at org.gradle.configuration.BuildOperationScriptPlugin.apply(BuildOperationScriptPlugin.java:62)
۲۰۲۵-۰۵-۲۱T۱۱:۱۳:۲۴.۷۷۳+0330 [ERROR] [org.gradle.internal.buildevents.BuildExceptionReporter] 	at org.gradle.configuration.DefaultInitScriptProcessor.process(DefaultInitScriptProcessor.java:50)
۲۰۲۵-۰۵-۲۱T۱۱:۱۳:۲۴.۷۷۴+0330 [ERROR] [org.gradle.internal.buildevents.BuildExceptionReporter] 	at org.gradle.initialization.InitScriptHandler$1.run(InitScriptHandler.java:56)
۲۰۲۵-۰۵-۲۱T۱۱:۱۳:۲۴.۷۷۴+0330 [ERROR] [org.gradle.internal.buildevents.BuildExceptionReporter] 	at org.gradle.internal.operations.DefaultBuildOperationRunner$1.execute(DefaultBuildOperationRunner.java:29)
۲۰۲۵-۰۵-۲۱T۱۱:۱۳:۲۴.۷۷۴+0330 [ERROR] [org.gradle.internal.buildevents.BuildExceptionReporter] 	at org.gradle.internal.operations.DefaultBuildOperationRunner$1.execute(DefaultBuildOperationRunner.java:26)
۲۰۲۵-۰۵-۲۱T۱۱:۱۳:۲۴.۷۷۴+0330 [ERROR] [org.gradle.internal.buildevents.BuildExceptionReporter] 	at org.gradle.internal.operations.DefaultBuildOperationRunner$2.execute(DefaultBuildOperationRunner.java:66)
۲۰۲۵-۰۵-۲۱T۱۱:۱۳:۲۴.۷۷۴+0330 [ERROR] [org.gradle.internal.buildevents.BuildExceptionReporter] 	at org.gradle.internal.operations.DefaultBuildOperationRunner$2.execute(DefaultBuildOperationRunner.java:59)
۲۰۲۵-۰۵-۲۱T۱۱:۱۳:۲۴.۷۷۴+0330 [ERROR] [org.gradle.internal.buildevents.BuildExceptionReporter] 	at org.gradle.internal.operations.DefaultBuildOperationRunner.execute(DefaultBuildOperationRunner.java:157)
۲۰۲۵-۰۵-۲۱T۱۱:۱۳:۲۴.۷۷۴+0330 [ERROR] [org.gradle.internal.buildevents.BuildExceptionReporter] 	at org.gradle.internal.operations.DefaultBuildOperationRunner.execute(DefaultBuildOperationRunner.java:59)
۲۰۲۵-۰۵-۲۱T۱۱:۱۳:۲۴.۷۷۴+0330 [ERROR] [org.gradle.internal.buildevents.BuildExceptionReporter] 	at org.gradle.internal.operations.DefaultBuildOperationRunner.run(DefaultBuildOperationRunner.java:47)
۲۰۲۵-۰۵-۲۱T۱۱:۱۳:۲۴.۷۷۴+0330 [ERROR] [org.gradle.internal.buildevents.BuildExceptionReporter] 	at org.gradle.internal.operations.DefaultBuildOperationExecutor.run(DefaultBuildOperationExecutor.java:68)
۲۰۲۵-۰۵-۲۱T۱۱:۱۳:۲۴.۷۷۴+0330 [ERROR] [org.gradle.internal.buildevents.BuildExceptionReporter] 	at org.gradle.initialization.InitScriptHandler.executeScripts(InitScriptHandler.java:51)
۲۰۲۵-۰۵-۲۱T۱۱:۱۳:۲۴.۷۷۵+0330 [ERROR] [org.gradle.internal.buildevents.BuildExceptionReporter] 	at org.gradle.initialization.InitScriptHandlingSettingsLoader.findAndLoadSettings(InitScriptHandlingSettingsLoader.java:33)
۲۰۲۵-۰۵-۲۱T۱۱:۱۳:۲۴.۷۷۵+0330 [ERROR] [org.gradle.internal.buildevents.BuildExceptionReporter] 	at org.gradle.initialization.GradlePropertiesHandlingSettingsLoader.findAndLoadSettings(GradlePropertiesHandlingSettingsLoader.java:39)
۲۰۲۵-۰۵-۲۱T۱۱:۱۳:۲۴.۷۷۵+0330 [ERROR] [org.gradle.internal.buildevents.BuildExceptionReporter] 	at org.gradle.initialization.DefaultSettingsPreparer.prepareSettings(DefaultSettingsPreparer.java:31)
۲۰۲۵-۰۵-۲۱T۱۱:۱۳:۲۴.۷۷۵+0330 [ERROR] [org.gradle.internal.buildevents.BuildExceptionReporter] 	at org.gradle.initialization.BuildOperationFiringSettingsPreparer$LoadBuild.doLoadBuild(BuildOperationFiringSettingsPreparer.java:62)
۲۰۲۵-۰۵-۲۱T۱۱:۱۳:۲۴.۷۷۵+0330 [ERROR] [org.gradle.internal.buildevents.BuildExceptionReporter] 	at org.gradle.initialization.BuildOperationFiringSettingsPreparer$LoadBuild.run(BuildOperationFiringSettingsPreparer.java:57)
۲۰۲۵-۰۵-۲۱T۱۱:۱۳:۲۴.۷۷۵+0330 [ERROR] [org.gradle.internal.buildevents.BuildExceptionReporter] 	at org.gradle.internal.operations.DefaultBuildOperationRunner$1.execute(DefaultBuildOperationRunner.java:29)
۲۰۲۵-۰۵-۲۱T۱۱:۱۳:۲۴.۷۷۵+0330 [ERROR] [org.gradle.internal.buildevents.BuildExceptionReporter] 	at org.gradle.internal.operations.DefaultBuildOperationRunner$1.execute(DefaultBuildOperationRunner.java:26)
۲۰۲۵-۰۵-۲۱T۱۱:۱۳:۲۴.۷۷۵+0330 [ERROR] [org.gradle.internal.buildevents.BuildExceptionReporter] 	at org.gradle.internal.operations.DefaultBuildOperationRunner$2.execute(DefaultBuildOperationRunner.java:66)
۲۰۲۵-۰۵-۲۱T۱۱:۱۳:۲۴.۷۷۵+0330 [ERROR] [org.gradle.internal.buildevents.BuildExceptionReporter] 	at org.gradle.internal.operations.DefaultBuildOperationRunner$2.execute(DefaultBuildOperationRunner.java:59)
۲۰۲۵-۰۵-۲۱T۱۱:۱۳:۲۴.۷۷۵+0330 [ERROR] [org.gradle.internal.buildevents.BuildExceptionReporter] 	at org.gradle.internal.operations.DefaultBuildOperationRunner.execute(DefaultBuildOperationRunner.java:157)
۲۰۲۵-۰۵-۲۱T۱۱:۱۳:۲۴.۷۷۶+0330 [ERROR] [org.gradle.internal.buildevents.BuildExceptionReporter] 	at org.gradle.internal.operations.DefaultBuildOperationRunner.execute(DefaultBuildOperationRunner.java:59)
۲۰۲۵-۰۵-۲۱T۱۱:۱۳:۲۴.۷۷۶+0330 [ERROR] [org.gradle.internal.buildevents.BuildExceptionReporter] 	at org.gradle.internal.operations.DefaultBuildOperationRunner.run(DefaultBuildOperationRunner.java:47)
۲۰۲۵-۰۵-۲۱T۱۱:۱۳:۲۴.۷۷۶+0330 [ERROR] [org.gradle.internal.buildevents.BuildExceptionReporter] 	at org.gradle.internal.operations.DefaultBuildOperationExecutor.run(DefaultBuildOperationExecutor.java:68)
۲۰۲۵-۰۵-۲۱T۱۱:۱۳:۲۴.۷۷۶+0330 [ERROR] [org.gradle.internal.buildevents.BuildExceptionReporter] 	at org.gradle.initialization.BuildOperationFiringSettingsPreparer.prepareSettings(BuildOperationFiringSettingsPreparer.java:45)
۲۰۲۵-۰۵-۲۱T۱۱:۱۳:۲۴.۷۷۶+0330 [ERROR] [org.gradle.internal.buildevents.BuildExceptionReporter] 	at org.gradle.initialization.VintageBuildModelController.lambda$prepareSettings$0(VintageBuildModelController.java:89)
۲۰۲۵-۰۵-۲۱T۱۱:۱۳:۲۴.۷۷۶+0330 [ERROR] [org.gradle.internal.buildevents.BuildExceptionReporter] 	at org.gradle.internal.build.StateTransitionController.lambda$doTransition$1(StateTransitionController.java:222)
۲۰۲۵-۰۵-۲۱T۱۱:۱۳:۲۴.۷۷۶+0330 [ERROR] [org.gradle.internal.buildevents.BuildExceptionReporter] 	at org.gradle.internal.build.StateTransitionController.doTransition(StateTransitionController.java:243)
۲۰۲۵-۰۵-۲۱T۱۱:۱۳:۲۴.۷۷۶+0330 [ERROR] [org.gradle.internal.buildevents.BuildExceptionReporter] 	at org.gradle.internal.build.StateTransitionController.doTransition(StateTransitionController.java:221)
۲۰۲۵-۰۵-۲۱T۱۱:۱۳:۲۴.۷۷۶+0330 [ERROR] [org.gradle.internal.buildevents.BuildExceptionReporter] 	at org.gradle.internal.build.StateTransitionController.transitionIfNotPreviously(StateTransitionController.java:190)
۲۰۲۵-۰۵-۲۱T۱۱:۱۳:۲۴.۷۷۶+0330 [ERROR] [org.gradle.internal.buildevents.BuildExceptionReporter] 	at org.gradle.initialization.VintageBuildModelController.prepareSettings(VintageBuildModelController.java:89)
۲۰۲۵-۰۵-۲۱T۱۱:۱۳:۲۴.۷۷۷+0330 [ERROR] [org.gradle.internal.buildevents.BuildExceptionReporter] 	at org.gradle.initialization.VintageBuildModelController.doBuildStages(VintageBuildModelController.java:73)
۲۰۲۵-۰۵-۲۱T۱۱:۱۳:۲۴.۷۷۷+0330 [ERROR] [org.gradle.internal.buildevents.BuildExceptionReporter] 	at org.gradle.initialization.VintageBuildModelController.getLoadedSettings(VintageBuildModelController.java:52)
۲۰۲۵-۰۵-۲۱T۱۱:۱۳:۲۴.۷۷۷+0330 [ERROR] [org.gradle.internal.buildevents.BuildExceptionReporter] 	at org.gradle.internal.build.StateTransitionController.notInStateIgnoreOtherThreads(StateTransitionController.java:89)
۲۰۲۵-۰۵-۲۱T۱۱:۱۳:۲۴.۷۷۷+0330 [ERROR] [org.gradle.internal.buildevents.BuildExceptionReporter] 	at org.gradle.internal.build.DefaultBuildLifecycleController.getLoadedSettings(DefaultBuildLifecycleController.java:92)
۲۰۲۵-۰۵-۲۱T۱۱:۱۳:۲۴.۷۷۷+0330 [ERROR] [org.gradle.internal.buildevents.BuildExceptionReporter] 	at org.gradle.internal.build.AbstractBuildState.ensureProjectsLoaded(AbstractBuildState.java:60)
۲۰۲۵-۰۵-۲۱T۱۱:۱۳:۲۴.۷۷۷+0330 [ERROR] [org.gradle.internal.buildevents.BuildExceptionReporter] 	at org.gradle.plugins.ide.internal.tooling.GradleBuildBuilder.create(GradleBuildBuilder.java:58)
۲۰۲۵-۰۵-۲۱T۱۱:۱۳:۲۴.۷۷۷+0330 [ERROR] [org.gradle.internal.buildevents.BuildExceptionReporter] 	at org.gradle.plugins.ide.internal.tooling.GradleBuildBuilder.create(GradleBuildBuilder.java:38)
۲۰۲۵-۰۵-۲۱T۱۱:۱۳:۲۴.۷۷۷+0330 [ERROR] [org.gradle.internal.buildevents.BuildExceptionReporter] 	at org.gradle.tooling.provider.model.internal.DefaultToolingModelBuilderRegistry$BuildScopedBuilder.build(DefaultToolingModelBuilderRegistry.java:205)
۲۰۲۵-۰۵-۲۱T۱۱:۱۳:۲۴.۷۷۷+0330 [ERROR] [org.gradle.internal.buildevents.BuildExceptionReporter] 	at org.gradle.tooling.provider.model.internal.DefaultToolingModelBuilderRegistry$LockAllProjectsBuilder.lambda$build$0(DefaultToolingModelBuilderRegistry.java:317)
۲۰۲۵-۰۵-۲۱T۱۱:۱۳:۲۴.۷۷۷+0330 [ERROR] [org.gradle.internal.buildevents.BuildExceptionReporter] 	at org.gradle.api.internal.project.DefaultProjectStateRegistry.withMutableStateOfAllProjects(DefaultProjectStateRegistry.java:160)
۲۰۲۵-۰۵-۲۱T۱۱:۱۳:۲۴.۷۷۸+0330 [ERROR] [org.gradle.internal.buildevents.BuildExceptionReporter] 	at org.gradle.tooling.provider.model.internal.DefaultToolingModelBuilderRegistry$LockAllProjectsBuilder.build(DefaultToolingModelBuilderRegistry.java:317)
۲۰۲۵-۰۵-۲۱T۱۱:۱۳:۲۴.۷۷۸+0330 [ERROR] [org.gradle.internal.buildevents.BuildExceptionReporter] 	at org.gradle.tooling.provider.model.internal.DefaultToolingModelBuilderRegistry$BuildOperationWrappingBuilder$1.call(DefaultToolingModelBuilderRegistry.java:338)
۲۰۲۵-۰۵-۲۱T۱۱:۱۳:۲۴.۷۷۸+0330 [ERROR] [org.gradle.internal.buildevents.BuildExceptionReporter] 	at org.gradle.internal.operations.DefaultBuildOperationRunner$CallableBuildOperationWorker.execute(DefaultBuildOperationRunner.java:204)
۲۰۲۵-۰۵-۲۱T۱۱:۱۳:۲۴.۷۷۸+0330 [ERROR] [org.gradle.internal.buildevents.BuildExceptionReporter] 	at org.gradle.internal.operations.DefaultBuildOperationRunner$CallableBuildOperationWorker.execute(DefaultBuildOperationRunner.java:199)
۲۰۲۵-۰۵-۲۱T۱۱:۱۳:۲۴.۷۷۸+0330 [ERROR] [org.gradle.internal.buildevents.BuildExceptionReporter] 	at org.gradle.internal.operations.DefaultBuildOperationRunner$2.execute(DefaultBuildOperationRunner.java:66)
۲۰۲۵-۰۵-۲۱T۱۱:۱۳:۲۴.۷۷۸+0330 [ERROR] [org.gradle.internal.buildevents.BuildExceptionReporter] 	at org.gradle.internal.operations.DefaultBuildOperationRunner$2.execute(DefaultBuildOperationRunner.java:59)
۲۰۲۵-۰۵-۲۱T۱۱:۱۳:۲۴.۷۷۸+0330 [ERROR] [org.gradle.internal.buildevents.BuildExceptionReporter] 	at org.gradle.internal.operations.DefaultBuildOperationRunner.execute(DefaultBuildOperationRunner.java:157)
۲۰۲۵-۰۵-۲۱T۱۱:۱۳:۲۴.۷۷۸+0330 [ERROR] [org.gradle.internal.buildevents.BuildExceptionReporter] 	at org.gradle.internal.operations.DefaultBuildOperationRunner.execute(DefaultBuildOperationRunner.java:59)
۲۰۲۵-۰۵-۲۱T۱۱:۱۳:۲۴.۷۷۹+0330 [ERROR] [org.gradle.internal.buildevents.BuildExceptionReporter] 	at org.gradle.internal.operations.DefaultBuildOperationRunner.call(DefaultBuildOperationRunner.java:53)
۲۰۲۵-۰۵-۲۱T۱۱:۱۳:۲۴.۸۲۱+0330 [ERROR] [org.gradle.internal.buildevents.BuildExceptionReporter] 	at org.gradle.internal.operations.DefaultBuildOperationExecutor.call(DefaultBuildOperationExecutor.java:73)
۲۰۲۵-۰۵-۲۱T۱۱:۱۳:۲۴.۸۲۱+0330 [ERROR] [org.gradle.internal.buildevents.BuildExceptionReporter] 	at org.gradle.tooling.provider.model.internal.DefaultToolingModelBuilderRegistry$BuildOperationWrappingBuilder.build(DefaultToolingModelBuilderRegistry.java:335)
۲۰۲۵-۰۵-۲۱T۱۱:۱۳:۲۴.۸۲۱+0330 [ERROR] [org.gradle.internal.buildevents.BuildExceptionReporter] 	at org.gradle.tooling.internal.provider.runner.DefaultBuildController.getModel(DefaultBuildController.java:102)
۲۰۲۵-۰۵-۲۱T۱۱:۱۳:۲۴.۸۲۲+0330 [ERROR] [org.gradle.internal.buildevents.BuildExceptionReporter] 	at org.gradle.tooling.internal.consumer.connection.ParameterAwareBuildControllerAdapter.getModel(ParameterAwareBuildControllerAdapter.java:40)
۲۰۲۵-۰۵-۲۱T۱۱:۱۳:۲۴.۸۲۲+0330 [ERROR] [org.gradle.internal.buildevents.BuildExceptionReporter] 	at org.gradle.tooling.internal.consumer.connection.UnparameterizedBuildController.getModel(UnparameterizedBuildController.java:116)
۲۰۲۵-۰۵-۲۱T۱۱:۱۳:۲۴.۸۲۲+0330 [ERROR] [org.gradle.internal.buildevents.BuildExceptionReporter] 	at org.gradle.tooling.internal.consumer.connection.NestedActionAwareBuildControllerAdapter.getModel(NestedActionAwareBuildControllerAdapter.java:32)
۲۰۲۵-۰۵-۲۱T۱۱:۱۳:۲۴.۸۲۲+0330 [ERROR] [org.gradle.internal.buildevents.BuildExceptionReporter] 	at org.gradle.tooling.internal.consumer.connection.UnparameterizedBuildController.getModel(UnparameterizedBuildController.java:79)
۲۰۲۵-۰۵-۲۱T۱۱:۱۳:۲۴.۸۲۲+0330 [ERROR] [org.gradle.internal.buildevents.BuildExceptionReporter] 	at org.gradle.tooling.internal.consumer.connection.NestedActionAwareBuildControllerAdapter.getModel(NestedActionAwareBuildControllerAdapter.java:32)
۲۰۲۵-۰۵-۲۱T۱۱:۱۳:۲۴.۸۲۲+0330 [ERROR] [org.gradle.internal.buildevents.BuildExceptionReporter] 	at org.gradle.tooling.internal.consumer.connection.UnparameterizedBuildController.getBuildModel(UnparameterizedBuildController.java:74)
۲۰۲۵-۰۵-۲۱T۱۱:۱۳:۲۴.۸۲۲+0330 [ERROR] [org.gradle.internal.buildevents.BuildExceptionReporter] 	at org.gradle.tooling.internal.consumer.connection.NestedActionAwareBuildControllerAdapter.getBuildModel(NestedActionAwareBuildControllerAdapter.java:32)
۲۰۲۵-۰۵-۲۱T۱۱:۱۳:۲۴.۸۲۲+0330 [ERROR] [org.gradle.internal.buildevents.BuildExceptionReporter] 	at com.intellij.gradle.toolingExtension.impl.modelAction.GradleModelFetchAction.lambda$initAction$5(GradleModelFetchAction.java:182)
۲۰۲۵-۰۵-۲۱T۱۱:۱۳:۲۴.۸۲۲+0330 [ERROR] [org.gradle.internal.buildevents.BuildExceptionReporter] 	at com.intellij.gradle.toolingExtension.impl.telemetry.GradleOpenTelemetry.callWithSpan(GradleOpenTelemetry.java:74)
۲۰۲۵-۰۵-۲۱T۱۱:۱۳:۲۴.۸۲۳+0330 [ERROR] [org.gradle.internal.buildevents.BuildExceptionReporter] 	at com.intellij.gradle.toolingExtension.impl.telemetry.GradleOpenTelemetry.callWithSpan(GradleOpenTelemetry.java:62)
۲۰۲۵-۰۵-۲۱T۱۱:۱۳:۲۴.۸۲۳+0330 [ERROR] [org.gradle.internal.buildevents.BuildExceptionReporter] 	at com.intellij.gradle.toolingExtension.impl.modelAction.GradleModelFetchAction.initAction(GradleModelFetchAction.java:181)
۲۰۲۵-۰۵-۲۱T۱۱:۱۳:۲۴.۸۲۳+0330 [ERROR] [org.gradle.internal.buildevents.BuildExceptionReporter] 	at com.intellij.gradle.toolingExtension.impl.modelAction.GradleModelFetchAction.doExecute(GradleModelFetchAction.java:139)
۲۰۲۵-۰۵-۲۱T۱۱:۱۳:۲۴.۸۲۳+0330 [ERROR] [org.gradle.internal.buildevents.BuildExceptionReporter] 	at com.intellij.gradle.toolingExtension.impl.modelAction.GradleModelFetchAction.lambda$execute$1(GradleModelFetchAction.java:104)
۲۰۲۵-۰۵-۲۱T۱۱:۱۳:۲۴.۸۲۳+0330 [ERROR] [org.gradle.internal.buildevents.BuildExceptionReporter] 	at com.intellij.gradle.toolingExtension.impl.telemetry.GradleOpenTelemetry.callWithSpan(GradleOpenTelemetry.java:74)
۲۰۲۵-۰۵-۲۱T۱۱:۱۳:۲۴.۸۲۳+0330 [ERROR] [org.gradle.internal.buildevents.BuildExceptionReporter] 	at com.intellij.gradle.toolingExtension.impl.telemetry.GradleOpenTelemetry.callWithSpan(GradleOpenTelemetry.java:62)
۲۰۲۵-۰۵-۲۱T۱۱:۱۳:۲۴.۸۲۳+0330 [ERROR] [org.gradle.internal.buildevents.BuildExceptionReporter] 	at com.intellij.gradle.toolingExtension.impl.modelAction.GradleModelFetchAction.lambda$execute$2(GradleModelFetchAction.java:103)
۲۰۲۵-۰۵-۲۱T۱۱:۱۳:۲۴.۸۲۳+0330 [ERROR] [org.gradle.internal.buildevents.BuildExceptionReporter] 	at com.intellij.gradle.toolingExtension.impl.modelAction.GradleModelFetchAction.withOpenTelemetry(GradleModelFetchAction.java:114)
۲۰۲۵-۰۵-۲۱T۱۱:۱۳:۲۴.۸۲۳+0330 [ERROR] [org.gradle.internal.buildevents.BuildExceptionReporter] 	at com.intellij.gradle.toolingExtension.impl.modelAction.GradleModelFetchAction.lambda$execute$3(GradleModelFetchAction.java:102)
۲۰۲۵-۰۵-۲۱T۱۱:۱۳:۲۴.۸۲۳+0330 [ERROR] [org.gradle.internal.buildevents.BuildExceptionReporter] 	at com.intellij.gradle.toolingExtension.impl.util.GradleExecutorServiceUtil.withSingleThreadExecutor(GradleExecutorServiceUtil.java:18)
۲۰۲۵-۰۵-۲۱T۱۱:۱۳:۲۴.۸۲۴+0330 [ERROR] [org.gradle.internal.buildevents.BuildExceptionReporter] 	at com.intellij.gradle.toolingExtension.impl.modelAction.GradleModelFetchAction.execute(GradleModelFetchAction.java:101)
۲۰۲۵-۰۵-۲۱T۱۱:۱۳:۲۴.۸۲۴+0330 [ERROR] [org.gradle.internal.buildevents.BuildExceptionReporter] 	at com.intellij.gradle.toolingExtension.impl.modelAction.GradleModelFetchAction.execute(GradleModelFetchAction.java:37)
۲۰۲۵-۰۵-۲۱T۱۱:۱۳:۲۴.۸۲۴+0330 [ERROR] [org.gradle.internal.buildevents.BuildExceptionReporter] 	at org.gradle.tooling.internal.consumer.connection.InternalBuildActionAdapter.execute(InternalBuildActionAdapter.java:65)
۲۰۲۵-۰۵-۲۱T۱۱:۱۳:۲۴.۸۲۴+0330 [ERROR] [org.gradle.internal.buildevents.BuildExceptionReporter] 	at org.gradle.tooling.internal.provider.runner.AbstractClientProvidedBuildActionRunner$ActionAdapter.runAction(AbstractClientProvidedBuildActionRunner.java:131)
۲۰۲۵-۰۵-۲۱T۱۱:۱۳:۲۴.۸۲۴+0330 [ERROR] [org.gradle.internal.buildevents.BuildExceptionReporter] 	at org.gradle.tooling.internal.provider.runner.AbstractClientProvidedBuildActionRunner$ActionAdapter.beforeTasks(AbstractClientProvidedBuildActionRunner.java:99)
۲۰۲۵-۰۵-۲۱T۱۱:۱۳:۲۴.۸۲۴+0330 [ERROR] [org.gradle.internal.buildevents.BuildExceptionReporter] 	at org.gradle.internal.buildtree.DefaultBuildTreeModelCreator.beforeTasks(DefaultBuildTreeModelCreator.java:57)
۲۰۲۵-۰۵-۲۱T۱۱:۱۳:۲۴.۸۲۴+0330 [ERROR] [org.gradle.internal.buildevents.BuildExceptionReporter] 	at org.gradle.internal.buildtree.DefaultBuildTreeLifecycleController.lambda$fromBuildModel$1(DefaultBuildTreeLifecycleController.java:72)
۲۰۲۵-۰۵-۲۱T۱۱:۱۳:۲۴.۸۲۴+0330 [ERROR] [org.gradle.internal.buildevents.BuildExceptionReporter] 	at org.gradle.internal.buildtree.DefaultBuildTreeLifecycleController.lambda$runBuild$4(DefaultBuildTreeLifecycleController.java:103)
۲۰۲۵-۰۵-۲۱T۱۱:۱۳:۲۴.۸۲۴+0330 [ERROR] [org.gradle.internal.buildevents.BuildExceptionReporter] 	at org.gradle.internal.build.StateTransitionController.lambda$transition$0(StateTransitionController.java:145)
۲۰۲۵-۰۵-۲۱T۱۱:۱۳:۲۴.۸۲۴+0330 [ERROR] [org.gradle.internal.buildevents.BuildExceptionReporter] 	at org.gradle.internal.build.StateTransitionController.doTransition(StateTransitionController.java:243)
۲۰۲۵-۰۵-۲۱T۱۱:۱۳:۲۴.۸۲۵+0330 [ERROR] [org.gradle.internal.buildevents.BuildExceptionReporter] 	at org.gradle.internal.build.StateTransitionController.transition(StateTransitionController.java:145)
۲۰۲۵-۰۵-۲۱T۱۱:۱۳:۲۴.۸۲۵+0330 [ERROR] [org.gradle.internal.buildevents.BuildExceptionReporter] 	at org.gradle.internal.buildtree.DefaultBuildTreeLifecycleController.runBuild(DefaultBuildTreeLifecycleController.java:100)
۲۰۲۵-۰۵-۲۱T۱۱:۱۳:۲۴.۸۲۵+0330 [ERROR] [org.gradle.internal.buildevents.BuildExceptionReporter] 	at org.gradle.internal.buildtree.DefaultBuildTreeLifecycleController.fromBuildModel(DefaultBuildTreeLifecycleController.java:71)
۲۰۲۵-۰۵-۲۱T۱۱:۱۳:۲۴.۸۲۵+0330 [ERROR] [org.gradle.internal.buildevents.BuildExceptionReporter] 	at org.gradle.tooling.internal.provider.runner.AbstractClientProvidedBuildActionRunner.runClientAction(AbstractClientProvidedBuildActionRunner.java:43)
۲۰۲۵-۰۵-۲۱T۱۱:۱۳:۲۴.۸۲۵+0330 [ERROR] [org.gradle.internal.buildevents.BuildExceptionReporter] 	at org.gradle.tooling.internal.provider.runner.ClientProvidedPhasedActionRunner.run(ClientProvidedPhasedActionRunner.java:53)
۲۰۲۵-۰۵-۲۱T۱۱:۱۳:۲۴.۸۲۵+0330 [ERROR] [org.gradle.internal.buildevents.BuildExceptionReporter] 	at org.gradle.launcher.exec.ChainingBuildActionRunner.run(ChainingBuildActionRunner.java:35)
۲۰۲۵-۰۵-۲۱T۱۱:۱۳:۲۴.۸۲۵+0330 [ERROR] [org.gradle.internal.buildevents.BuildExceptionReporter] 	at org.gradle.internal.buildtree.ProblemReportingBuildActionRunner.run(ProblemReportingBuildActionRunner.java:49)
۲۰۲۵-۰۵-۲۱T۱۱:۱۳:۲۴.۸۲۵+0330 [ERROR] [org.gradle.internal.buildevents.BuildExceptionReporter] 	at org.gradle.launcher.exec.BuildOutcomeReportingBuildActionRunner.run(BuildOutcomeReportingBuildActionRunner.java:69)
۲۰۲۵-۰۵-۲۱T۱۱:۱۳:۲۴.۸۲۵+0330 [ERROR] [org.gradle.internal.buildevents.BuildExceptionReporter] 	at org.gradle.tooling.internal.provider.FileSystemWatchingBuildActionRunner.run(FileSystemWatchingBuildActionRunner.java:114)
۲۰۲۵-۰۵-۲۱T۱۱:۱۳:۲۴.۸۲۵+0330 [ERROR] [org.gradle.internal.buildevents.BuildExceptionReporter] 	at org.gradle.launcher.exec.BuildCompletionNotifyingBuildActionRunner.run(BuildCompletionNotifyingBuildActionRunner.java:41)
۲۰۲۵-۰۵-۲۱T۱۱:۱۳:۲۴.۸۲۶+0330 [ERROR] [org.gradle.internal.buildevents.BuildExceptionReporter] 	at org.gradle.launcher.exec.RootBuildLifecycleBuildActionExecutor.lambda$execute$0(RootBuildLifecycleBuildActionExecutor.java:40)
۲۰۲۵-۰۵-۲۱T۱۱:۱۳:۲۴.۸۲۶+0330 [ERROR] [org.gradle.internal.buildevents.BuildExceptionReporter] 	at org.gradle.composite.internal.DefaultRootBuildState.run(DefaultRootBuildState.java:155)
۲۰۲۵-۰۵-۲۱T۱۱:۱۳:۲۴.۸۲۶+0330 [ERROR] [org.gradle.internal.buildevents.BuildExceptionReporter] 	at org.gradle.launcher.exec.RootBuildLifecycleBuildActionExecutor.execute(RootBuildLifecycleBuildActionExecutor.java:40)
۲۰۲۵-۰۵-۲۱T۱۱:۱۳:۲۴.۸۲۶+0330 [ERROR] [org.gradle.internal.buildevents.BuildExceptionReporter] 	at org.gradle.internal.buildtree.DefaultBuildTreeContext.execute(DefaultBuildTreeContext.java:40)
۲۰۲۵-۰۵-۲۱T۱۱:۱۳:۲۴.۸۲۶+0330 [ERROR] [org.gradle.internal.buildevents.BuildExceptionReporter] 	at org.gradle.launcher.exec.BuildTreeLifecycleBuildActionExecutor.lambda$execute$0(BuildTreeLifecycleBuildActionExecutor.java:65)
۲۰۲۵-۰۵-۲۱T۱۱:۱۳:۲۴.۸۲۶+0330 [ERROR] [org.gradle.internal.buildevents.BuildExceptionReporter] 	at org.gradle.internal.buildtree.BuildTreeState.run(BuildTreeState.java:53)
۲۰۲۵-۰۵-۲۱T۱۱:۱۳:۲۴.۸۲۶+0330 [ERROR] [org.gradle.internal.buildevents.BuildExceptionReporter] 	at org.gradle.launcher.exec.BuildTreeLifecycleBuildActionExecutor.execute(BuildTreeLifecycleBuildActionExecutor.java:65)
۲۰۲۵-۰۵-۲۱T۱۱:۱۳:۲۴.۸۲۷+0330 [ERROR] [org.gradle.internal.buildevents.BuildExceptionReporter] 	at org.gradle.launcher.exec.RunAsBuildOperationBuildActionExecutor$3.call(RunAsBuildOperationBuildActionExecutor.java:61)
۲۰۲۵-۰۵-۲۱T۱۱:۱۳:۲۴.۸۷۷+0330 [ERROR] [org.gradle.internal.buildevents.BuildExceptionReporter] 	at org.gradle.launcher.exec.RunAsBuildOperationBuildActionExecutor$3.call(RunAsBuildOperationBuildActionExecutor.java:57)
۲۰۲۵-۰۵-۲۱T۱۱:۱۳:۲۴.۸۷۷+0330 [ERROR] [org.gradle.internal.buildevents.BuildExceptionReporter] 	at org.gradle.internal.operations.DefaultBuildOperationRunner$CallableBuildOperationWorker.execute(DefaultBuildOperationRunner.java:204)
۲۰۲۵-۰۵-۲۱T۱۱:۱۳:۲۴.۸۷۷+0330 [ERROR] [org.gradle.internal.buildevents.BuildExceptionReporter] 	at org.gradle.internal.operations.DefaultBuildOperationRunner$CallableBuildOperationWorker.execute(DefaultBuildOperationRunner.java:199)
۲۰۲۵-۰۵-۲۱T۱۱:۱۳:۲۴.۸۷۸+0330 [ERROR] [org.gradle.internal.buildevents.BuildExceptionReporter] 	at org.gradle.internal.operations.DefaultBuildOperationRunner$2.execute(DefaultBuildOperationRunner.java:66)
۲۰۲۵-۰۵-۲۱T۱۱:۱۳:۲۴.۸۷۸+0330 [ERROR] [org.gradle.internal.buildevents.BuildExceptionReporter] 	at org.gradle.internal.operations.DefaultBuildOperationRunner$2.execute(DefaultBuildOperationRunner.java:59)
۲۰۲۵-۰۵-۲۱T۱۱:۱۳:۲۴.۸۷۸+0330 [ERROR] [org.gradle.internal.buildevents.BuildExceptionReporter] 	at org.gradle.internal.operations.DefaultBuildOperationRunner.execute(DefaultBuildOperationRunner.java:157)
۲۰۲۵-۰۵-۲۱T۱۱:۱۳:۲۴.۸۷۸+0330 [ERROR] [org.gradle.internal.buildevents.BuildExceptionReporter] 	at org.gradle.internal.operations.DefaultBuildOperationRunner.execute(DefaultBuildOperationRunner.java:59)
۲۰۲۵-۰۵-۲۱T۱۱:۱۳:۲۴.۸۷۸+0330 [ERROR] [org.gradle.internal.buildevents.BuildExceptionReporter] 	at org.gradle.internal.operations.DefaultBuildOperationRunner.call(DefaultBuildOperationRunner.java:53)
۲۰۲۵-۰۵-۲۱T۱۱:۱۳:۲۴.۸۷۸+0330 [ERROR] [org.gradle.internal.buildevents.BuildExceptionReporter] 	at org.gradle.internal.operations.DefaultBuildOperationExecutor.call(DefaultBuildOperationExecutor.java:73)
۲۰۲۵-۰۵-۲۱T۱۱:۱۳:۲۴.۸۷۸+0330 [ERROR] [org.gradle.internal.buildevents.BuildExceptionReporter] 	at org.gradle.launcher.exec.RunAsBuildOperationBuildActionExecutor.execute(RunAsBuildOperationBuildActionExecutor.java:57)
۲۰۲۵-۰۵-۲۱T۱۱:۱۳:۲۴.۸۷۸+0330 [ERROR] [org.gradle.internal.buildevents.BuildExceptionReporter] 	at org.gradle.launcher.exec.RunAsWorkerThreadBuildActionExecutor.lambda$execute$0(RunAsWorkerThreadBuildActionExecutor.java:38)
۲۰۲۵-۰۵-۲۱T۱۱:۱۳:۲۴.۸۷۹+0330 [ERROR] [org.gradle.internal.buildevents.BuildExceptionReporter] 	at org.gradle.internal.work.DefaultWorkerLeaseService.withLocks(DefaultWorkerLeaseService.java:211)
۲۰۲۵-۰۵-۲۱T۱۱:۱۳:۲۴.۸۷۹+0330 [ERROR] [org.gradle.internal.buildevents.BuildExceptionReporter] 	at org.gradle.launcher.exec.RunAsWorkerThreadBuildActionExecutor.execute(RunAsWorkerThreadBuildActionExecutor.java:38)
۲۰۲۵-۰۵-۲۱T۱۱:۱۳:۲۴.۸۷۹+0330 [ERROR] [org.gradle.internal.buildevents.BuildExceptionReporter] 	at org.gradle.tooling.internal.provider.ContinuousBuildActionExecutor.execute(ContinuousBuildActionExecutor.java:103)
۲۰۲۵-۰۵-۲۱T۱۱:۱۳:۲۴.۸۷۹+0330 [ERROR] [org.gradle.internal.buildevents.BuildExceptionReporter] 	at org.gradle.tooling.internal.provider.SubscribableBuildActionExecutor.execute(SubscribableBuildActionExecutor.java:64)
۲۰۲۵-۰۵-۲۱T۱۱:۱۳:۲۴.۸۸۰+0330 [ERROR] [org.gradle.internal.buildevents.BuildExceptionReporter] 	at org.gradle.internal.session.DefaultBuildSessionContext.execute(DefaultBuildSessionContext.java:46)
۲۰۲۵-۰۵-۲۱T۱۱:۱۳:۲۴.۸۸۰+0330 [ERROR] [org.gradle.internal.buildevents.BuildExceptionReporter] 	at org.gradle.tooling.internal.provider.BuildSessionLifecycleBuildActionExecuter$ActionImpl.apply(BuildSessionLifecycleBuildActionExecuter.java:100)
۲۰۲۵-۰۵-۲۱T۱۱:۱۳:۲۴.۸۸۰+0330 [ERROR] [org.gradle.internal.buildevents.BuildExceptionReporter] 	at org.gradle.tooling.internal.provider.BuildSessionLifecycleBuildActionExecuter$ActionImpl.apply(BuildSessionLifecycleBuildActionExecuter.java:88)
۲۰۲۵-۰۵-۲۱T۱۱:۱۳:۲۴.۸۸۰+0330 [ERROR] [org.gradle.internal.buildevents.BuildExceptionReporter] 	at org.gradle.internal.session.BuildSessionState.run(BuildSessionState.java:69)
۲۰۲۵-۰۵-۲۱T۱۱:۱۳:۲۴.۸۸۰+0330 [ERROR] [org.gradle.internal.buildevents.BuildExceptionReporter] 	at org.gradle.tooling.internal.provider.BuildSessionLifecycleBuildActionExecuter.execute(BuildSessionLifecycleBuildActionExecuter.java:62)
۲۰۲۵-۰۵-۲۱T۱۱:۱۳:۲۴.۸۸۰+0330 [ERROR] [org.gradle.internal.buildevents.BuildExceptionReporter] 	at org.gradle.tooling.internal.provider.BuildSessionLifecycleBuildActionExecuter.execute(BuildSessionLifecycleBuildActionExecuter.java:41)
۲۰۲۵-۰۵-۲۱T۱۱:۱۳:۲۴.۸۸۰+0330 [ERROR] [org.gradle.internal.buildevents.BuildExceptionReporter] 	at org.gradle.tooling.internal.provider.GradleThreadBuildActionExecuter.execute(GradleThreadBuildActionExecuter.java:36)
۲۰۲۵-۰۵-۲۱T۱۱:۱۳:۲۴.۸۸۰+0330 [ERROR] [org.gradle.internal.buildevents.BuildExceptionReporter] 	at org.gradle.tooling.internal.provider.GradleThreadBuildActionExecuter.execute(GradleThreadBuildActionExecuter.java:25)
۲۰۲۵-۰۵-۲۱T۱۱:۱۳:۲۴.۸۸۰+0330 [ERROR] [org.gradle.internal.buildevents.BuildExceptionReporter] 	at org.gradle.tooling.internal.provider.StartParamsValidatingActionExecuter.execute(StartParamsValidatingActionExecuter.java:63)
۲۰۲۵-۰۵-۲۱T۱۱:۱۳:۲۴.۸۸۱+0330 [ERROR] [org.gradle.internal.buildevents.BuildExceptionReporter] 	at org.gradle.tooling.internal.provider.StartParamsValidatingActionExecuter.execute(StartParamsValidatingActionExecuter.java:31)
۲۰۲۵-۰۵-۲۱T۱۱:۱۳:۲۴.۸۸۱+0330 [ERROR] [org.gradle.internal.buildevents.BuildExceptionReporter] 	at org.gradle.tooling.internal.provider.SessionFailureReportingActionExecuter.execute(SessionFailureReportingActionExecuter.java:58)
۲۰۲۵-۰۵-۲۱T۱۱:۱۳:۲۴.۸۸۱+0330 [ERROR] [org.gradle.internal.buildevents.BuildExceptionReporter] 	at org.gradle.tooling.internal.provider.SessionFailureReportingActionExecuter.execute(SessionFailureReportingActionExecuter.java:42)
۲۰۲۵-۰۵-۲۱T۱۱:۱۳:۲۴.۸۸۱+0330 [ERROR] [org.gradle.internal.buildevents.BuildExceptionReporter] 	at org.gradle.tooling.internal.provider.SetupLoggingActionExecuter.execute(SetupLoggingActionExecuter.java:47)
۲۰۲۵-۰۵-۲۱T۱۱:۱۳:۲۴.۸۸۱+0330 [ERROR] [org.gradle.internal.buildevents.BuildExceptionReporter] 	at org.gradle.tooling.internal.provider.SetupLoggingActionExecuter.execute(SetupLoggingActionExecuter.java:31)
۲۰۲۵-۰۵-۲۱T۱۱:۱۳:۲۴.۸۸۱+0330 [ERROR] [org.gradle.internal.buildevents.BuildExceptionReporter] 	at org.gradle.launcher.daemon.server.exec.ExecuteBuild.doBuild(ExecuteBuild.java:65)
۲۰۲۵-۰۵-۲۱T۱۱:۱۳:۲۴.۸۸۱+0330 [ERROR] [org.gradle.internal.buildevents.BuildExceptionReporter] 	at org.gradle.launcher.daemon.server.exec.BuildCommandOnly.execute(BuildCommandOnly.java:37)
۲۰۲۵-۰۵-۲۱T۱۱:۱۳:۲۴.۸۸۱+0330 [ERROR] [org.gradle.internal.buildevents.BuildExceptionReporter] 	at org.gradle.launcher.daemon.server.api.DaemonCommandExecution.proceed(DaemonCommandExecution.java:104)
۲۰۲۵-۰۵-۲۱T۱۱:۱۳:۲۴.۸۸۲+0330 [ERROR] [org.gradle.internal.buildevents.BuildExceptionReporter] 	at org.gradle.launcher.daemon.server.exec.WatchForDisconnection.execute(WatchForDisconnection.java:39)
۲۰۲۵-۰۵-۲۱T۱۱:۱۳:۲۴.۸۸۲+0330 [ERROR] [org.gradle.internal.buildevents.BuildExceptionReporter] 	at org.gradle.launcher.daemon.server.api.DaemonCommandExecution.proceed(DaemonCommandExecution.java:104)
۲۰۲۵-۰۵-۲۱T۱۱:۱۳:۲۴.۸۸۲+0330 [ERROR] [org.gradle.internal.buildevents.BuildExceptionReporter] 	at org.gradle.launcher.daemon.server.exec.ResetDeprecationLogger.execute(ResetDeprecationLogger.java:29)
۲۰۲۵-۰۵-۲۱T۱۱:۱۳:۲۴.۸۸۸+0330 [ERROR] [org.gradle.internal.buildevents.BuildExceptionReporter] 	at org.gradle.launcher.daemon.server.api.DaemonCommandExecution.proceed(DaemonCommandExecution.java:104)
۲۰۲۵-۰۵-۲۱T۱۱:۱۳:۲۴.۸۸۸+0330 [ERROR] [org.gradle.internal.buildevents.BuildExceptionReporter] 	at org.gradle.launcher.daemon.server.exec.RequestStopIfSingleUsedDaemon.execute(RequestStopIfSingleUsedDaemon.java:35)
۲۰۲۵-۰۵-۲۱T۱۱:۱۳:۲۴.۸۸۸+0330 [ERROR] [org.gradle.internal.buildevents.BuildExceptionReporter] 	at org.gradle.launcher.daemon.server.api.DaemonCommandExecution.proceed(DaemonCommandExecution.java:104)
۲۰۲۵-۰۵-۲۱T۱۱:۱۳:۲۴.۸۸۸+0330 [ERROR] [org.gradle.internal.buildevents.BuildExceptionReporter] 	at org.gradle.launcher.daemon.server.exec.ForwardClientInput$2.create(ForwardClientInput.java:78)
۲۰۲۵-۰۵-۲۱T۱۱:۱۳:۲۴.۸۸۹+0330 [ERROR] [org.gradle.internal.buildevents.BuildExceptionReporter] 	at org.gradle.launcher.daemon.server.exec.ForwardClientInput$2.create(ForwardClientInput.java:75)
۲۰۲۵-۰۵-۲۱T۱۱:۱۳:۲۴.۸۸۹+0330 [ERROR] [org.gradle.internal.buildevents.BuildExceptionReporter] 	at org.gradle.util.internal.Swapper.swap(Swapper.java:38)
۲۰۲۵-۰۵-۲۱T۱۱:۱۳:۲۴.۸۸۹+0330 [ERROR] [org.gradle.internal.buildevents.BuildExceptionReporter] 	at org.gradle.launcher.daemon.server.exec.ForwardClientInput.execute(ForwardClientInput.java:75)
۲۰۲۵-۰۵-۲۱T۱۱:۱۳:۲۴.۹۴۴+0330 [ERROR] [org.gradle.internal.buildevents.BuildExceptionReporter] 	at org.gradle.launcher.daemon.server.api.DaemonCommandExecution.proceed(DaemonCommandExecution.java:104)
۲۰۲۵-۰۵-۲۱T۱۱:۱۳:۲۴.۹۴۴+0330 [ERROR] [org.gradle.internal.buildevents.BuildExceptionReporter] 	at org.gradle.launcher.daemon.server.exec.LogAndCheckHealth.execute(LogAndCheckHealth.java:55)
۲۰۲۵-۰۵-۲۱T۱۱:۱۳:۲۴.۹۴۴+0330 [ERROR] [org.gradle.internal.buildevents.BuildExceptionReporter] 	at org.gradle.launcher.daemon.server.api.DaemonCommandExecution.proceed(DaemonCommandExecution.java:104)
۲۰۲۵-۰۵-۲۱T۱۱:۱۳:۲۴.۹۴۴+0330 [ERROR] [org.gradle.internal.buildevents.BuildExceptionReporter] 	at org.gradle.launcher.daemon.server.exec.LogToClient.doBuild(LogToClient.java:63)
۲۰۲۵-۰۵-۲۱T۱۱:۱۳:۲۴.۹۴۴+0330 [ERROR] [org.gradle.internal.buildevents.BuildExceptionReporter] 	at org.gradle.launcher.daemon.server.exec.BuildCommandOnly.execute(BuildCommandOnly.java:37)
۲۰۲۵-۰۵-۲۱T۱۱:۱۳:۲۴.۹۴۴+0330 [ERROR] [org.gradle.internal.buildevents.BuildExceptionReporter] 	at org.gradle.launcher.daemon.server.api.DaemonCommandExecution.proceed(DaemonCommandExecution.java:104)
۲۰۲۵-۰۵-۲۱T۱۱:۱۳:۲۴.۹۴۴+0330 [ERROR] [org.gradle.internal.buildevents.BuildExceptionReporter] 	at org.gradle.launcher.daemon.server.exec.EstablishBuildEnvironment.doBuild(EstablishBuildEnvironment.java:84)
۲۰۲۵-۰۵-۲۱T۱۱:۱۳:۲۴.۹۴۴+0330 [ERROR] [org.gradle.internal.buildevents.BuildExceptionReporter] 	at org.gradle.launcher.daemon.server.exec.BuildCommandOnly.execute(BuildCommandOnly.java:37)
۲۰۲۵-۰۵-۲۱T۱۱:۱۳:۲۴.۹۸۵+0330 [ERROR] [org.gradle.internal.buildevents.BuildExceptionReporter] 	at org.gradle.launcher.daemon.server.api.DaemonCommandExecution.proceed(DaemonCommandExecution.java:104)
۲۰۲۵-۰۵-۲۱T۱۱:۱۳:۲۴.۹۸۵+0330 [ERROR] [org.gradle.internal.buildevents.BuildExceptionReporter] 	at org.gradle.launcher.daemon.server.exec.StartBuildOrRespondWithBusy$1.run(StartBuildOrRespondWithBusy.java:52)
۲۰۲۵-۰۵-۲۱T۱۱:۱۳:۲۴.۹۸۵+0330 [ERROR] [org.gradle.internal.buildevents.BuildExceptionReporter] 	at org.gradle.launcher.daemon.server.DaemonStateCoordinator$1.run(DaemonStateCoordinator.java:297)
۲۰۲۵-۰۵-۲۱T۱۱:۱۳:۲۴.۹۸۵+0330 [ERROR] [org.gradle.internal.buildevents.BuildExceptionReporter] 	at org.gradle.internal.concurrent.ExecutorPolicy$CatchAndRecordFailures.onExecute(ExecutorPolicy.java:64)
۲۰۲۵-۰۵-۲۱T۱۱:۱۳:۲۴.۹۸۵+0330 [ERROR] [org.gradle.internal.buildevents.BuildExceptionReporter] 	at org.gradle.internal.concurrent.ManagedExecutorImpl$1.run(ManagedExecutorImpl.java:48)
۲۰۲۵-۰۵-۲۱T۱۱:۱۳:۲۴.۹۸۵+0330 [ERROR] [org.gradle.internal.buildevents.BuildExceptionReporter] 	at java.base/java.util.concurrent.ThreadPoolExecutor.runWorker(Unknown Source)
۲۰۲۵-۰۵-۲۱T۱۱:۱۳:۲۴.۹۸۵+0330 [ERROR] [org.gradle.internal.buildevents.BuildExceptionReporter] 	at java.base/java.util.concurrent.ThreadPoolExecutor$Worker.run(Unknown Source)
۲۰۲۵-۰۵-۲۱T۱۱:۱۳:۲۴.۹۸۵+0330 [ERROR] [org.gradle.internal.buildevents.BuildExceptionReporter] 	at org.gradle.internal.concurrent.ThreadFactoryImpl$ManagedThreadRunnable.run(ThreadFactoryImpl.java:61)
۲۰۲۵-۰۵-۲۱T۱۱:۱۳:۲۴.۹۸۵+0330 [ERROR] [org.gradle.internal.buildevents.BuildExceptionReporter] 	at java.base/java.lang.Thread.run(Unknown Source)
۲۰۲۵-۰۵-۲۱T۱۱:۱۳:۲۴.۹۸۶+0330 [ERROR] [org.gradle.internal.buildevents.BuildExceptionReporter] 
۲۰۲۵-۰۵-۲۱T۱۱:۱۳:۲۴.۹۸۶+0330 [ERROR] [org.gradle.internal.buildevents.BuildExceptionReporter] 1 error
۲۰۲۵-۰۵-۲۱T۱۱:۱۳:۲۴.۹۸۶+0330 [ERROR] [org.gradle.internal.buildevents.BuildExceptionReporter] 
۲۰۲۵-۰۵-۲۱T۱۱:۱۳:۲۴.۹۸۶+0330 [ERROR] [org.gradle.internal.buildevents.BuildExceptionReporter] 	at org.gradle.groovy.scripts.internal.DefaultScriptCompilationHandler.compileScript(DefaultScriptCompilationHandler.java:139)
۲۰۲۵-۰۵-۲۱T۱۱:۱۳:۲۴.۹۸۶+0330 [ERROR] [org.gradle.internal.buildevents.BuildExceptionReporter] 	... 199 more
۲۰۲۵-۰۵-۲۱T۱۱:۱۳:۲۴.۹۸۶+0330 [ERROR] [org.gradle.internal.buildevents.BuildExceptionReporter] 
۲۰۲۵-۰۵-۲۱T۱۱:۱۳:۲۴.۹۸۶+0330 [ERROR] [org.gradle.internal.buildevents.BuildExceptionReporter] 
۲۰۲۵-۰۵-۲۱T۱۱:۱۳:۲۴.۹۸۶+0330 [ERROR] [org.gradle.internal.buildevents.BuildExceptionReporter] * Get more help at https://help.gradle.org
۲۰۲۵-۰۵-۲۱T۱۱:۱۳:۲۴.۹۸۶+0330 [ERROR] [org.gradle.internal.buildevents.BuildResultLogger] 
۲۰۲۵-۰۵-۲۱T۱۱:۱۳:۲۴.۹۸۶+0330 [ERROR] [org.gradle.internal.buildevents.BuildResultLogger] CONFIGURE FAILED in 521ms
۲۰۲۵-۰۵-۲۱T۱۱:۱۳:۲۴.۹۸۷+0330 [DEBUG] [org.gradle.internal.operations.DefaultBuildOperationRunner] Build operation 'Build finished for file system watching' started
۲۰۲۵-۰۵-۲۱T۱۱:۱۳:۲۴.۹۸۸+0330 [DEBUG] [org.gradle.internal.watch.vfs.impl.DefaultWatchableFileSystemDetector] Detected NTFS: C:\ from \Device\HarddiskVolume4 (remote: false)
۲۰۲۵-۰۵-۲۱T۱۱:۱۳:۲۴.۹۸۸+0330 [DEBUG] [org.gradle.internal.watch.vfs.impl.DefaultWatchableFileSystemDetector] Detected NTFS: D:\ from \Device\HarddiskVolume3 (remote: false)
۲۰۲۵-۰۵-۲۱T۱۱:۱۳:۲۴.۹۸۸+0330 [INFO] [org.gradle.internal.watch.registry.impl.HierarchicalFileWatcherUpdater] Watched directory hierarchies: []
۲۰۲۵-۰۵-۲۱T۱۱:۱۳:۲۴.۹۸۹+0330 [DEBUG] [org.gradle.internal.operations.DefaultBuildOperationRunner] Completing Build operation 'Build finished for file system watching'
۲۰۲۵-۰۵-۲۱T۱۱:۱۳:۲۴.۹۸۹+0330 [DEBUG] [org.gradle.internal.operations.DefaultBuildOperationRunner] Build operation 'Build finished for file system watching' completed
۲۰۲۵-۰۵-۲۱T۱۱:۱۳:۲۵.۰۱۲+0330 [DEBUG] [org.gradle.cache.internal.LockOnDemandCrossProcessCacheAccess] Releasing file lock for cache directory md-supplier (C:\Users\R-s\.gradle\caches\7.3.3\md-supplier)
۲۰۲۵-۰۵-۲۱T۱۱:۱۳:۲۵.۰۱۳+0330 [DEBUG] [org.gradle.cache.internal.DefaultFileLockManager] Releasing lock on cache directory md-supplier (C:\Users\R-s\.gradle\caches\7.3.3\md-supplier).
۲۰۲۵-۰۵-۲۱T۱۱:۱۳:۲۵.۰۱۴+0330 [DEBUG] [org.gradle.cache.internal.LockOnDemandCrossProcessCacheAccess] Releasing file lock for cache directory md-rule (C:\Users\R-s\.gradle\caches\7.3.3\md-rule)
۲۰۲۵-۰۵-۲۱T۱۱:۱۳:۲۵.۰۱۴+0330 [DEBUG] [org.gradle.cache.internal.DefaultFileLockManager] Releasing lock on cache directory md-rule (C:\Users\R-s\.gradle\caches\7.3.3\md-rule).
۲۰۲۵-۰۵-۲۱T۱۱:۱۳:۲۵.۰۱۷+0330 [DEBUG] [org.gradle.api.internal.artifacts.ivyservice.resolveengine.store.ResolutionResultsStoreFactory] Deleted 0 resolution results binary files in 0.0 secs
۲۰۲۵-۰۵-۲۱T۱۱:۱۳:۲۵.۰۱۹+0330 [DEBUG] [org.gradle.internal.operations.DefaultBuildOperationRunner] Completing Build operation 'Run build'
۲۰۲۵-۰۵-۲۱T۱۱:۱۳:۲۵.۰۱۹+0330 [DEBUG] [org.gradle.internal.operations.DefaultBuildOperationRunner] Build operation 'Run build' completed
۲۰۲۵-۰۵-۲۱T۱۱:۱۳:۲۵.۰۱۹+0330 [DEBUG] [org.gradle.internal.work.DefaultWorkerLeaseService] Worker lease root.1 completed (0 worker(s) in use)
۲۰۲۵-۰۵-۲۱T۱۱:۱۳:۲۵.۰۲۰+0330 [DEBUG] [org.gradle.internal.resources.AbstractTrackedResourceLock] Daemon worker: released lock on root.1
۲۰۲۵-۰۵-۲۱T۱۱:۱۳:۲۵.۰۳۷+0330 [DEBUG] [org.gradle.deployment.internal.DefaultDeploymentRegistry] Stopping 0 deployment handles
۲۰۲۵-۰۵-۲۱T۱۱:۱۳:۲۵.۰۳۸+0330 [DEBUG] [org.gradle.deployment.internal.DefaultDeploymentRegistry] Stopped deployment handles
۲۰۲۵-۰۵-۲۱T۱۱:۱۳:۲۵.۰۴۲+0330 [DEBUG] [org.gradle.cache.internal.LockOnDemandCrossProcessCacheAccess] Releasing file lock for checksums cache (C:\Users\R-s\StudioProjects\HiddifyAndroidRefactor\.gradle\7.3.3\checksums)
۲۰۲۵-۰۵-۲۱T۱۱:۱۳:۲۵.۰۴۲+0330 [DEBUG] [org.gradle.cache.internal.DefaultFileLockManager] Releasing lock on checksums cache (C:\Users\R-s\StudioProjects\HiddifyAndroidRefactor\.gradle\7.3.3\checksums).
۲۰۲۵-۰۵-۲۱T۱۱:۱۳:۲۵.۰۶۱+0330 [DEBUG] [org.gradle.cache.internal.LockOnDemandCrossProcessCacheAccess] Releasing file lock for file hash cache (C:\Users\R-s\StudioProjects\HiddifyAndroidRefactor\.gradle\7.3.3\fileHashes)
۲۰۲۵-۰۵-۲۱T۱۱:۱۳:۲۵.۰۶۱+0330 [DEBUG] [org.gradle.cache.internal.DefaultFileLockManager] Releasing lock on file hash cache (C:\Users\R-s\StudioProjects\HiddifyAndroidRefactor\.gradle\7.3.3\fileHashes).
۲۰۲۵-۰۵-۲۱T۱۱:۱۳:۲۵.۰۶۳+0330 [DEBUG] [org.gradle.cache.internal.DefaultPersistentDirectoryStore] VCS Checkout Cache (C:\Users\R-s\StudioProjects\HiddifyAndroidRefactor\.gradle\vcs-1) has last been fully cleaned up 0 hours ago
۲۰۲۵-۰۵-۲۱T۱۱:۱۳:۲۵.۰۶۴+0330 [DEBUG] [org.gradle.cache.internal.DefaultCacheAccess] Cache VCS Checkout Cache (C:\Users\R-s\StudioProjects\HiddifyAndroidRefactor\.gradle\vcs-1) was closed 0 times.
۲۰۲۵-۰۵-۲۱T۱۱:۱۳:۲۵.۰۶۴+0330 [DEBUG] [org.gradle.cache.internal.DefaultCacheAccess] Cache VCS metadata (C:\Users\R-s\StudioProjects\HiddifyAndroidRefactor\.gradle\7.3.3\vcsMetadata) was closed 0 times.
۲۰۲۵-۰۵-۲۱T۱۱:۱۳:۲۵.۰۸۷+0330 [DEBUG] [org.gradle.launcher.daemon.server.exec.ExecuteBuild] The daemon has finished executing the build.
